生成启动时间为 2012/7/3 22:53:20。
开始生成时的环境:
MSBuildExtensionsPath32 = D:\Program Files\MSBuild
MSBuildExtensionsPath = D:\Program Files\MSBuild
LOCALAPPDATA = D:\Users\jacky\AppData\Local
ALLUSERSPROFILE = D:\ProgramData
APPDATA = D:\Users\jacky\AppData\Roaming
CLASSPATH = .;D:\Program Files\Java\jre6\lib\ext\QTJava.zip
CommonProgramFiles = D:\Program Files\Common Files
COMPUTERNAME = JACKY-HOME
ComSpec = D:\Windows\system32\cmd.exe
CYGWIN = ntsec tty
FP_NO_HOST_CHECK = NO
GTK_BASEPATH = C:\gtk
HOMEDRIVE = D:
HOMEPATH = \Users\jacky
INCLUDE = D:\Program Files\Intel\IPP\5.1\ia32\include;C:\GTK\INCLUDE;C:\GTK\INCLUDE\GTK-2.0;C:\GTK\INCLUDE\GLIB-2.0;C:\GTK\INCLUDE\PANGO-1.0;C:\GTK\INCLUDE\CAIRO;C:\GTK\INCLUDE\ATK-1.0;C:\GTK\INCLUDE\GTKGLEXT-1.0;C:\GTK\LIB\GTK-2.0\INCLUDE;C:\GTK\LIB\GLIB-2.0\INCLUDE;C:\GTK\LIB\GTKGLEXT-1.0\INCLUDE;C:\GTK\INCLUDE\LIBGLADE-2.0;C:\GTK\INCLUDE\LIBXML2;
INTEL_LICENSE_FILE = D:\Program Files\Common Files\Intel\Licenses
LANG = zh_CN
LIB = D:\Program Files\Intel\IPP\5.1\ia32\lib;D:\Program Files\Intel\IPP\5.1\ia32\stublib;C:\GTK\LIB;
LOGONSERVER = \\JACKY-HOME
NUMBER_OF_PROCESSORS = 2
OS = Windows_NT
Path = D:\Program Files\Common Files\Microsoft Shared\Windows Live;D:\Program Files\Intel\IPP\5.1\ia32\bin;C:\gtk\bin;D:\Windows\system32;D:\Windows;D:\Windows\System32\Wbem;D:\Windows\System32\WindowsPowerShell\v1.0\;D:\Program Files\Windows Live\Shared;d:\qt\4.8.0\\bin;D:\Program Files\Microsoft SQL Server\100\Tools\Binn\;D:\Program Files\Microsoft SQL Server\100\DTS\Binn\;D:\Program Files\Microsoft SQL Server\100\Tools\Binn\VSShell\Common7\IDE\;D:\Program Files\Microsoft Visual Studio 9.0\Common7\IDE\PrivateAssemblies\;D:\Program Files\QuickTime\QTSystem\;D:\Program Files\TortoiseSVN\bin
PATHEXT = .COM;.EXE;.BAT;.CMD;.VBS;.VBE;.JS;.JSE;.WSF;.WSH;.MSC
PROCESSOR_ARCHITECTURE = x86
PROCESSOR_IDENTIFIER = x86 Family 6 Model 14 Stepping 12, GenuineIntel
PROCESSOR_LEVEL = 6
PROCESSOR_REVISION = 0e0c
ProgramData = D:\ProgramData
ProgramFiles = D:\Program Files
PSModulePath = D:\Windows\system32\WindowsPowerShell\v1.0\Modules\
PUBLIC = D:\Users\Public
QTDIR = d:\qt\4.8.0\
QTJAVA = D:\Program Files\Java\jre6\lib\ext\QTJava.zip
SESSIONNAME = Console
SystemDrive = D:
SystemRoot = D:\Windows
TEMP = D:\Users\jacky\AppData\Local\Temp
TMP = D:\Users\jacky\AppData\Local\Temp
USERDOMAIN = jacky-home
USERNAME = jacky
USERPROFILE = D:\Users\jacky
VBOX_INSTALL_PATH = D:\Program Files\Oracle\VirtualBox\
VisualStudioDir = D:\Users\jacky\Documents\Visual Studio 2010
VS100COMNTOOLS = D:\Program Files\Microsoft Visual Studio 10.0\Common7\Tools\
windir = D:\Windows
YASMPATH = D:\Program Files\Microsoft Visual Studio 10.0\VC\bin\

22:53:20.953     1>项目“E:\linphone-vc++\trunk\videos\vpx-vp8-debug-src-x86-win32mt-vs9-v1.1.0\vs2010\obj_int_extract.vcxproj”在节点 2 上(build 个目标)。
22:53:20.953     1>正在使用工具版本“4.0”进行生成。
22:53:20.953     1>来自项目“E:\linphone-vc++\trunk\videos\vpx-vp8-debug-src-x86-win32mt-vs9-v1.1.0\vs2010\obj_int_extract.vcxproj”的文件“D:\Windows\Microsoft.NET\Framework\v4.0.30319\Microsoft.Common.Targets”中的目标“_CheckForInvalidConfigurationAndPlatform: (目标 ID: 2)”(入口点):
                   由于 false 条件，已跳过任务“Error”；( '$(_InvalidConfigurationError)' == 'true' )计算为( '' == 'true' )。
                   由于 false 条件，已跳过任务“Warning”；( '$(_InvalidConfigurationWarning)' == 'true' )计算为( '' == 'true' )。
                   正在使用程序集“Microsoft.Build.Tasks.v4.0, Version=4.0.0.0, Culture=neutral, PublicKeyToken=b03f5f7f11d50a3a”中的“Message”任务。
                   任务“Message” (任务 ID: 2)
                     Configuration=Debug (任务 ID: 2)
                   已完成执行任务“Message”的操作。 (任务 ID: 2)
                   任务“Message” (任务 ID: 3)
                     Platform=Win32 (任务 ID: 3)
                   已完成执行任务“Message”的操作。 (任务 ID: 3)
                   由于 false 条件，已跳过任务“Error”；('$(OutDir)' != '' and !HasTrailingSlash('$(OutDir)'))计算为('E:\linphone-vc++\trunk\videos\vpx-vp8-debug-src-x86-win32mt-vs9-v1.1.0\vs2010\Win32\Debug\' != '' and !HasTrailingSlash('E:\linphone-vc++\trunk\videos\vpx-vp8-debug-src-x86-win32mt-vs9-v1.1.0\vs2010\Win32\Debug\'))。
                   由于 false 条件，已跳过任务“Error”；('$(BaseIntermediateOutputPath)' != '' and !HasTrailingSlash('$(BaseIntermediateOutputPath)'))计算为('obj\' != '' and !HasTrailingSlash('obj\'))。
                   由于 false 条件，已跳过任务“Error”；('$(IntermediateOutputPath)' != '' and !HasTrailingSlash('$(IntermediateOutputPath)'))计算为('Win32\Debug\obj_int_extract\' != '' and !HasTrailingSlash('Win32\Debug\obj_int_extract\'))。
22:53:20.975     1>已完成在项目“obj_int_extract.vcxproj”中生成目标“_CheckForInvalidConfigurationAndPlatform”的操作。: (目标 ID: 2)
22:53:20.975     1>来自项目“E:\linphone-vc++\trunk\videos\vpx-vp8-debug-src-x86-win32mt-vs9-v1.1.0\vs2010\obj_int_extract.vcxproj”的文件“D:\Program Files\MSBuild\Microsoft.Cpp\v4.0\Microsoft.CppBuild.targets”中的目标“_DetermineManagedStateFromCL: (目标 ID: 3)”(目标“Build”依赖于它):
22:53:20.976     1>已完成在项目“obj_int_extract.vcxproj”中生成目标“_DetermineManagedStateFromCL”的操作。: (目标 ID: 3)
22:53:20.976     1>来自项目“E:\linphone-vc++\trunk\videos\vpx-vp8-debug-src-x86-win32mt-vs9-v1.1.0\vs2010\obj_int_extract.vcxproj”的文件“D:\Program Files\MSBuild\Microsoft.Cpp\v4.0\Microsoft.BuildSteps.Targets”中的目标“_PrepareForBuild: (目标 ID: 4)”(目标“Build”依赖于它):
22:53:20.979     1>已完成在项目“obj_int_extract.vcxproj”中生成目标“_PrepareForBuild”的操作。: (目标 ID: 4)
22:53:20.979     1>来自项目“E:\linphone-vc++\trunk\videos\vpx-vp8-debug-src-x86-win32mt-vs9-v1.1.0\vs2010\obj_int_extract.vcxproj”的文件“D:\Program Files\MSBuild\Microsoft.Cpp\v4.0\Microsoft.Cpp.targets”中的目标“SetBuildDefaultEnvironmentVariables: (目标 ID: 5)”(目标“Build”依赖于它):
                   正在使用程序集“Microsoft.Build.CppTasks.Common, Version=4.0.0.0, Culture=neutral, PublicKeyToken=b03f5f7f11d50a3a”中的“SetEnv”任务。
                   任务“SetEnv” (任务 ID: 4)
                     PATH=D:\Program Files\Microsoft Visual Studio 10.0\VC\bin;D:\Program Files\Microsoft SDKs\Windows\v7.0A\bin\NETFX 4.0 Tools;D:\Program Files\Microsoft SDKs\Windows\v7.0A\bin;D:\Program Files\Microsoft Visual Studio 10.0\Common7\Tools\bin;D:\Program Files\Microsoft Visual Studio 10.0\Common7\tools;D:\Program Files\Microsoft Visual Studio 10.0\Common7\ide;D:\Program Files\HTML Help Workshop;D:\Program Files\Microsoft SDKs\Windows\v7.0A\\bin;D:\Windows\Microsoft.NET\Framework\v4.0.30319\;D:\Program Files\Microsoft Visual Studio 10.0\;D:\Windows\SysWow64;;D:\Program Files\Common Files\Microsoft Shared\Windows Live;D:\Program Files\Intel\IPP\5.1\ia32\bin;C:\gtk\bin;D:\Windows\system32;D:\Windows;D:\Windows\System32\Wbem;D:\Windows\System32\WindowsPowerShell\v1.0\;D:\Program Files\Windows Live\Shared;d:\qt\4.8.0\\bin;D:\Program Files\Microsoft SQL Server\100\Tools\Binn\;D:\Program Files\Microsoft SQL Server\100\DTS\Binn\;D:\Program Files\Microsoft SQL Server\100\Tools\Binn\VSShell\Common7\IDE\;D:\Program Files\Microsoft Visual Studio 9.0\Common7\IDE\PrivateAssemblies\;D:\Program Files\QuickTime\QTSystem\;D:\Program Files\TortoiseSVN\bin; (任务 ID: 4)
                   已完成执行任务“SetEnv”的操作。 (任务 ID: 4)
                   由于 false 条件，已跳过任务“SetEnv”；('$(_IsNativeEnvironment)' == 'true')计算为('' == 'true')。
                   任务“SetEnv” (任务 ID: 5)
                     LIB=D:\Program Files\Microsoft Visual Studio 10.0\VC\lib;D:\Program Files\Microsoft Visual Studio 10.0\VC\atlmfc\lib;D:\Program Files\Microsoft SDKs\Windows\v7.0A\lib;D:\Program Files\Microsoft SDKs\Windows\v7.0A\\lib (任务 ID: 5)
                   已完成执行任务“SetEnv”的操作。 (任务 ID: 5)
                   任务“SetEnv” (任务 ID: 6)
                     LIBPATH=D:\Program Files\Microsoft Visual Studio 10.0\VC\atlmfc\lib;D:\Program Files\Microsoft Visual Studio 10.0\VC\lib (任务 ID: 6)
                   已完成执行任务“SetEnv”的操作。 (任务 ID: 6)
                   任务“SetEnv” (任务 ID: 7)
                     INCLUDE=D:\Program Files\Microsoft Visual Studio 10.0\VC\include;D:\Program Files\Microsoft Visual Studio 10.0\VC\atlmfc\include;D:\Program Files\Microsoft SDKs\Windows\v7.0A\include;D:\Program Files\Microsoft SDKs\Windows\v7.0A\\include; (任务 ID: 7)
                   已完成执行任务“SetEnv”的操作。 (任务 ID: 7)
22:53:21.001     1>已完成在项目“obj_int_extract.vcxproj”中生成目标“SetBuildDefaultEnvironmentVariables”的操作。: (目标 ID: 5)
                   由于条件的计算结果为 false，已跳过目标“SetUserMacroEnvironmentVariables”；('@(BuildMacro)' != '')的计算结果为('' != '')。
22:53:21.001     1>来自项目“E:\linphone-vc++\trunk\videos\vpx-vp8-debug-src-x86-win32mt-vs9-v1.1.0\vs2010\obj_int_extract.vcxproj”的文件“D:\Windows\Microsoft.NET\Framework\v4.0.30319\Microsoft.Common.Targets”中的目标“BeforeResolveReferences: (目标 ID: 6)”(目标“ResolveReferences”依赖于它):
22:53:21.001     1>已完成在项目“obj_int_extract.vcxproj”中生成目标“BeforeResolveReferences”的操作。: (目标 ID: 6)
                   由于条件的计算结果为 false，已跳过目标“AssignProjectConfiguration”；('@(ProjectReference)'!='')的计算结果为(''!='')。
                   由于条件的计算结果为 false，已跳过目标“AssignProjectConfiguration”；('@(ProjectReference)'!='')的计算结果为(''!='')。
22:53:21.001     1>来自项目“E:\linphone-vc++\trunk\videos\vpx-vp8-debug-src-x86-win32mt-vs9-v1.1.0\vs2010\obj_int_extract.vcxproj”的文件“D:\Windows\Microsoft.NET\Framework\v4.0.30319\Microsoft.Common.Targets”中的目标“_SplitProjectReferencesByFileExistence: (目标 ID: 7)”(目标“ResolveProjectReferences”依赖于它):
                   由于 false 条件，已跳过任务“ResolveNonMSBuildProjectOutput”；('$(BuildingInsideVisualStudio)'=='true' and '@(ProjectReferenceWithConfiguration)'!='')计算为('true'=='true' and ''!='')。
22:53:21.002     1>已完成在项目“obj_int_extract.vcxproj”中生成目标“_SplitProjectReferencesByFileExistence”的操作。: (目标 ID: 7)
                   由于条件的计算结果为 false，已跳过目标“_RemoveNameMetadataFromProjectReferenceItems”；('@(ProjectReference)'!='')的计算结果为(''!='')。
22:53:21.002     1>来自项目“E:\linphone-vc++\trunk\videos\vpx-vp8-debug-src-x86-win32mt-vs9-v1.1.0\vs2010\obj_int_extract.vcxproj”的文件“D:\Windows\Microsoft.NET\Framework\v4.0.30319\Microsoft.Common.Targets”中的目标“ResolveProjectReferences: (目标 ID: 8)”(目标“ResolveReferences”依赖于它):
                   由于 false 条件，已跳过任务“MSBuild”；('%(_MSBuildProjectReferenceExistent.BuildReference)' == 'true' and '@(ProjectReferenceWithConfiguration)' != '' and ('$(BuildingInsideVisualStudio)' == 'true' or '$(BuildProjectReferences)' != 'true') and '@(_MSBuildProjectReferenceExistent)' != '')计算为('' == 'true' and '' != '' and ('true' == 'true' or 'true' != 'true') and '' != '')。
                   由于 false 条件，已跳过任务“MSBuild”；('%(_MSBuildProjectReferenceExistent.BuildReference)' == 'true' and '@(ProjectReferenceWithConfiguration)' != '' and '$(BuildingInsideVisualStudio)' != 'true' and '$(BuildProjectReferences)' == 'true' and '@(_MSBuildProjectReferenceExistent)' != '')计算为('' == 'true' and '' != '' and 'true' != 'true' and 'true' == 'true' and '' != '')。
                   由于 false 条件，已跳过任务“MSBuild”；('%(_MSBuildProjectReferenceExistent.BuildReference)' == 'true' and '@(ProjectReferenceWithConfiguration)' != '' and '$(BuildingProject)' == 'true' and '@(_MSBuildProjectReferenceExistent)' != '')计算为('' == 'true' and '' != '' and 'true' == 'true' and '' != '')。
                   由于 false 条件，已跳过任务“Warning”；('@(ProjectReferenceWithConfiguration)' != '' and '@(_MSBuildProjectReferenceNonexistent)' != '')计算为('' != '' and '' != '')。
22:53:21.007     1>已完成在项目“obj_int_extract.vcxproj”中生成目标“ResolveProjectReferences”的操作。: (目标 ID: 8)
                   由于条件的计算结果为 false，已跳过目标“ResolveNativeReferences”；('@(NativeReference)'!='')的计算结果为(''!='')。
                   由于条件的计算结果为 false，已跳过目标“ResolveAssemblyReferences”；('@(Reference)'!='' or '@(_ResolvedProjectReferencePaths)'!='' or '@(_ExplicitReference)' != '')的计算结果为(''!='' or ''!='' or '' != '')。
                   由于条件的计算结果为 false，已跳过目标“ResolveComReferences”；('@(COMReference)'!='' or '@(COMFileReference)'!='')的计算结果为(''!='' or ''!='')。
22:53:21.007     1>来自项目“E:\linphone-vc++\trunk\videos\vpx-vp8-debug-src-x86-win32mt-vs9-v1.1.0\vs2010\obj_int_extract.vcxproj”的文件“D:\Windows\Microsoft.NET\Framework\v4.0.30319\Microsoft.Common.Targets”中的目标“AfterResolveReferences: (目标 ID: 9)”(目标“ResolveReferences”依赖于它):
22:53:21.007     1>已完成在项目“obj_int_extract.vcxproj”中生成目标“AfterResolveReferences”的操作。: (目标 ID: 9)
                   由于条件的计算结果为 false，已跳过目标“ResolveTestReferences”；('@(Shadow)'!='')的计算结果为(''!='')。
22:53:21.007     1>来自项目“E:\linphone-vc++\trunk\videos\vpx-vp8-debug-src-x86-win32mt-vs9-v1.1.0\vs2010\obj_int_extract.vcxproj”的文件“D:\Windows\Microsoft.NET\Framework\v4.0.30319\Microsoft.Common.Targets”中的目标“ResolveReferences: (目标 ID: 10)”(目标“Build”依赖于它):
22:53:21.007     1>已完成在项目“obj_int_extract.vcxproj”中生成目标“ResolveReferences”的操作。: (目标 ID: 10)
22:53:21.007     1>来自项目“E:\linphone-vc++\trunk\videos\vpx-vp8-debug-src-x86-win32mt-vs9-v1.1.0\vs2010\obj_int_extract.vcxproj”的文件“D:\Program Files\MSBuild\Microsoft.Cpp\v4.0\Platforms\Win32\Microsoft.Cpp.Win32.Targets”中的目标“PlatformPrepareForBuild: (目标 ID: 11)”(目标“PrepareForBuild”依赖于它):
                   由于 false 条件，已跳过任务“VCMessage”；(!(exists('$(VCTargetsPath)\Platforms\Win32\PlatformToolsets\$(PlatformToolset)\Microsoft.Cpp.Win32.$(PlatformToolset).targets')))计算为(!(exists('D:\Program Files\MSBuild\Microsoft.Cpp\v4.0\\Platforms\Win32\PlatformToolsets\v100\Microsoft.Cpp.Win32.v100.targets')))。
22:53:21.008     1>已完成在项目“obj_int_extract.vcxproj”中生成目标“PlatformPrepareForBuild”的操作。: (目标 ID: 11)
22:53:21.008     1>来自项目“E:\linphone-vc++\trunk\videos\vpx-vp8-debug-src-x86-win32mt-vs9-v1.1.0\vs2010\obj_int_extract.vcxproj”的文件“D:\Windows\Microsoft.NET\Framework\v4.0.30319\Microsoft.NETFramework.targets”中的目标“GetFrameworkPaths: (目标 ID: 12)”(目标“PrepareForBuild”依赖于它):
22:53:21.008     1>已完成在项目“obj_int_extract.vcxproj”中生成目标“GetFrameworkPaths”的操作。: (目标 ID: 12)
                   由于条件的计算结果为 false，已跳过目标“GetWinFXPath”；(('@(Page)' != '' or '@(ApplicationDefinition)' != '' or '@(Resource)' != '') and ('$(GetWinFXNativePath)' != '' or '$(GetWinFXWoWPath)' != '' ))的计算结果为(('' != '' or '' != '' or '' != '') and ('' != '' or '' != '' ))。
22:53:21.008     1>来自项目“E:\linphone-vc++\trunk\videos\vpx-vp8-debug-src-x86-win32mt-vs9-v1.1.0\vs2010\obj_int_extract.vcxproj”的文件“D:\Windows\Microsoft.NET\Framework\v4.0.30319\Microsoft.Common.Targets”中的目标“GetReferenceAssemblyPaths: (目标 ID: 13)”(目标“PrepareForBuild”依赖于它):
                   由于 false 条件，已跳过任务“GetReferenceAssemblyPaths”；('$(TargetFrameworkMoniker)' != '' and ('$(_TargetFrameworkDirectories)' == '' or '$(_FullFrameworkReferenceAssemblyPaths)' == ''))计算为('.NETFramework,Version=v4.0' != '' and ('D:\Program Files\Reference Assemblies\Microsoft\Framework\.NETFramework\v4.0' == '' or 'D:\Program Files\Reference Assemblies\Microsoft\Framework\.NETFramework\v4.0' == ''))。
22:53:21.009     1>已完成在项目“obj_int_extract.vcxproj”中生成目标“GetReferenceAssemblyPaths”的操作。: (目标 ID: 13)
22:53:21.009     1>来自项目“E:\linphone-vc++\trunk\videos\vpx-vp8-debug-src-x86-win32mt-vs9-v1.1.0\vs2010\obj_int_extract.vcxproj”的文件“D:\Program Files\MSBuild\Microsoft.Cpp\v4.0\Microsoft.CppBuild.targets”中的目标“PrepareForBuild: (目标 ID: 14)”(目标“Build”依赖于它):
                   由于 false 条件，已跳过任务“VCMessage”；('$(DesignTimeBuild)'!='true' and '$(ConfigurationPlatformExists)' != 'true')计算为(''!='true' and 'true' != 'true')。
                   正在使用程序集“Microsoft.Build.Tasks.v4.0, Version=4.0.0.0, Culture=neutral, PublicKeyToken=b03f5f7f11d50a3a”中的“MakeDir”任务。
                   任务“MakeDir” (任务 ID: 8)
                   已完成执行任务“MakeDir”的操作。 (任务 ID: 8)
                   由于 false 条件，已跳过任务“VCMessage”；('$(DesignTimeBuild)'!='true' and '$(VCInstallDir)'=='' and '$(UseEnv)' != 'true' and ($(TargetFrameworkVersion)=='v3.5' or $(TargetFrameworkVersion)=='v3.0' or $(TargetFrameworkVersion)=='v2.0' ))计算为(''!='true' and 'D:\Program Files\Microsoft Visual Studio 10.0\VC\'=='' and '' != 'true' and (v4.0=='v3.5' or v4.0=='v3.0' or v4.0=='v2.0' ))。
                   由于 false 条件，已跳过任务“VCMessage”；('$(DesignTimeBuild)'!='true' and '$(VCInstallDir)'=='' and '$(UseEnv)' != 'true' and '$(PlatformToolset)'=='v90')计算为(''!='true' and 'D:\Program Files\Microsoft Visual Studio 10.0\VC\'=='' and '' != 'true' and 'v100'=='v90')。
                   由于 false 条件，已跳过任务“VCMessage”；('$(VCInstallDir)'=='' and '$(UseEnv)' != 'true')计算为('D:\Program Files\Microsoft Visual Studio 10.0\VC\'=='' and '' != 'true')。
                   由于 false 条件，已跳过任务“VCMessage”；('$(WindowsSDKDir)'=='' and '$(UseEnv)' != 'true')计算为('D:\Program Files\Microsoft SDKs\Windows\v7.0A\'=='' and '' != 'true')。
                   由于 false 条件，已跳过任务“VCMessage”；('$(IntDirTrailingSlashWarning)'=='true')计算为(''=='true')。
                   由于 false 条件，已跳过任务“VCMessage”；('$(OutDirTrailingSlashWarning)'=='true')计算为(''=='true')。
                   任务“MakeDir” (任务 ID: 9)
                   已完成执行任务“MakeDir”的操作。 (任务 ID: 9)
22:53:21.010     1>已完成在项目“obj_int_extract.vcxproj”中生成目标“PrepareForBuild”的操作。: (目标 ID: 14)
                   已跳过目标“PrepareForBuild”。以前的生成已成功。
22:53:21.010     1>来自项目“E:\linphone-vc++\trunk\videos\vpx-vp8-debug-src-x86-win32mt-vs9-v1.1.0\vs2010\obj_int_extract.vcxproj”的文件“D:\Program Files\MSBuild\Microsoft.Cpp\v4.0\Microsoft.CppBuild.targets”中的目标“InitializeBuildStatus: (目标 ID: 15)”(目标“Build”依赖于它):
                   正在使用程序集“Microsoft.Build.Tasks.v4.0, Version=4.0.0.0, Culture=neutral, PublicKeyToken=b03f5f7f11d50a3a”中的“ReadLinesFromFile”任务。
                   任务“ReadLinesFromFile” (任务 ID: 10)
                   已完成执行任务“ReadLinesFromFile”的操作。 (任务 ID: 10)
                   正在使用程序集“Microsoft.Build.Tasks.v4.0, Version=4.0.0.0, Culture=neutral, PublicKeyToken=b03f5f7f11d50a3a”中的“WriteLinesToFile”任务。
                   任务“WriteLinesToFile” (任务 ID: 11)
                   已完成执行任务“WriteLinesToFile”的操作。 (任务 ID: 11)
                   正在使用程序集“Microsoft.Build.Tasks.v4.0, Version=4.0.0.0, Culture=neutral, PublicKeyToken=b03f5f7f11d50a3a”中的“Touch”任务。
                   任务“Touch” (任务 ID: 12)
                     正在创建“Win32\Debug\obj_int_extract\obj_int_extract.unsuccessfulbuild”，因为已指定“AlwaysCreate”。 (任务 ID: 12)
                   已完成执行任务“Touch”的操作。 (任务 ID: 12)
22:53:21.019     1>已完成在项目“obj_int_extract.vcxproj”中生成目标“InitializeBuildStatus”的操作。: (目标 ID: 15)
                   由于条件的计算结果为 false，已跳过目标“AssignProjectConfiguration”；('@(ProjectReference)'!='')的计算结果为(''!='')。
                   已跳过目标“_SplitProjectReferencesByFileExistence”。以前的生成已成功。
22:53:21.019     1>来自项目“E:\linphone-vc++\trunk\videos\vpx-vp8-debug-src-x86-win32mt-vs9-v1.1.0\vs2010\obj_int_extract.vcxproj”的文件“D:\Windows\Microsoft.NET\Framework\v4.0.30319\Microsoft.Common.Targets”中的目标“BuildGenerateSourcesTraverse: (目标 ID: 16)”(目标“BuildGenerateSources”依赖于它):
                   由于 false 条件，已跳过任务“MSBuild”；('$(BuildPassReferences)' == 'true' and '@(ProjectReferenceWithConfiguration)' != '' and '@(_MSBuildProjectReferenceExistent)' != '' and '%(_MSBuildProjectReferenceExistent.BuildReference)' == 'true')计算为('' == 'true' and '' != '' and '' != '' and '' == 'true')。
22:53:21.020     1>已完成在项目“obj_int_extract.vcxproj”中生成目标“BuildGenerateSourcesTraverse”的操作。: (目标 ID: 16)
                   已跳过目标“SetBuildDefaultEnvironmentVariables”。以前的生成已成功。
                   由于条件的计算结果为 false，已跳过目标“SetUserMacroEnvironmentVariables”；('@(BuildMacro)' != '')的计算结果为('' != '')。
                   已跳过目标“PrepareForBuild”。以前的生成已成功。
                   已跳过目标“ResolveReferences”。以前的生成已成功。
22:53:21.020     1>来自项目“E:\linphone-vc++\trunk\videos\vpx-vp8-debug-src-x86-win32mt-vs9-v1.1.0\vs2010\obj_int_extract.vcxproj”的文件“D:\Program Files\MSBuild\Microsoft.Cpp\v4.0\Microsoft.BuildSteps.Targets”中的目标“BeforeBuildGenerateSources: (目标 ID: 17)”(目标“BuildGenerateSources”依赖于它):
22:53:21.020     1>已完成在项目“obj_int_extract.vcxproj”中生成目标“BeforeBuildGenerateSources”的操作。: (目标 ID: 17)
22:53:21.020     1>来自项目“E:\linphone-vc++\trunk\videos\vpx-vp8-debug-src-x86-win32mt-vs9-v1.1.0\vs2010\obj_int_extract.vcxproj”的文件“D:\Program Files\MSBuild\Microsoft.Cpp\v4.0\Microsoft.CppCommon.targets”中的目标“PreBuildEvent: (目标 ID: 18)”(目标“BuildGenerateSources”依赖于它):
                   由于 false 条件，已跳过任务“Message”；('%(PreBuildEvent.Message)' != '' and '%(PreBuildEvent.Command)' != '')计算为('' != '' and '' != '')。
                   由于 false 条件，已跳过任务“Exec”；('%(PreBuildEvent.Command)' != '')计算为('' != '')。
22:53:21.020     1>已完成在项目“obj_int_extract.vcxproj”中生成目标“PreBuildEvent”的操作。: (目标 ID: 18)
                   由于条件的计算结果为 false，已跳过目标“CustomBuild”；('@(CustomBuild)' != '')的计算结果为('' != '')。
22:53:21.021     1>来自项目“E:\linphone-vc++\trunk\videos\vpx-vp8-debug-src-x86-win32mt-vs9-v1.1.0\vs2010\obj_int_extract.vcxproj”的文件“D:\Program Files\MSBuild\Microsoft.Cpp\v4.0\Microsoft.CppBuild.targets”中的目标“_GenerateXMLData: (目标 ID: 19)”(目标“BuildGenerateSources”依赖于它):
22:53:21.021     1>已完成在项目“obj_int_extract.vcxproj”中生成目标“_GenerateXMLData”的操作。: (目标 ID: 19)
22:53:21.021     1>来自项目“E:\linphone-vc++\trunk\videos\vpx-vp8-debug-src-x86-win32mt-vs9-v1.1.0\vs2010\obj_int_extract.vcxproj”的文件“D:\Program Files\MSBuild\Microsoft.Cpp\v4.0\Microsoft.CppBuild.targets”中的目标“_GenerateWebServiceProxy: (目标 ID: 20)”(目标“BuildGenerateSources”依赖于它):
22:53:21.021     1>已完成在项目“obj_int_extract.vcxproj”中生成目标“_GenerateWebServiceProxy”的操作。: (目标 ID: 20)
                   由于条件的计算结果为 false，已跳过目标“Xsd”；('@(Xsd)' != '')的计算结果为('' != '')。
22:53:21.021     1>来自项目“E:\linphone-vc++\trunk\videos\vpx-vp8-debug-src-x86-win32mt-vs9-v1.1.0\vs2010\obj_int_extract.vcxproj”的文件“D:\Program Files\MSBuild\Microsoft.Cpp\v4.0\Microsoft.CppBuild.targets”中的目标“_Xsd: (目标 ID: 21)”(目标“BuildGenerateSources”依赖于它):
22:53:21.021     1>已完成在项目“obj_int_extract.vcxproj”中生成目标“_Xsd”的操作。: (目标 ID: 21)
22:53:21.021     1>来自项目“E:\linphone-vc++\trunk\videos\vpx-vp8-debug-src-x86-win32mt-vs9-v1.1.0\vs2010\obj_int_extract.vcxproj”的文件“D:\Program Files\MSBuild\Microsoft.Cpp\v4.0\Microsoft.CppBuild.targets”中的目标“MakeDirsForMidl: (目标 ID: 22)”(目标“_Midl”依赖于它):
                   任务“Makedir” (任务 ID: 13)
                   已完成执行任务“Makedir”的操作。 (任务 ID: 13)
22:53:21.022     1>已完成在项目“obj_int_extract.vcxproj”中生成目标“MakeDirsForMidl”的操作。: (目标 ID: 22)
                   由于条件的计算结果为 false，已跳过目标“Midl”；('@(Midl)' != '')的计算结果为('' != '')。
                   由于条件的计算结果为 false，已跳过目标“CustomBuild”；('@(CustomBuild)' != '')的计算结果为('' != '')。
22:53:21.022     1>来自项目“E:\linphone-vc++\trunk\videos\vpx-vp8-debug-src-x86-win32mt-vs9-v1.1.0\vs2010\obj_int_extract.vcxproj”的文件“D:\Program Files\MSBuild\Microsoft.Cpp\v4.0\Microsoft.CppBuild.targets”中的目标“ComputeMIDLGeneratedCompileInputs: (目标 ID: 23)”(目标“_Midl”依赖于它):
22:53:21.022     1>已完成在项目“obj_int_extract.vcxproj”中生成目标“ComputeMIDLGeneratedCompileInputs”的操作。: (目标 ID: 23)
22:53:21.022     1>来自项目“E:\linphone-vc++\trunk\videos\vpx-vp8-debug-src-x86-win32mt-vs9-v1.1.0\vs2010\obj_int_extract.vcxproj”的文件“D:\Program Files\MSBuild\Microsoft.Cpp\v4.0\Microsoft.CppBuild.targets”中的目标“AfterMidl: (目标 ID: 24)”(目标“_Midl”依赖于它):
22:53:21.022     1>已完成在项目“obj_int_extract.vcxproj”中生成目标“AfterMidl”的操作。: (目标 ID: 24)
22:53:21.022     1>来自项目“E:\linphone-vc++\trunk\videos\vpx-vp8-debug-src-x86-win32mt-vs9-v1.1.0\vs2010\obj_int_extract.vcxproj”的文件“D:\Program Files\MSBuild\Microsoft.Cpp\v4.0\Microsoft.CppBuild.targets”中的目标“_Midl: (目标 ID: 25)”(目标“BuildGenerateSources”依赖于它):
22:53:21.022     1>已完成在项目“obj_int_extract.vcxproj”中生成目标“_Midl”的操作。: (目标 ID: 25)
22:53:21.022     1>来自项目“E:\linphone-vc++\trunk\videos\vpx-vp8-debug-src-x86-win32mt-vs9-v1.1.0\vs2010\obj_int_extract.vcxproj”的文件“D:\Program Files\MSBuild\Microsoft.Cpp\v4.0\Microsoft.BuildSteps.Targets”中的目标“AfterBuildGenerateSources: (目标 ID: 26)”(目标“BuildGenerateSources”依赖于它):
22:53:21.022     1>已完成在项目“obj_int_extract.vcxproj”中生成目标“AfterBuildGenerateSources”的操作。: (目标 ID: 26)
22:53:21.022     1>来自项目“E:\linphone-vc++\trunk\videos\vpx-vp8-debug-src-x86-win32mt-vs9-v1.1.0\vs2010\obj_int_extract.vcxproj”的文件“D:\Program Files\MSBuild\Microsoft.Cpp\v4.0\Microsoft.CppBuild.targets”中的目标“AfterBuildGenerateSourcesEvent: (目标 ID: 27)”(目标“BuildGenerateSources”依赖于它):
22:53:21.022     1>已完成在项目“obj_int_extract.vcxproj”中生成目标“AfterBuildGenerateSourcesEvent”的操作。: (目标 ID: 27)
22:53:21.022     1>来自项目“E:\linphone-vc++\trunk\videos\vpx-vp8-debug-src-x86-win32mt-vs9-v1.1.0\vs2010\obj_int_extract.vcxproj”的文件“D:\Windows\Microsoft.NET\Framework\v4.0.30319\Microsoft.Common.Targets”中的目标“BuildGenerateSources: (目标 ID: 28)”(目标“Build”依赖于它):
22:53:21.022     1>已完成在项目“obj_int_extract.vcxproj”中生成目标“BuildGenerateSources”的操作。: (目标 ID: 28)
                   由于条件的计算结果为 false，已跳过目标“AssignProjectConfiguration”；('@(ProjectReference)'!='')的计算结果为(''!='')。
                   已跳过目标“_SplitProjectReferencesByFileExistence”。以前的生成已成功。
22:53:21.078     1>来自项目“E:\linphone-vc++\trunk\videos\vpx-vp8-debug-src-x86-win32mt-vs9-v1.1.0\vs2010\obj_int_extract.vcxproj”的文件“D:\Windows\Microsoft.NET\Framework\v4.0.30319\Microsoft.Common.Targets”中的目标“BuildCompileTraverse: (目标 ID: 29)”(目标“BuildCompile”依赖于它):
                   由于 false 条件，已跳过任务“MSBuild”；('$(BuildPassReferences)' == 'true' and '@(ProjectReferenceWithConfiguration)' != '' and '@(_MSBuildProjectReferenceExistent)' != ''  and '%(_MSBuildProjectReferenceExistent.BuildReference)' == 'true')计算为('' == 'true' and '' != '' and '' != ''  and '' == 'true')。
22:53:21.078     1>已完成在项目“obj_int_extract.vcxproj”中生成目标“BuildCompileTraverse”的操作。: (目标 ID: 29)
                   已跳过目标“SetBuildDefaultEnvironmentVariables”。以前的生成已成功。
                   由于条件的计算结果为 false，已跳过目标“SetUserMacroEnvironmentVariables”；('@(BuildMacro)' != '')的计算结果为('' != '')。
                   已跳过目标“PrepareForBuild”。以前的生成已成功。
                   已跳过目标“ResolveReferences”。以前的生成已成功。
22:53:21.078     1>来自项目“E:\linphone-vc++\trunk\videos\vpx-vp8-debug-src-x86-win32mt-vs9-v1.1.0\vs2010\obj_int_extract.vcxproj”的文件“D:\Program Files\MSBuild\Microsoft.Cpp\v4.0\Microsoft.CppBuild.targets”中的目标“BeforeClCompile: (目标 ID: 30)”(目标“_ClCompile”依赖于它):
22:53:21.078     1>已完成在项目“obj_int_extract.vcxproj”中生成目标“BeforeClCompile”的操作。: (目标 ID: 30)
                   已跳过目标“ComputeMIDLGeneratedCompileInputs”。以前的生成已成功。
22:53:21.078     1>来自项目“E:\linphone-vc++\trunk\videos\vpx-vp8-debug-src-x86-win32mt-vs9-v1.1.0\vs2010\obj_int_extract.vcxproj”的文件“D:\Program Files\MSBuild\Microsoft.Cpp\v4.0\Microsoft.CppBuild.targets”中的目标“ComputeCLInputPDBName: (目标 ID: 31)”(目标“_ClCompile”依赖于它):
22:53:21.078     1>已完成在项目“obj_int_extract.vcxproj”中生成目标“ComputeCLInputPDBName”的操作。: (目标 ID: 31)
                   已跳过目标“ResolveReferences”。以前的生成已成功。
22:53:21.078     1>来自项目“E:\linphone-vc++\trunk\videos\vpx-vp8-debug-src-x86-win32mt-vs9-v1.1.0\vs2010\obj_int_extract.vcxproj”的文件“D:\Program Files\MSBuild\Microsoft.Cpp\v4.0\Microsoft.CppBuild.targets”中的目标“ComputeReferenceCLInput: (目标 ID: 32)”(目标“_ClCompile”依赖于它):
                   由于 false 条件，已跳过任务“WriteLinesToFile”；(('@(ProjectReference)'!='' or '@(Reference)'!=''))计算为((''!='' or ''!=''))。
                   由于 false 条件，已跳过任务“Message”；('$(_REFERENCE_DEBUG)'=='true' and '%(ClCompile.CompileAsManaged)' != 'false' and '%(ClCompile.CompileAsManaged)' != '')计算为(''=='true' and '' != 'false' and '' != '')。
22:53:21.079     1>已完成在项目“obj_int_extract.vcxproj”中生成目标“ComputeReferenceCLInput”的操作。: (目标 ID: 32)
22:53:21.079     1>来自项目“E:\linphone-vc++\trunk\videos\vpx-vp8-debug-src-x86-win32mt-vs9-v1.1.0\vs2010\obj_int_extract.vcxproj”的文件“D:\Program Files\MSBuild\Microsoft.Cpp\v4.0\Microsoft.CppBuild.targets”中的目标“MakeDirsForCl: (目标 ID: 33)”(目标“_ClCompile”依赖于它):
                   任务“MakeDir” (任务 ID: 14)
                   已完成执行任务“MakeDir”的操作。 (任务 ID: 14)
22:53:21.083     1>已完成在项目“obj_int_extract.vcxproj”中生成目标“MakeDirsForCl”的操作。: (目标 ID: 33)
                   已跳过目标“PrepareForBuild”。以前的生成已成功。
                   已跳过目标“SetBuildDefaultEnvironmentVariables”。以前的生成已成功。
                   由于条件的计算结果为 false，已跳过目标“SetUserMacroEnvironmentVariables”；('@(BuildMacro)' != '')的计算结果为('' != '')。
22:53:21.083     1>来自项目“E:\linphone-vc++\trunk\videos\vpx-vp8-debug-src-x86-win32mt-vs9-v1.1.0\vs2010\obj_int_extract.vcxproj”的文件“D:\Program Files\MSBuild\Microsoft.Cpp\v4.0\Microsoft.CppBuild.targets”中的目标“_SelectedFiles: (目标 ID: 34)”(目标“SelectClCompile”依赖于它):
22:53:21.083     1>已完成在项目“obj_int_extract.vcxproj”中生成目标“_SelectedFiles”的操作。: (目标 ID: 34)
                   已跳过目标“ComputeMIDLGeneratedCompileInputs”。以前的生成已成功。
                   已跳过目标“ComputeCLInputPDBName”。以前的生成已成功。
                   已跳过目标“ComputeReferenceCLInput”。以前的生成已成功。
                   已跳过目标“_SelectedFiles”。以前的生成已成功。
22:53:21.083     1>来自项目“E:\linphone-vc++\trunk\videos\vpx-vp8-debug-src-x86-win32mt-vs9-v1.1.0\vs2010\obj_int_extract.vcxproj”的文件“D:\Program Files\MSBuild\Microsoft.Cpp\v4.0\Microsoft.CppBuild.targets”中的目标“SelectCustomBuild: (目标 ID: 35)”(目标“SelectClCompile”依赖于它):
22:53:21.084     1>已完成在项目“obj_int_extract.vcxproj”中生成目标“SelectCustomBuild”的操作。: (目标 ID: 35)
22:53:21.084     1>来自项目“E:\linphone-vc++\trunk\videos\vpx-vp8-debug-src-x86-win32mt-vs9-v1.1.0\vs2010\obj_int_extract.vcxproj”的文件“D:\Program Files\MSBuild\Microsoft.Cpp\v4.0\Microsoft.CppBuild.targets”中的目标“SelectClCompile: (目标 ID: 36)”(目标“ClCompile”依赖于它):
22:53:21.084     1>已完成在项目“obj_int_extract.vcxproj”中生成目标“SelectClCompile”的操作。: (目标 ID: 36)
                   由于条件的计算结果为 false，已跳过目标“GenerateTargetFrameworkMonikerAttribute”；('$(GenerateTargetFrameworkAttribute)' == 'true')的计算结果为('false' == 'true')。
                   由于条件的计算结果为 false，已跳过目标“ManagedIncrementalBuildPreProcessDependencyGraph”；('@(ClCompile)' != '' and '$(EnableManagedIncrementalBuild)' == 'True')的计算结果为('..\src\build\make\obj_int_extract.c' != '' and 'false' == 'True')。
22:53:21.084     1>来自项目“E:\linphone-vc++\trunk\videos\vpx-vp8-debug-src-x86-win32mt-vs9-v1.1.0\vs2010\obj_int_extract.vcxproj”的文件“D:\Program Files\MSBuild\Microsoft.Cpp\v4.0\Platforms\Win32\Microsoft.Cpp.Win32.Targets”中的目标“ClCompile: (目标 ID: 37)”(目标“_ClCompile”依赖于它):
                   由于 false 条件，已跳过任务“Delete”；('%(ClCompile.DebugInformationFormat)' != '' and '%(ClCompile.DebugInformationFormat)' != 'OldStyle' and '%(ClCompile.ProgramDataBaseFileName)' != '' and !Exists(%(ClCompile.ProgramDataBaseFileName)))计算为('OldStyle' != '' and 'OldStyle' != 'OldStyle' and 'Win32\Debug\obj_int_extract\vc100.pdb' != '' and !Exists(Win32\Debug\obj_int_extract\vc100.pdb))。
                   由于 false 条件，已跳过任务“CL”；('%(ClCompile.PrecompiledHeader)' == 'Create' and '%(ClCompile.ExcludedFromBuild)'!='true')计算为('NotUsing' == 'Create' and ''!='true')。
                   正在使用程序集“Microsoft.Build.CppTasks.Win32, Version=4.0.0.0, Culture=neutral, PublicKeyToken=b03f5f7f11d50a3a”中的“CL”任务。
                   任务“CL” (任务 ID: 15)
                     因缺少命令 tlog“E:\linphone-vc++\trunk\videos\vpx-vp8-debug-src-x86-win32mt-vs9-v1.1.0\vs2010\Win32\Debug\obj_int_extract\cl.command.1.tlog”而强制重新生成所有源文件。 (任务 ID: 15)
                     传递给工具的环境变量为: (任务 ID: 15)
                       VS_UNICODE_OUTPUT=1080 (任务 ID: 15)
                     D:\Program Files\Microsoft Visual Studio 10.0\VC\bin\CL.exe /c /I. /I..\src /Z7 /nologo /W3 /WX- /Od /Oy- /D WIN32 /D DEBUG /D _CONSOLE /D _CRT_SECURE_NO_WARNINGS /D _CRT_SECURE_NO_DEPRECATE /D _UNICODE /D UNICODE /Gm- /EHsc /MDd /GS /fp:precise /Zc:wchar_t /Zc:forScope /Fo"Win32\Debug\obj_int_extract\\" /Fd"Win32\Debug\obj_int_extract\vc100.pdb" /Gd /TC /analyze- /errorReport:prompt ..\src\build\make\obj_int_extract.c (任务 ID: 15)
                     跟踪命令: (任务 ID: 15)
                     D:\Program Files\Microsoft SDKs\Windows\v7.0A\bin\NETFX 4.0 Tools\Tracker.exe /d D:\Windows\Microsoft.NET\Framework\v4.0.30319\FileTracker.dll /i E:\linphone-vc++\trunk\videos\vpx-vp8-debug-src-x86-win32mt-vs9-v1.1.0\vs2010\Win32\Debug\obj_int_extract /r E:\LINPHONE-VC++\TRUNK\VIDEOS\VPX-VP8-DEBUG-SRC-X86-WIN32MT-VS9-V1.1.0\SRC\BUILD\MAKE\OBJ_INT_EXTRACT.C /b MSBuildConsole_CancelEvent9e6e765cfe8641e791725335d20c6b42  /c "D:\Program Files\Microsoft Visual Studio 10.0\VC\bin\CL.exe"  /c /I. /I..\src /Z7 /nologo /W3 /WX- /Od /Oy- /D WIN32 /D DEBUG /D _CONSOLE /D _CRT_SECURE_NO_WARNINGS /D _CRT_SECURE_NO_DEPRECATE /D _UNICODE /D UNICODE /Gm- /EHsc /MDd /GS /fp:precise /Zc:wchar_t /Zc:forScope /Fo"Win32\Debug\obj_int_extract\\" /Fd"Win32\Debug\obj_int_extract\vc100.pdb" /Gd /TC /analyze- /errorReport:prompt ..\src\build\make\obj_int_extract.c (任务 ID: 15)
                     obj_int_extract.c (任务 ID: 15)
                   已完成执行任务“CL”的操作。 (任务 ID: 15)
22:53:22.083     1>已完成在项目“obj_int_extract.vcxproj”中生成目标“ClCompile”的操作。: (目标 ID: 37)
                   由于条件的计算结果为 false，已跳过目标“ManagedIncrementalBuildPostProcessDependencyGraph”；('@(ClCompile)' != '' and '$(EnableManagedIncrementalBuild)' == 'True')的计算结果为('..\src\build\make\obj_int_extract.c' != '' and 'false' == 'True')。
22:53:22.083     1>来自项目“E:\linphone-vc++\trunk\videos\vpx-vp8-debug-src-x86-win32mt-vs9-v1.1.0\vs2010\obj_int_extract.vcxproj”的文件“D:\Program Files\MSBuild\Microsoft.Cpp\v4.0\Microsoft.CppBuild.targets”中的目标“AfterClCompile: (目标 ID: 38)”(目标“_ClCompile”依赖于它):
22:53:22.083     1>已完成在项目“obj_int_extract.vcxproj”中生成目标“AfterClCompile”的操作。: (目标 ID: 38)
22:53:22.083     1>来自项目“E:\linphone-vc++\trunk\videos\vpx-vp8-debug-src-x86-win32mt-vs9-v1.1.0\vs2010\obj_int_extract.vcxproj”的文件“D:\Program Files\MSBuild\Microsoft.Cpp\v4.0\Microsoft.CppBuild.targets”中的目标“_ClCompile: (目标 ID: 39)”(目标“BuildCompile”依赖于它):
22:53:22.083     1>已完成在项目“obj_int_extract.vcxproj”中生成目标“_ClCompile”的操作。: (目标 ID: 39)
                   由于条件的计算结果为 false，已跳过目标“_ResGen”；('@(EmbeddedResource)'!='')的计算结果为(''!='')。
22:53:22.083     1>来自项目“E:\linphone-vc++\trunk\videos\vpx-vp8-debug-src-x86-win32mt-vs9-v1.1.0\vs2010\obj_int_extract.vcxproj”的文件“D:\Program Files\MSBuild\Microsoft.Cpp\v4.0\Microsoft.CppBuild.targets”中的目标“BeforeResourceCompile: (目标 ID: 40)”(目标“_ResourceCompile”依赖于它):
22:53:22.083     1>已完成在项目“obj_int_extract.vcxproj”中生成目标“BeforeResourceCompile”的操作。: (目标 ID: 40)
22:53:22.083     1>来自项目“E:\linphone-vc++\trunk\videos\vpx-vp8-debug-src-x86-win32mt-vs9-v1.1.0\vs2010\obj_int_extract.vcxproj”的文件“D:\Program Files\MSBuild\Microsoft.Cpp\v4.0\Microsoft.CppBuild.targets”中的目标“MakeDirsForResourceCompile: (目标 ID: 41)”(目标“_ResourceCompile”依赖于它):
                   任务“MakeDir” (任务 ID: 16)
                   已完成执行任务“MakeDir”的操作。 (任务 ID: 16)
22:53:22.084     1>已完成在项目“obj_int_extract.vcxproj”中生成目标“MakeDirsForResourceCompile”的操作。: (目标 ID: 41)
                   由于条件的计算结果为 false，已跳过目标“ResourceCompile”；('@(ResourceCompile)' != '')的计算结果为('' != '')。
22:53:22.084     1>来自项目“E:\linphone-vc++\trunk\videos\vpx-vp8-debug-src-x86-win32mt-vs9-v1.1.0\vs2010\obj_int_extract.vcxproj”的文件“D:\Program Files\MSBuild\Microsoft.Cpp\v4.0\Microsoft.CppBuild.targets”中的目标“AfterResourceCompile: (目标 ID: 42)”(目标“_ResourceCompile”依赖于它):
22:53:22.084     1>已完成在项目“obj_int_extract.vcxproj”中生成目标“AfterResourceCompile”的操作。: (目标 ID: 42)
22:53:22.084     1>来自项目“E:\linphone-vc++\trunk\videos\vpx-vp8-debug-src-x86-win32mt-vs9-v1.1.0\vs2010\obj_int_extract.vcxproj”的文件“D:\Program Files\MSBuild\Microsoft.Cpp\v4.0\Microsoft.CppBuild.targets”中的目标“_ResourceCompile: (目标 ID: 43)”(目标“BuildCompile”依赖于它):
22:53:22.084     1>已完成在项目“obj_int_extract.vcxproj”中生成目标“_ResourceCompile”的操作。: (目标 ID: 43)
                   由于条件的计算结果为 false，已跳过目标“_ImpLib”；('$(ImpLibCompiled)' == 'true')的计算结果为('' == 'true')。
                   由于条件的计算结果为 false，已跳过目标“_Lib”；('$(LibCompiled)' == 'true')的计算结果为('' == 'true')。
22:53:22.085     1>来自项目“E:\linphone-vc++\trunk\videos\vpx-vp8-debug-src-x86-win32mt-vs9-v1.1.0\vs2010\obj_int_extract.vcxproj”的文件“D:\Program Files\MSBuild\Microsoft.Cpp\v4.0\Microsoft.CppBuild.targets”中的目标“AfterBuildCompileEvent: (目标 ID: 44)”(目标“BuildCompile”依赖于它):
22:53:22.085     1>已完成在项目“obj_int_extract.vcxproj”中生成目标“AfterBuildCompileEvent”的操作。: (目标 ID: 44)
22:53:22.085     1>来自项目“E:\linphone-vc++\trunk\videos\vpx-vp8-debug-src-x86-win32mt-vs9-v1.1.0\vs2010\obj_int_extract.vcxproj”的文件“D:\Windows\Microsoft.NET\Framework\v4.0.30319\Microsoft.Common.Targets”中的目标“BuildCompile: (目标 ID: 45)”(目标“Build”依赖于它):
22:53:22.085     1>已完成在项目“obj_int_extract.vcxproj”中生成目标“BuildCompile”的操作。: (目标 ID: 45)
                   由于条件的计算结果为 false，已跳过目标“AssignProjectConfiguration”；('@(ProjectReference)'!='')的计算结果为(''!='')。
                   已跳过目标“_SplitProjectReferencesByFileExistence”。以前的生成已成功。
22:53:22.085     1>来自项目“E:\linphone-vc++\trunk\videos\vpx-vp8-debug-src-x86-win32mt-vs9-v1.1.0\vs2010\obj_int_extract.vcxproj”的文件“D:\Windows\Microsoft.NET\Framework\v4.0.30319\Microsoft.Common.Targets”中的目标“BuildLinkTraverse: (目标 ID: 46)”(目标“BuildLink”依赖于它):
                   由于 false 条件，已跳过任务“MSBuild”；('$(BuildPassReferences)' == 'true' and '@(ProjectReferenceWithConfiguration)' != '' and '@(_MSBuildProjectReferenceExistent)' != ''  and '%(_MSBuildProjectReferenceExistent.BuildReference)' == 'true')计算为('' == 'true' and '' != '' and '' != ''  and '' == 'true')。
22:53:22.086     1>已完成在项目“obj_int_extract.vcxproj”中生成目标“BuildLinkTraverse”的操作。: (目标 ID: 46)
                   已跳过目标“SetBuildDefaultEnvironmentVariables”。以前的生成已成功。
                   由于条件的计算结果为 false，已跳过目标“SetUserMacroEnvironmentVariables”；('@(BuildMacro)' != '')的计算结果为('' != '')。
                   已跳过目标“PrepareForBuild”。以前的生成已成功。
                   已跳过目标“ResolveReferences”。以前的生成已成功。
22:53:22.088     1>来自项目“E:\linphone-vc++\trunk\videos\vpx-vp8-debug-src-x86-win32mt-vs9-v1.1.0\vs2010\obj_int_extract.vcxproj”的文件“D:\Program Files\MSBuild\Microsoft.Cpp\v4.0\Microsoft.CppBuild.targets”中的目标“BeforeLink: (目标 ID: 47)”(目标“_Link”依赖于它):
22:53:22.088     1>已完成在项目“obj_int_extract.vcxproj”中生成目标“BeforeLink”的操作。: (目标 ID: 47)
22:53:22.088     1>来自项目“E:\linphone-vc++\trunk\videos\vpx-vp8-debug-src-x86-win32mt-vs9-v1.1.0\vs2010\obj_int_extract.vcxproj”的文件“D:\Program Files\MSBuild\Microsoft.Cpp\v4.0\Microsoft.CppBuild.targets”中的目标“ComputeRCOutputs: (目标 ID: 48)”(目标“ComputeRCGeneratedLinkInputs”依赖于它):
22:53:22.088     1>已完成在项目“obj_int_extract.vcxproj”中生成目标“ComputeRCOutputs”的操作。: (目标 ID: 48)
22:53:22.088     1>来自项目“E:\linphone-vc++\trunk\videos\vpx-vp8-debug-src-x86-win32mt-vs9-v1.1.0\vs2010\obj_int_extract.vcxproj”的文件“D:\Program Files\MSBuild\Microsoft.Cpp\v4.0\Microsoft.CppBuild.targets”中的目标“ComputeRCGeneratedLinkInputs: (目标 ID: 49)”(目标“_Link”依赖于它):
22:53:22.088     1>已完成在项目“obj_int_extract.vcxproj”中生成目标“ComputeRCGeneratedLinkInputs”的操作。: (目标 ID: 49)
22:53:22.088     1>来自项目“E:\linphone-vc++\trunk\videos\vpx-vp8-debug-src-x86-win32mt-vs9-v1.1.0\vs2010\obj_int_extract.vcxproj”的文件“D:\Program Files\MSBuild\Microsoft.Cpp\v4.0\Microsoft.CppBuild.targets”中的目标“ComputeManifestGeneratedLinkerInputs: (目标 ID: 50)”(目标“_Link”依赖于它):
22:53:22.088     1>已完成在项目“obj_int_extract.vcxproj”中生成目标“ComputeManifestGeneratedLinkerInputs”的操作。: (目标 ID: 50)
22:53:22.088     1>来自项目“E:\linphone-vc++\trunk\videos\vpx-vp8-debug-src-x86-win32mt-vs9-v1.1.0\vs2010\obj_int_extract.vcxproj”的文件“D:\Program Files\MSBuild\Microsoft.Cpp\v4.0\Microsoft.CppBuild.targets”中的目标“ComputeCustomBuildOutput: (目标 ID: 51)”(目标“_Link”依赖于它):
                   任务“MakeDir” (任务 ID: 17)
                   已完成执行任务“MakeDir”的操作。 (任务 ID: 17)
22:53:22.090     1>已完成在项目“obj_int_extract.vcxproj”中生成目标“ComputeCustomBuildOutput”的操作。: (目标 ID: 51)
                   已跳过目标“ComputeMIDLGeneratedCompileInputs”。以前的生成已成功。
                   已跳过目标“ComputeCLInputPDBName”。以前的生成已成功。
                   已跳过目标“ComputeReferenceCLInput”。以前的生成已成功。
22:53:22.091     1>来自项目“E:\linphone-vc++\trunk\videos\vpx-vp8-debug-src-x86-win32mt-vs9-v1.1.0\vs2010\obj_int_extract.vcxproj”的文件“D:\Program Files\MSBuild\Microsoft.Cpp\v4.0\Microsoft.CppBuild.targets”中的目标“ComputeCLOutputs: (目标 ID: 52)”(目标“ComputeCLGeneratedLinkInputs”依赖于它):
22:53:22.093     1>已完成在项目“obj_int_extract.vcxproj”中生成目标“ComputeCLOutputs”的操作。: (目标 ID: 52)
22:53:22.093     1>来自项目“E:\linphone-vc++\trunk\videos\vpx-vp8-debug-src-x86-win32mt-vs9-v1.1.0\vs2010\obj_int_extract.vcxproj”的文件“D:\Program Files\MSBuild\Microsoft.Cpp\v4.0\Microsoft.CppBuild.targets”中的目标“ComputeCLGeneratedLinkInputs: (目标 ID: 53)”(目标“_Link”依赖于它):
22:53:22.103     1>已完成在项目“obj_int_extract.vcxproj”中生成目标“ComputeCLGeneratedLinkInputs”的操作。: (目标 ID: 53)
22:53:22.103     1>来自项目“E:\linphone-vc++\trunk\videos\vpx-vp8-debug-src-x86-win32mt-vs9-v1.1.0\vs2010\obj_int_extract.vcxproj”的文件“D:\Program Files\MSBuild\Microsoft.Cpp\v4.0\Microsoft.CppBuild.targets”中的目标“ComputeLinkInputsFromProject: (目标 ID: 54)”(目标“_Link”依赖于它):
22:53:22.104     1>已完成在项目“obj_int_extract.vcxproj”中生成目标“ComputeLinkInputsFromProject”的操作。: (目标 ID: 54)
                   由于条件的计算结果为 false，已跳过目标“ComputeReferenceLinkInputs”；(@(ProjectReference) != '')的计算结果为( != '')。
22:53:22.104     1>来自项目“E:\linphone-vc++\trunk\videos\vpx-vp8-debug-src-x86-win32mt-vs9-v1.1.0\vs2010\obj_int_extract.vcxproj”的文件“D:\Program Files\MSBuild\Microsoft.Cpp\v4.0\Microsoft.CppBuild.targets”中的目标“ComputeManifestInputsTargets: (目标 ID: 55)”(目标“_Link”依赖于它):
22:53:22.104     1>已完成在项目“obj_int_extract.vcxproj”中生成目标“ComputeManifestInputsTargets”的操作。: (目标 ID: 55)
                   由于条件的计算结果为 false，已跳过目标“ManifestResourceCompile”；('$(EmbedManifestBy)' == 'LINK')的计算结果为('MT' == 'LINK')。
                   由于条件的计算结果为 false，已跳过目标“AssignWinFXEmbeddedResource”；('@(WinFXEmbeddedResource)' != '')的计算结果为('' != '')。
22:53:22.104     1>来自项目“E:\linphone-vc++\trunk\videos\vpx-vp8-debug-src-x86-win32mt-vs9-v1.1.0\vs2010\obj_int_extract.vcxproj”的文件“D:\Windows\Microsoft.NET\Framework\v4.0.30319\Microsoft.Common.Targets”中的目标“AssignTargetPaths: (目标 ID: 56)”(目标“PrepareResourceNames”依赖于它):
                   正在使用程序集“Microsoft.Build.Tasks.v4.0, Version=4.0.0.0, Culture=neutral, PublicKeyToken=b03f5f7f11d50a3a”中的“AssignTargetPath”任务。
                   任务“AssignTargetPath” (任务 ID: 18)
                   已完成执行任务“AssignTargetPath”的操作。 (任务 ID: 18)
                   任务“AssignTargetPath” (任务 ID: 19)
                   已完成执行任务“AssignTargetPath”的操作。 (任务 ID: 19)
                   任务“AssignTargetPath” (任务 ID: 20)
                   已完成执行任务“AssignTargetPath”的操作。 (任务 ID: 20)
                   任务“AssignTargetPath” (任务 ID: 21)
                   已完成执行任务“AssignTargetPath”的操作。 (任务 ID: 21)
                   由于 false 条件，已跳过任务“AssignTargetPath”；('@(_DeploymentBaseManifestWithTargetPath)'=='' and '%(None.Extension)'=='.manifest')计算为(''=='' and ''=='.manifest')。
22:53:22.107     1>已完成在项目“obj_int_extract.vcxproj”中生成目标“AssignTargetPaths”的操作。: (目标 ID: 56)
                   已跳过目标“AssignTargetPaths”。以前的生成已成功。
22:53:22.107     1>来自项目“E:\linphone-vc++\trunk\videos\vpx-vp8-debug-src-x86-win32mt-vs9-v1.1.0\vs2010\obj_int_extract.vcxproj”的文件“D:\Windows\Microsoft.NET\Framework\v4.0.30319\Microsoft.Common.Targets”中的目标“SplitResourcesByCulture: (目标 ID: 57)”(目标“PrepareResourceNames”依赖于它):
                   由于 false 条件，已跳过任务“Warning”；('@(ResxWithNoCulture)'!='')计算为(''!='')。
                   由于 false 条件，已跳过任务“Warning”；('@(ResxWithCulture)'!='')计算为(''!='')。
                   由于 false 条件，已跳过任务“Warning”；('@(NonResxWithCulture)'!='')计算为(''!='')。
                   由于 false 条件，已跳过任务“Warning”；('@(NonResxWithNoCulture)'!='')计算为(''!='')。
                   正在使用程序集“Microsoft.Build.Tasks.v4.0, Version=4.0.0.0, Culture=neutral, PublicKeyToken=b03f5f7f11d50a3a”中的“AssignCulture”任务。
                   任务“AssignCulture” (任务 ID: 22)
                   已完成执行任务“AssignCulture”的操作。 (任务 ID: 22)
22:53:22.110     1>已完成在项目“obj_int_extract.vcxproj”中生成目标“SplitResourcesByCulture”的操作。: (目标 ID: 57)
                   由于条件的计算结果为 false，已跳过目标“CreateManifestResourceNames”；('@(EmbeddedResource)' != '')的计算结果为('' != '')。
22:53:22.110     1>来自项目“E:\linphone-vc++\trunk\videos\vpx-vp8-debug-src-x86-win32mt-vs9-v1.1.0\vs2010\obj_int_extract.vcxproj”的文件“D:\Windows\Microsoft.NET\Framework\v4.0.30319\Microsoft.Common.Targets”中的目标“CreateCustomManifestResourceNames: (目标 ID: 58)”(目标“PrepareResourceNames”依赖于它):
22:53:22.110     1>已完成在项目“obj_int_extract.vcxproj”中生成目标“CreateCustomManifestResourceNames”的操作。: (目标 ID: 58)
22:53:22.110     1>来自项目“E:\linphone-vc++\trunk\videos\vpx-vp8-debug-src-x86-win32mt-vs9-v1.1.0\vs2010\obj_int_extract.vcxproj”的文件“D:\Windows\Microsoft.NET\Framework\v4.0.30319\Microsoft.Common.Targets”中的目标“PrepareResourceNames: (目标 ID: 59)”(目标“_Link”依赖于它):
22:53:22.110     1>已完成在项目“obj_int_extract.vcxproj”中生成目标“PrepareResourceNames”的操作。: (目标 ID: 59)
22:53:22.110     1>来自项目“E:\linphone-vc++\trunk\videos\vpx-vp8-debug-src-x86-win32mt-vs9-v1.1.0\vs2010\obj_int_extract.vcxproj”的文件“D:\Program Files\MSBuild\Microsoft.Cpp\v4.0\Microsoft.CppBuild.targets”中的目标“MakeDirsForLink: (目标 ID: 60)”(目标“_Link”依赖于它):
                   任务“MakeDir” (任务 ID: 23)
                   已完成执行任务“MakeDir”的操作。 (任务 ID: 23)
22:53:22.113     1>已完成在项目“obj_int_extract.vcxproj”中生成目标“MakeDirsForLink”的操作。: (目标 ID: 60)
22:53:22.113     1>来自项目“E:\linphone-vc++\trunk\videos\vpx-vp8-debug-src-x86-win32mt-vs9-v1.1.0\vs2010\obj_int_extract.vcxproj”的文件“D:\Program Files\MSBuild\Microsoft.Cpp\v4.0\Microsoft.CppBuild.targets”中的目标“DoLinkOutputFilesMatch: (目标 ID: 61)”(目标“_Link”依赖于它):
                   正在使用程序集“Microsoft.Build.CppTasks.Common, Version=4.0.0.0, Culture=neutral, PublicKeyToken=b03f5f7f11d50a3a”中的“VCMessage”任务。
                   任务“VCMessage” (任务 ID: 24)
22:53:22.164     1>D:\Program Files\MSBuild\Microsoft.Cpp\v4.0\Microsoft.CppBuild.targets(990,5): warning MSB8012: TargetPath(E:\linphone-vc++\trunk\videos\vpx-vp8-debug-src-x86-win32mt-vs9-v1.1.0\vs2010\Win32\Debug\obj_int_extract.exe) 与 Linker 的 OutputFile 属性值(E:\linphone-vc++\trunk\videos\vpx-vp8-debug-src-x86-win32mt-vs9-v1.1.0\vs2010\obj_int_extract.exe)不匹配。这可能导致项目生成不正确。若要更正此问题，请确保 $(OutDir)、$(TargetName) 和 $(TargetExt) 属性值与 %(Link.OutputFile) 中指定的值匹配。
                   已完成执行任务“VCMessage”的操作。 (任务 ID: 24)
                   由于 false 条件，已跳过任务“VCMessage”；('%(_OutputFileFromLink.Extension)' != '$(TargetExt)')计算为('.exe' != '.exe')。
                   由于 false 条件，已跳过任务“VCMessage”；('%(_OutputFileFromLink.Filename)' != '$(TargetName)')计算为('obj_int_extract' != 'obj_int_extract')。
22:53:22.166     1>已完成在项目“obj_int_extract.vcxproj”中生成目标“DoLinkOutputFilesMatch”的操作。: (目标 ID: 61)
22:53:22.166     1>来自项目“E:\linphone-vc++\trunk\videos\vpx-vp8-debug-src-x86-win32mt-vs9-v1.1.0\vs2010\obj_int_extract.vcxproj”的文件“D:\Program Files\MSBuild\Microsoft.Cpp\v4.0\Microsoft.CppCommon.targets”中的目标“PreLinkEvent: (目标 ID: 62)”(目标“_Link”依赖于它):
                   由于 false 条件，已跳过任务“Message”；('%(PreLinkEvent.Message)' != '' and '%(PreLinkEvent.Command)' != '')计算为('' != '' and '' != '')。
                   由于 false 条件，已跳过任务“Exec”；('%(PreLinkEvent.Command)' != '')计算为('' != '')。
22:53:22.167     1>已完成在项目“obj_int_extract.vcxproj”中生成目标“PreLinkEvent”的操作。: (目标 ID: 62)
22:53:22.167     1>来自项目“E:\linphone-vc++\trunk\videos\vpx-vp8-debug-src-x86-win32mt-vs9-v1.1.0\vs2010\obj_int_extract.vcxproj”的文件“D:\Program Files\MSBuild\Microsoft.Cpp\v4.0\Platforms\Win32\Microsoft.Cpp.Win32.Targets”中的目标“Link: (目标 ID: 63)”(目标“_Link”依赖于它):
                   正在使用程序集“Microsoft.Build.CppTasks.Win32, Version=4.0.0.0, Culture=neutral, PublicKeyToken=b03f5f7f11d50a3a”中的“Link”任务。
                   任务“Link” (任务 ID: 25)
                     传递给工具的环境变量为: (任务 ID: 25)
                       VS_UNICODE_OUTPUT=1276 (任务 ID: 25)
                     D:\Program Files\Microsoft Visual Studio 10.0\VC\bin\link.exe /ERRORREPORT:PROMPT /OUT:"obj_int_extract.exe" /NOLOGO kernel32.lib user32.lib gdi32.lib winspool.lib comdlg32.lib advapi32.lib shell32.lib ole32.lib oleaut32.lib uuid.lib odbc32.lib odbccp32.lib /MANIFEST /ManifestFile:"Win32\Debug\obj_int_extract\obj_int_extract.exe.intermediate.manifest" /MANIFESTUAC:"level='asInvoker' uiAccess='false'" /DEBUG /PDB:"E:\linphone-vc++\trunk\videos\vpx-vp8-debug-src-x86-win32mt-vs9-v1.1.0\vs2010\Win32\Debug\obj_int_extract.pdb" /TLBID:1 /DYNAMICBASE /NXCOMPAT /IMPLIB:"E:\linphone-vc++\trunk\videos\vpx-vp8-debug-src-x86-win32mt-vs9-v1.1.0\vs2010\Win32\Debug\obj_int_extract.lib" /MACHINE:X86 Win32\Debug\obj_int_extract\obj_int_extract.obj (任务 ID: 25)
                     跟踪命令: (任务 ID: 25)
                     D:\Program Files\Microsoft SDKs\Windows\v7.0A\bin\NETFX 4.0 Tools\Tracker.exe /a /d D:\Windows\Microsoft.NET\Framework\v4.0.30319\FileTracker.dll /i E:\linphone-vc++\trunk\videos\vpx-vp8-debug-src-x86-win32mt-vs9-v1.1.0\vs2010\Win32\Debug\obj_int_extract /r E:\LINPHONE-VC++\TRUNK\VIDEOS\VPX-VP8-DEBUG-SRC-X86-WIN32MT-VS9-V1.1.0\VS2010\WIN32\DEBUG\OBJ_INT_EXTRACT\OBJ_INT_EXTRACT.OBJ /b MSBuildConsole_CancelEventcd270243200841bd9ec8229218713748  /c "D:\Program Files\Microsoft Visual Studio 10.0\VC\bin\link.exe"  /ERRORREPORT:PROMPT /OUT:"obj_int_extract.exe" /NOLOGO kernel32.lib user32.lib gdi32.lib winspool.lib comdlg32.lib advapi32.lib shell32.lib ole32.lib oleaut32.lib uuid.lib odbc32.lib odbccp32.lib /MANIFEST /ManifestFile:"Win32\Debug\obj_int_extract\obj_int_extract.exe.intermediate.manifest" /MANIFESTUAC:"level='asInvoker' uiAccess='false'" /DEBUG /PDB:"E:\linphone-vc++\trunk\videos\vpx-vp8-debug-src-x86-win32mt-vs9-v1.1.0\vs2010\Win32\Debug\obj_int_extract.pdb" /TLBID:1 /DYNAMICBASE /NXCOMPAT /IMPLIB:"E:\linphone-vc++\trunk\videos\vpx-vp8-debug-src-x86-win32mt-vs9-v1.1.0\vs2010\Win32\Debug\obj_int_extract.lib" /MACHINE:X86 Win32\Debug\obj_int_extract\obj_int_extract.obj (任务 ID: 25)
                   已完成执行任务“Link”的操作。 (任务 ID: 25)
                   任务“Message” (任务 ID: 26)
                     obj_int_extract.vcxproj -> E:\linphone-vc++\trunk\videos\vpx-vp8-debug-src-x86-win32mt-vs9-v1.1.0\vs2010\Win32\Debug\obj_int_extract.exe (任务 ID: 26)
                   已完成执行任务“Message”的操作。 (任务 ID: 26)
22:53:24.818     1>已完成在项目“obj_int_extract.vcxproj”中生成目标“Link”的操作。: (目标 ID: 63)
22:53:24.818     1>来自项目“E:\linphone-vc++\trunk\videos\vpx-vp8-debug-src-x86-win32mt-vs9-v1.1.0\vs2010\obj_int_extract.vcxproj”的文件“D:\Program Files\MSBuild\Microsoft.Cpp\v4.0\Microsoft.CppBuild.targets”中的目标“_DetermineManagedStateForLink: (目标 ID: 64)”(目标“_Link”依赖于它):
22:53:24.818     1>已完成在项目“obj_int_extract.vcxproj”中生成目标“_DetermineManagedStateForLink”的操作。: (目标 ID: 64)
                   由于条件的计算结果为 false，已跳过目标“MetaGenInputsOutputs”；('$(EnableManagedIncrementalBuild)' == 'True')的计算结果为('false' == 'True')。
                   由于条件的计算结果为 false，已跳过目标“ComputeMetaGenInputs”；('$(CLRSupport)'!='' and '$(CLRSupport)'!='false')的计算结果为('false'!='' and 'false'!='false')。
                   由于条件的计算结果为 false，已跳过目标“MetaGen”；('@(MetaGen)' != '')的计算结果为('' != '')。
22:53:24.818     1>来自项目“E:\linphone-vc++\trunk\videos\vpx-vp8-debug-src-x86-win32mt-vs9-v1.1.0\vs2010\obj_int_extract.vcxproj”的文件“D:\Program Files\MSBuild\Microsoft.Cpp\v4.0\Microsoft.CppBuild.targets”中的目标“ComputeLinkImportLibraryOutputsForClean: (目标 ID: 65)”(目标“_Link”依赖于它):
                   由于 false 条件，已跳过任务“WriteLinesToFile”；('@(_LinkImportLibrary)' != '')计算为('' != '')。
22:53:24.819     1>已完成在项目“obj_int_extract.vcxproj”中生成目标“ComputeLinkImportLibraryOutputsForClean”的操作。: (目标 ID: 65)
22:53:24.819     1>来自项目“E:\linphone-vc++\trunk\videos\vpx-vp8-debug-src-x86-win32mt-vs9-v1.1.0\vs2010\obj_int_extract.vcxproj”的文件“D:\Program Files\MSBuild\Microsoft.Cpp\v4.0\Microsoft.CppBuild.targets”中的目标“AfterLink: (目标 ID: 66)”(目标“_Link”依赖于它):
22:53:24.819     1>已完成在项目“obj_int_extract.vcxproj”中生成目标“AfterLink”的操作。: (目标 ID: 66)
22:53:24.819     1>来自项目“E:\linphone-vc++\trunk\videos\vpx-vp8-debug-src-x86-win32mt-vs9-v1.1.0\vs2010\obj_int_extract.vcxproj”的文件“D:\Program Files\MSBuild\Microsoft.Cpp\v4.0\Microsoft.CppBuild.targets”中的目标“_Link: (目标 ID: 67)”(目标“BuildLink”依赖于它):
22:53:24.819     1>已完成在项目“obj_int_extract.vcxproj”中生成目标“_Link”的操作。: (目标 ID: 67)
22:53:24.819     1>来自项目“E:\linphone-vc++\trunk\videos\vpx-vp8-debug-src-x86-win32mt-vs9-v1.1.0\vs2010\obj_int_extract.vcxproj”的文件“D:\Program Files\MSBuild\Microsoft.Cpp\v4.0\Microsoft.CppBuild.targets”中的目标“_ALink: (目标 ID: 68)”(目标“BuildLink”依赖于它):
22:53:24.819     1>已完成在项目“obj_int_extract.vcxproj”中生成目标“_ALink”的操作。: (目标 ID: 68)
                   已跳过目标“ComputeManifestInputsTargets”。以前的生成已成功。
22:53:24.819     1>来自项目“E:\linphone-vc++\trunk\videos\vpx-vp8-debug-src-x86-win32mt-vs9-v1.1.0\vs2010\obj_int_extract.vcxproj”的文件“D:\Program Files\MSBuild\Microsoft.Cpp\v4.0\Microsoft.CppCommon.targets”中的目标“MakeDirsForManifest: (目标 ID: 69)”(目标“Manifest”依赖于它):
                   任务“MakeDir” (任务 ID: 27)
                   已完成执行任务“MakeDir”的操作。 (任务 ID: 27)
22:53:24.820     1>已完成在项目“obj_int_extract.vcxproj”中生成目标“MakeDirsForManifest”的操作。: (目标 ID: 69)
22:53:24.820     1>来自项目“E:\linphone-vc++\trunk\videos\vpx-vp8-debug-src-x86-win32mt-vs9-v1.1.0\vs2010\obj_int_extract.vcxproj”的文件“D:\Program Files\MSBuild\Microsoft.Cpp\v4.0\Microsoft.CppCommon.targets”中的目标“Manifest: (目标 ID: 70)”(目标“_Manifest”依赖于它):
                   由于 false 条件，已跳过任务“Delete”；(('$(BuildType)' != 'Build' or '$(ForceRebuild)' == 'true') and '$(EmbedManifestby)'=='LINK')计算为(('Build' != 'Build' or '' == 'true') and 'MT'=='LINK')。
                   正在使用程序集“Microsoft.Build.CppTasks.Common, Version=4.0.0.0, Culture=neutral, PublicKeyToken=b03f5f7f11d50a3a”中的“Mt”任务。
                   任务“Mt” (任务 ID: 28)
                     D:\Program Files\Microsoft SDKs\Windows\v7.0A\bin\mt.exe /nologo /verbose /outputresource:"obj_int_extract.exe;#1" /manifest Win32\Debug\obj_int_extract\obj_int_extract.exe.intermediate.manifest (任务 ID: 28)
                     跟踪命令: (任务 ID: 28)
                     D:\Program Files\Microsoft SDKs\Windows\v7.0A\bin\NETFX 4.0 Tools\Tracker.exe /d D:\Windows\Microsoft.NET\Framework\v4.0.30319\FileTracker.dll /i E:\linphone-vc++\trunk\videos\vpx-vp8-debug-src-x86-win32mt-vs9-v1.1.0\vs2010\Win32\Debug\obj_int_extract /r E:\LINPHONE-VC++\TRUNK\VIDEOS\VPX-VP8-DEBUG-SRC-X86-WIN32MT-VS9-V1.1.0\VS2010\WIN32\DEBUG\OBJ_INT_EXTRACT\OBJ_INT_EXTRACT.EXE.INTERMEDIATE.MANIFEST /b MSBuildConsole_CancelEvent914e4de8df9a4fce92dc948027e56566  /c "D:\Program Files\Microsoft SDKs\Windows\v7.0A\bin\mt.exe"  /nologo /verbose /outputresource:"obj_int_extract.exe;#1" /manifest Win32\Debug\obj_int_extract\obj_int_extract.exe.intermediate.manifest (任务 ID: 28)
                   已完成执行任务“Mt”的操作。 (任务 ID: 28)
                   由于 false 条件，已跳过任务“RC”；('$(EmbedManifestby)'=='LINK')计算为('MT'=='LINK')。
22:53:25.997     1>已完成在项目“obj_int_extract.vcxproj”中生成目标“Manifest”的操作。: (目标 ID: 70)
                   已跳过目标“ComputeManifestGeneratedLinkerInputs”。以前的生成已成功。
22:53:25.997     1>来自项目“E:\linphone-vc++\trunk\videos\vpx-vp8-debug-src-x86-win32mt-vs9-v1.1.0\vs2010\obj_int_extract.vcxproj”的文件“D:\Program Files\MSBuild\Microsoft.Cpp\v4.0\Microsoft.CppBuild.targets”中的目标“_Manifest: (目标 ID: 71)”(目标“BuildLink”依赖于它):
22:53:25.998     1>已完成在项目“obj_int_extract.vcxproj”中生成目标“_Manifest”的操作。: (目标 ID: 71)
22:53:25.998     1>来自项目“E:\linphone-vc++\trunk\videos\vpx-vp8-debug-src-x86-win32mt-vs9-v1.1.0\vs2010\obj_int_extract.vcxproj”的文件“D:\Program Files\MSBuild\Microsoft.Cpp\v4.0\Microsoft.CppCommon.targets”中的目标“RegisterOutput: (目标 ID: 72)”(目标“BuildLink”依赖于它):
                   由于 false 条件，已跳过任务“Exec”；('$(ConfigurationType)'=='DynamicLibrary' and '%(Link.RegisterOutput)'=='true' and '%(Link.PerUserRedirection)'!='true')计算为('Application'=='DynamicLibrary' and 'false'=='true' and 'false'!='true')。
                   由于 false 条件，已跳过任务“Exec”；('$(ConfigurationType)'=='DynamicLibrary' and '%(Link.RegisterOutput)'=='true' and '%(Link.PerUserRedirection)'=='true')计算为('Application'=='DynamicLibrary' and 'false'=='true' and 'false'=='true')。
                   由于 false 条件，已跳过任务“Exec”；('$(ConfigurationType)'=='Application' and '%(Link.RegisterOutput)'=='true' and '%(Link.PerUserRedirection)'!='true')计算为('Application'=='Application' and 'false'=='true' and 'false'!='true')。
                   由于 false 条件，已跳过任务“Exec”；('$(ConfigurationType)'=='Application' and '%(Link.RegisterOutput)'=='true' and '%(Link.PerUserRedirection)'=='true')计算为('Application'=='Application' and 'false'=='true' and 'false'=='true')。
                   由于 false 条件，已跳过任务“VCMessage”；('$(_RegisterOutputExitCode)' != '' and '$(_RegisterOutputExitCode)' != '0')计算为('' != '' and '' != '0')。
22:53:26.000     1>已完成在项目“obj_int_extract.vcxproj”中生成目标“RegisterOutput”的操作。: (目标 ID: 72)
22:53:26.000     1>来自项目“E:\linphone-vc++\trunk\videos\vpx-vp8-debug-src-x86-win32mt-vs9-v1.1.0\vs2010\obj_int_extract.vcxproj”的文件“D:\Program Files\MSBuild\Microsoft.Cpp\v4.0\Microsoft.CppBuild.targets”中的目标“ComputeCLCompileGeneratedXDCFiles: (目标 ID: 73)”(目标“_XdcMake”依赖于它):
22:53:26.001     1>已完成在项目“obj_int_extract.vcxproj”中生成目标“ComputeCLCompileGeneratedXDCFiles”的操作。: (目标 ID: 73)
                   已跳过目标“SetBuildDefaultEnvironmentVariables”。以前的生成已成功。
                   由于条件的计算结果为 false，已跳过目标“SetUserMacroEnvironmentVariables”；('@(BuildMacro)' != '')的计算结果为('' != '')。
                   已跳过目标“PrepareForBuild”。以前的生成已成功。
                   已跳过目标“ResolveReferences”。以前的生成已成功。
22:53:26.001     1>来自项目“E:\linphone-vc++\trunk\videos\vpx-vp8-debug-src-x86-win32mt-vs9-v1.1.0\vs2010\obj_int_extract.vcxproj”的文件“D:\Program Files\MSBuild\Microsoft.Cpp\v4.0\Microsoft.CppBuild.targets”中的目标“ResolvedXDCMake: (目标 ID: 74)”(目标“_XdcMake”依赖于它):
                   由于 false 条件，已跳过任务“MSBuild”；('%(_MSBuildProjectReferenceExistent.Extension)' == '.vcxproj' and '@(ProjectReferenceWithConfiguration)' != '' and '@(_MSBuildProjectReferenceExistent)' != '' and '$(_ClCompileGenerateXMLDocumentationFiles)' == 'true')计算为('' == '.vcxproj' and '' != '' and '' != '' and '' == 'true')。
22:53:26.002     1>已完成在项目“obj_int_extract.vcxproj”中生成目标“ResolvedXDCMake”的操作。: (目标 ID: 74)
22:53:26.002     1>来自项目“E:\linphone-vc++\trunk\videos\vpx-vp8-debug-src-x86-win32mt-vs9-v1.1.0\vs2010\obj_int_extract.vcxproj”的文件“D:\Program Files\MSBuild\Microsoft.Cpp\v4.0\Microsoft.CppBuild.targets”中的目标“MakeDirsForXdcMake: (目标 ID: 75)”(目标“_XdcMake”依赖于它):
                   任务“MakeDir” (任务 ID: 29)
                   已完成执行任务“MakeDir”的操作。 (任务 ID: 29)
22:53:26.003     1>已完成在项目“obj_int_extract.vcxproj”中生成目标“MakeDirsForXdcMake”的操作。: (目标 ID: 75)
                   由于条件的计算结果为 false，已跳过目标“XdcMake”；('@(XdcMake)' != '')的计算结果为('' != '')。
22:53:26.003     1>来自项目“E:\linphone-vc++\trunk\videos\vpx-vp8-debug-src-x86-win32mt-vs9-v1.1.0\vs2010\obj_int_extract.vcxproj”的文件“D:\Program Files\MSBuild\Microsoft.Cpp\v4.0\Microsoft.CppBuild.targets”中的目标“_XdcMake: (目标 ID: 76)”(目标“BuildLink”依赖于它):
22:53:26.003     1>已完成在项目“obj_int_extract.vcxproj”中生成目标“_XdcMake”的操作。: (目标 ID: 76)
22:53:26.003     1>来自项目“E:\linphone-vc++\trunk\videos\vpx-vp8-debug-src-x86-win32mt-vs9-v1.1.0\vs2010\obj_int_extract.vcxproj”的文件“D:\Program Files\MSBuild\Microsoft.Cpp\v4.0\Microsoft.CppBuild.targets”中的目标“ComputeCLCompileGeneratedSbrFiles: (目标 ID: 77)”(目标“_BscMake”依赖于它):
22:53:26.003     1>已完成在项目“obj_int_extract.vcxproj”中生成目标“ComputeCLCompileGeneratedSbrFiles”的操作。: (目标 ID: 77)
22:53:26.003     1>来自项目“E:\linphone-vc++\trunk\videos\vpx-vp8-debug-src-x86-win32mt-vs9-v1.1.0\vs2010\obj_int_extract.vcxproj”的文件“D:\Program Files\MSBuild\Microsoft.Cpp\v4.0\Microsoft.CppBuild.targets”中的目标“MakeDirsForBscMake: (目标 ID: 78)”(目标“_BscMake”依赖于它):
                   任务“MakeDir” (任务 ID: 30)
                   已完成执行任务“MakeDir”的操作。 (任务 ID: 30)
22:53:26.004     1>已完成在项目“obj_int_extract.vcxproj”中生成目标“MakeDirsForBscMake”的操作。: (目标 ID: 78)
                   由于条件的计算结果为 false，已跳过目标“BscMake”；('@(BscMake)' != '')的计算结果为('' != '')。
                   由于条件的计算结果为 false，已跳过目标“CustomBuildStep”；('@(CustomBuildStep)' != '' and '$(SelectedFiles)'=='')的计算结果为('' != '' and ''=='')。
22:53:26.004     1>来自项目“E:\linphone-vc++\trunk\videos\vpx-vp8-debug-src-x86-win32mt-vs9-v1.1.0\vs2010\obj_int_extract.vcxproj”的文件“D:\Program Files\MSBuild\Microsoft.Cpp\v4.0\Microsoft.CppBuild.targets”中的目标“_BscMake: (目标 ID: 79)”(目标“BuildLink”依赖于它):
22:53:26.004     1>已完成在项目“obj_int_extract.vcxproj”中生成目标“_BscMake”的操作。: (目标 ID: 79)
                   由于条件的计算结果为 false，已跳过目标“RunCodeAnalysis”；('$(RunCodeAnalysis)'=='true' or '$(RunCodeAnalysisOnce)'=='true')的计算结果为(''=='true' or ''=='true')。
22:53:26.004     1>来自项目“E:\linphone-vc++\trunk\videos\vpx-vp8-debug-src-x86-win32mt-vs9-v1.1.0\vs2010\obj_int_extract.vcxproj”的文件“D:\Windows\Microsoft.NET\Framework\v4.0.30319\Microsoft.Common.Targets”中的目标“_GenerateSatelliteAssemblyInputs: (目标 ID: 80)”(目标“CreateSatelliteAssemblies”依赖于它):
                   由于 false 条件，已跳过任务“Warning”；('@(ManifestResourceWithCulture)'!='' and '%(ManifestResourceWithCulture.EmittedForCompatibilityOnly)'=='')计算为(''!='' and ''=='')。
                   由于 false 条件，已跳过任务“Warning”；('@(ManifestNonResxWithCultureOnDisk)'!='' and '%(ManifestNonResxWithCultureOnDisk.EmittedForCompatibilityOnly)'=='')计算为(''!='' and ''=='')。
22:53:26.007     1>已完成在项目“obj_int_extract.vcxproj”中生成目标“_GenerateSatelliteAssemblyInputs”的操作。: (目标 ID: 80)
                   由于条件的计算结果为 false，已跳过目标“ComputeIntermediateSatelliteAssemblies”；(@(ReferenceSatellitePaths->'%(DestinationSubDirectory)') != '')的计算结果为( != '')。
                   由于条件的计算结果为 false，已跳过目标“GenerateSatelliteAssemblies”；('@(_SatelliteAssemblyResourceInputs)' != '')的计算结果为('' != '')。
22:53:26.007     1>来自项目“E:\linphone-vc++\trunk\videos\vpx-vp8-debug-src-x86-win32mt-vs9-v1.1.0\vs2010\obj_int_extract.vcxproj”的文件“D:\Windows\Microsoft.NET\Framework\v4.0.30319\Microsoft.Common.Targets”中的目标“CreateSatelliteAssemblies: (目标 ID: 81)”(目标“BuildLink”依赖于它):
22:53:26.007     1>已完成在项目“obj_int_extract.vcxproj”中生成目标“CreateSatelliteAssemblies”的操作。: (目标 ID: 81)
22:53:26.007     1>来自项目“E:\linphone-vc++\trunk\videos\vpx-vp8-debug-src-x86-win32mt-vs9-v1.1.0\vs2010\obj_int_extract.vcxproj”的文件“D:\Program Files\MSBuild\Microsoft.Cpp\v4.0\Microsoft.CppBuild.targets”中的目标“_Appverifier: (目标 ID: 82)”(目标“BuildLink”依赖于它):
22:53:26.007     1>已完成在项目“obj_int_extract.vcxproj”中生成目标“_Appverifier”的操作。: (目标 ID: 82)
22:53:26.007     1>来自项目“E:\linphone-vc++\trunk\videos\vpx-vp8-debug-src-x86-win32mt-vs9-v1.1.0\vs2010\obj_int_extract.vcxproj”的文件“D:\Program Files\MSBuild\Microsoft.Cpp\v4.0\Microsoft.CppBuild.targets”中的目标“_Deploy: (目标 ID: 83)”(目标“BuildLink”依赖于它):
22:53:26.007     1>已完成在项目“obj_int_extract.vcxproj”中生成目标“_Deploy”的操作。: (目标 ID: 83)
                   由于条件的计算结果为 false，已跳过目标“ComputeIntermediateSatelliteAssemblies”；(@(ReferenceSatellitePaths->'%(DestinationSubDirectory)') != '')的计算结果为( != '')。
                   由于条件的计算结果为 false，已跳过目标“_CopyFilesMarkedCopyLocal”；('@(ReferenceCopyLocalPaths)' != '')的计算结果为('' != '')。
                   已跳过目标“AssignTargetPaths”。以前的生成已成功。
                   已跳过目标“_SplitProjectReferencesByFileExistence”。以前的生成已成功。
22:53:26.007     1>来自项目“E:\linphone-vc++\trunk\videos\vpx-vp8-debug-src-x86-win32mt-vs9-v1.1.0\vs2010\obj_int_extract.vcxproj”的文件“D:\Windows\Microsoft.NET\Framework\v4.0.30319\Microsoft.Common.Targets”中的目标“GetCopyToOutputDirectoryItems: (目标 ID: 84)”(目标“_CopySourceItemsToOutputDirectory”依赖于它):
                   由于 false 条件，已跳过任务“MSBuild”；('@(_MSBuildProjectReferenceExistent)' != '' and '$(_GetChildProjectCopyToOutputDirectoryItems)' == 'true' and '%(_MSBuildProjectReferenceExistent.Private)' != 'false' and '$(UseCommonOutputDirectory)' != 'true')计算为('' != '' and 'true' == 'true' and '' != 'false' and 'false' != 'true')。
                   任务“AssignTargetPath” (任务 ID: 31)
                   已完成执行任务“AssignTargetPath”的操作。 (任务 ID: 31)
22:53:26.012     1>已完成在项目“obj_int_extract.vcxproj”中生成目标“GetCopyToOutputDirectoryItems”的操作。: (目标 ID: 84)
                   由于条件的计算结果为 false，已跳过目标“_CopyOutOfDateSourceItemsToOutputDirectory”；( '@(_SourceItemsToCopyToOutputDirectory)' != '' )的计算结果为( '' != '' )。
                   由于条件的计算结果为 false，已跳过目标“_CopyOutOfDateSourceItemsToOutputDirectoryAlways”；( '@(_SourceItemsToCopyToOutputDirectoryAlways)' != '' )的计算结果为( '' != '' )。
22:53:26.012     1>来自项目“E:\linphone-vc++\trunk\videos\vpx-vp8-debug-src-x86-win32mt-vs9-v1.1.0\vs2010\obj_int_extract.vcxproj”的文件“D:\Windows\Microsoft.NET\Framework\v4.0.30319\Microsoft.Common.Targets”中的目标“_CopySourceItemsToOutputDirectory: (目标 ID: 85)”(目标“CopyFilesToOutputDirectory”依赖于它):
22:53:26.012     1>已完成在项目“obj_int_extract.vcxproj”中生成目标“_CopySourceItemsToOutputDirectory”的操作。: (目标 ID: 85)
                   由于条件的计算结果为 false，已跳过目标“_CopyAppConfigFile”；( '@(AppConfigWithTargetPath)' != '' )的计算结果为( '' != '' )。
                   由于条件的计算结果为 false，已跳过目标“_CopyManifestFiles”；( '$(_DeploymentCopyApplicationManifest)'=='true' or '$(GenerateClickOnceManifests)'=='true' )的计算结果为( ''=='true' or ''=='true' )。
22:53:26.013     1>来自项目“E:\linphone-vc++\trunk\videos\vpx-vp8-debug-src-x86-win32mt-vs9-v1.1.0\vs2010\obj_int_extract.vcxproj”的文件“D:\Windows\Microsoft.NET\Framework\v4.0.30319\Microsoft.Common.Targets”中的目标“_CheckForCompileOutputs: (目标 ID: 86)”(目标“CopyFilesToOutputDirectory”依赖于它):
22:53:26.014     1>已完成在项目“obj_int_extract.vcxproj”中生成目标“_CheckForCompileOutputs”的操作。: (目标 ID: 86)
                   由于条件的计算结果为 false，已跳过目标“_SGenCheckForOutputs”；('$(_SGenGenerateSerializationAssembliesConfig)' == 'On' or ('@(WebReferenceUrl)'!='' and '$(_SGenGenerateSerializationAssembliesConfig)' == 'Auto'))的计算结果为('Off' == 'On' or (''!='' and 'Off' == 'Auto'))。
22:53:26.014     1>来自项目“E:\linphone-vc++\trunk\videos\vpx-vp8-debug-src-x86-win32mt-vs9-v1.1.0\vs2010\obj_int_extract.vcxproj”的文件“D:\Windows\Microsoft.NET\Framework\v4.0.30319\Microsoft.Common.Targets”中的目标“CopyFilesToOutputDirectory: (目标 ID: 87)”(目标“BuildLink”依赖于它):
                   由于 false 条件，已跳过任务“Copy”；('$(CopyBuildOutputToOutputDirectory)' == 'true' and '$(SkipCopyBuildProduct)' != 'true')计算为('true' == 'true' and 'true' != 'true')。
                   由于 false 条件，已跳过任务“Message”；('$(SkipCopyBuildProduct)'!='true')计算为('true'!='true')。
                   由于 false 条件，已跳过任务“Copy”；('@(AddModules)' != '')计算为('' != '')。
                   由于 false 条件，已跳过任务“Copy”；('$(_SGenDllCreated)'=='true')计算为('false'=='true')。
                   由于 false 条件，已跳过任务“Copy”；('$(_DebugSymbolsProduced)'=='true' and '$(SkipCopyingSymbolsToOutputDirectory)' != 'true' and '$(CopyOutputSymbolsToOutputDirectory)'=='true')计算为('false'=='true' and '' != 'true' and 'true'=='true')。
                   由于 false 条件，已跳过任务“Copy”；('$(_DocumentationFileProduced)'=='true')计算为('false'=='true')。
                   由于 false 条件，已跳过任务“Copy”；('@(IntermediateSatelliteAssembliesWithTargetPath)' != '')计算为('' != '')。
                   由于 false 条件，已跳过任务“Copy”；('@(ReferenceComWrappersToCopyLocal)' != '' or '@(ResolvedIsolatedComModules)' != '' or '@(_DeploymentLooseManifestFile)' != '' or '@(NativeReferenceFile)' != '' )计算为('' != '' or '' != '' or '' != '' or '' != '' )。
22:53:26.016     1>已完成在项目“obj_int_extract.vcxproj”中生成目标“CopyFilesToOutputDirectory”的操作。: (目标 ID: 87)
                   由于条件的计算结果为 false，已跳过目标“CustomBuildStep”；('@(CustomBuildStep)' != '' and '$(SelectedFiles)'=='')的计算结果为('' != '' and ''=='')。
22:53:26.016     1>来自项目“E:\linphone-vc++\trunk\videos\vpx-vp8-debug-src-x86-win32mt-vs9-v1.1.0\vs2010\obj_int_extract.vcxproj”的文件“D:\Program Files\MSBuild\Microsoft.Cpp\v4.0\Microsoft.CppCommon.targets”中的目标“PostBuildEvent: (目标 ID: 88)”(目标“BuildLink”依赖于它):
                   由于 false 条件，已跳过任务“Message”；('%(PostBuildEvent.Message)' != '' and '%(PostBuildEvent.Command)' != '')计算为('' != '' and '' != '')。
                   由于 false 条件，已跳过任务“Exec”；('%(PostBuildEvent.Command)' != '')计算为('' != '')。
22:53:26.017     1>已完成在项目“obj_int_extract.vcxproj”中生成目标“PostBuildEvent”的操作。: (目标 ID: 88)
22:53:26.017     1>来自项目“E:\linphone-vc++\trunk\videos\vpx-vp8-debug-src-x86-win32mt-vs9-v1.1.0\vs2010\obj_int_extract.vcxproj”的文件“D:\Windows\Microsoft.NET\Framework\v4.0.30319\Microsoft.Common.Targets”中的目标“BuildLink: (目标 ID: 89)”(目标“Build”依赖于它):
22:53:26.017     1>已完成在项目“obj_int_extract.vcxproj”中生成目标“BuildLink”的操作。: (目标 ID: 89)
22:53:26.017     1>来自项目“E:\linphone-vc++\trunk\videos\vpx-vp8-debug-src-x86-win32mt-vs9-v1.1.0\vs2010\obj_int_extract.vcxproj”的文件“D:\Program Files\MSBuild\Microsoft.Cpp\v4.0\Microsoft.BuildSteps.Targets”中的目标“AfterBuild: (目标 ID: 90)”(目标“Build”依赖于它):
22:53:26.017     1>已完成在项目“obj_int_extract.vcxproj”中生成目标“AfterBuild”的操作。: (目标 ID: 90)
22:53:26.017     1>来自项目“E:\linphone-vc++\trunk\videos\vpx-vp8-debug-src-x86-win32mt-vs9-v1.1.0\vs2010\obj_int_extract.vcxproj”的文件“D:\Program Files\MSBuild\Microsoft.Cpp\v4.0\Microsoft.CppBuild.targets”中的目标“FinalizeBuildStatus: (目标 ID: 91)”(目标“Build”依赖于它):
                   正在使用程序集“Microsoft.Build.Tasks.v4.0, Version=4.0.0.0, Culture=neutral, PublicKeyToken=b03f5f7f11d50a3a”中的“Delete”任务。
                   任务“Delete” (任务 ID: 32)
                     正在删除文件“Win32\Debug\obj_int_extract\obj_int_extract.unsuccessfulbuild”。 (任务 ID: 32)
                   已完成执行任务“Delete”的操作。 (任务 ID: 32)
                   任务“Touch” (任务 ID: 33)
                     正在对“Win32\Debug\obj_int_extract\obj_int_extract.lastbuildstate”执行 Touch 任务。 (任务 ID: 33)
                   已完成执行任务“Touch”的操作。 (任务 ID: 33)
22:53:26.042     1>已完成在项目“obj_int_extract.vcxproj”中生成目标“FinalizeBuildStatus”的操作。: (目标 ID: 91)
22:53:26.042     1>来自项目“E:\linphone-vc++\trunk\videos\vpx-vp8-debug-src-x86-win32mt-vs9-v1.1.0\vs2010\obj_int_extract.vcxproj”的文件“D:\Program Files\MSBuild\Microsoft.Cpp\v4.0\Microsoft.BuildSteps.Targets”中的目标“Build: (目标 ID: 92)”(入口点):
22:53:26.042     1>已完成在项目“obj_int_extract.vcxproj”中生成目标“Build”的操作。: (目标 ID: 92)
22:53:26.043     1>已完成生成项目“E:\linphone-vc++\trunk\videos\vpx-vp8-debug-src-x86-win32mt-vs9-v1.1.0\vs2010\obj_int_extract.vcxproj”(build 个目标)的操作。

项目性能摘要:
     5090 毫秒  E:\linphone-vc++\trunk\videos\vpx-vp8-debug-src-x86-win32mt-vs9-v1.1.0\vs2010\obj_int_extract.vcxproj   1 次调用
               5090 毫秒  build                                      1 次调用

目标性能摘要:
        0 毫秒  BeforeResourceCompile                      1 次调用
        0 毫秒  ComputeMIDLGeneratedCompileInputs          1 次调用
        0 毫秒  _Deploy                                    1 次调用
        0 毫秒  AfterBuildCompileEvent                     1 次调用
        0 毫秒  _ClCompile                                 1 次调用
        0 毫秒  CreateCustomManifestResourceNames          1 次调用
        0 毫秒  PrepareResourceNames                       1 次调用
        0 毫秒  _XdcMake                                   1 次调用
        0 毫秒  BuildCompile                               1 次调用
        0 毫秒  ComputeRCGeneratedLinkInputs               1 次调用
        0 毫秒  _CopySourceItemsToOutputDirectory          1 次调用
        0 毫秒  _GenerateWebServiceProxy                   1 次调用
        0 毫秒  BeforeBuildGenerateSources                 1 次调用
        0 毫秒  BuildLink                                  1 次调用
        0 毫秒  BeforeLink                                 1 次调用
        0 毫秒  CreateSatelliteAssemblies                  1 次调用
        0 毫秒  ComputeRCOutputs                           1 次调用
        0 毫秒  ComputeCLCompileGeneratedSbrFiles          1 次调用
        0 毫秒  _Xsd                                       1 次调用
        0 毫秒  ComputeCLInputPDBName                      1 次调用
        0 毫秒  AfterLink                                  1 次调用
        0 毫秒  GetFrameworkPaths                          1 次调用
        0 毫秒  _ResourceCompile                           1 次调用
        0 毫秒  SelectClCompile                            1 次调用
        0 毫秒  AfterResourceCompile                       1 次调用
        0 毫秒  _Midl                                      1 次调用
        0 毫秒  ResolveReferences                          1 次调用
        0 毫秒  ComputeManifestInputsTargets               1 次调用
        0 毫秒  ComputeManifestGeneratedLinkerInputs       1 次调用
        0 毫秒  AfterClCompile                             1 次调用
        0 毫秒  _ALink                                     1 次调用
        0 毫秒  BuildCompileTraverse                       1 次调用
        0 毫秒  _GenerateXMLData                           1 次调用
        0 毫秒  AfterBuild                                 1 次调用
        0 毫秒  _Link                                      1 次调用
        0 毫秒  _Appverifier                               1 次调用
        0 毫秒  AfterBuildGenerateSources                  1 次调用
        0 毫秒  PreBuildEvent                              1 次调用
        0 毫秒  BuildGenerateSources                       1 次调用
        0 毫秒  BeforeResolveReferences                    1 次调用
        0 毫秒  Build                                      1 次调用
        0 毫秒  BeforeClCompile                            1 次调用
        0 毫秒  AfterMidl                                  1 次调用
        0 毫秒  _DetermineManagedStateForLink              1 次调用
        0 毫秒  _SelectedFiles                             1 次调用
        0 毫秒  AfterBuildGenerateSourcesEvent             1 次调用
        0 毫秒  _BscMake                                   1 次调用
        0 毫秒  AfterResolveReferences                     1 次调用
        1 毫秒  ResolvedXDCMake                            1 次调用
        1 毫秒  GetReferenceAssemblyPaths                  1 次调用
        1 毫秒  BuildLinkTraverse                          1 次调用
        1 毫秒  _SplitProjectReferencesByFileExistence     1 次调用
        1 毫秒  BuildGenerateSourcesTraverse               1 次调用
        1 毫秒  ComputeLinkImportLibraryOutputsForClean    1 次调用
        1 毫秒  _DetermineManagedStateFromCL               1 次调用
        1 毫秒  ComputeReferenceCLInput                    1 次调用
        1 毫秒  MakeDirsForBscMake                         1 次调用
        1 毫秒  PlatformPrepareForBuild                    1 次调用
        1 毫秒  ComputeCLCompileGeneratedXDCFiles          1 次调用
        1 毫秒  MakeDirsForManifest                        1 次调用
        1 毫秒  PrepareForBuild                            1 次调用
        1 毫秒  ComputeLinkInputsFromProject               1 次调用
        1 毫秒  PreLinkEvent                               1 次调用
        1 毫秒  _Manifest                                  1 次调用
        1 毫秒  PostBuildEvent                             1 次调用
        1 毫秒  SelectCustomBuild                          1 次调用
        1 毫秒  MakeDirsForMidl                            1 次调用
        1 毫秒  _CheckForCompileOutputs                    1 次调用
        1 毫秒  MakeDirsForXdcMake                         1 次调用
        1 毫秒  MakeDirsForResourceCompile                 1 次调用
        2 毫秒  CopyFilesToOutputDirectory                 1 次调用
        2 毫秒  RegisterOutput                             1 次调用
        2 毫秒  ComputeCLOutputs                           1 次调用
        2 毫秒  ComputeCustomBuildOutput                   1 次调用
        3 毫秒  AssignTargetPaths                          1 次调用
        3 毫秒  _PrepareForBuild                           1 次调用
        3 毫秒  SplitResourcesByCulture                    1 次调用
        3 毫秒  _GenerateSatelliteAssemblyInputs           1 次调用
        3 毫秒  MakeDirsForLink                            1 次调用
        4 毫秒  MakeDirsForCl                              1 次调用
        5 毫秒  GetCopyToOutputDirectoryItems              1 次调用
        5 毫秒  ResolveProjectReferences                   1 次调用
        9 毫秒  InitializeBuildStatus                      1 次调用
       10 毫秒  ComputeCLGeneratedLinkInputs               1 次调用
       22 毫秒  _CheckForInvalidConfigurationAndPlatform   1 次调用
       22 毫秒  SetBuildDefaultEnvironmentVariables        1 次调用
       25 毫秒  FinalizeBuildStatus                        1 次调用
       53 毫秒  DoLinkOutputFilesMatch                     1 次调用
      999 毫秒  ClCompile                                  1 次调用
     1177 毫秒  Manifest                                   1 次调用
     2651 毫秒  Link                                       1 次调用

任务性能摘要:
        0 毫秒  Message                                    3 次调用
        1 毫秒  ReadLinesFromFile                          1 次调用
        1 毫秒  AssignCulture                              1 次调用
        2 毫秒  AssignTargetPath                           5 次调用
        3 毫秒  MakeDir                                   10 次调用
        3 毫秒  WriteLinesToFile                           1 次调用
        5 毫秒  Delete                                     1 次调用
       15 毫秒  SetEnv                                     4 次调用
       16 毫秒  Touch                                      2 次调用
       50 毫秒  VCMessage                                  1 次调用
      876 毫秒  CL                                         1 次调用
     1176 毫秒  Mt                                         1 次调用
     2648 毫秒  Link                                       1 次调用

生成成功。

已用时间 00:00:05.08
