生成启动时间为 2012/7/3 22:30:12。
开始生成时的环境:
MSBuildExtensionsPath32 = D:\Program Files\MSBuild
MSBuildExtensionsPath = D:\Program Files\MSBuild
LOCALAPPDATA = D:\Users\jacky\AppData\Local
ALLUSERSPROFILE = D:\ProgramData
APPDATA = D:\Users\jacky\AppData\Roaming
CLASSPATH = .;D:\Program Files\Java\jre6\lib\ext\QTJava.zip
CommonProgramFiles = D:\Program Files\Common Files
COMPUTERNAME = JACKY-HOME
ComSpec = D:\Windows\system32\cmd.exe
CYGWIN = ntsec tty
FP_NO_HOST_CHECK = NO
GTK_BASEPATH = C:\gtk
HOMEDRIVE = D:
HOMEPATH = \Users\jacky
INCLUDE = D:\Program Files\Intel\IPP\5.1\ia32\include;C:\GTK\INCLUDE;C:\GTK\INCLUDE\GTK-2.0;C:\GTK\INCLUDE\GLIB-2.0;C:\GTK\INCLUDE\PANGO-1.0;C:\GTK\INCLUDE\CAIRO;C:\GTK\INCLUDE\ATK-1.0;C:\GTK\INCLUDE\GTKGLEXT-1.0;C:\GTK\LIB\GTK-2.0\INCLUDE;C:\GTK\LIB\GLIB-2.0\INCLUDE;C:\GTK\LIB\GTKGLEXT-1.0\INCLUDE;C:\GTK\INCLUDE\LIBGLADE-2.0;C:\GTK\INCLUDE\LIBXML2;
INTEL_LICENSE_FILE = D:\Program Files\Common Files\Intel\Licenses
LANG = zh_CN
LIB = D:\Program Files\Intel\IPP\5.1\ia32\lib;D:\Program Files\Intel\IPP\5.1\ia32\stublib;C:\GTK\LIB;
LOGONSERVER = \\JACKY-HOME
NUMBER_OF_PROCESSORS = 2
OS = Windows_NT
Path = D:\Program Files\Common Files\Microsoft Shared\Windows Live;D:\Program Files\Intel\IPP\5.1\ia32\bin;C:\gtk\bin;D:\Windows\system32;D:\Windows;D:\Windows\System32\Wbem;D:\Windows\System32\WindowsPowerShell\v1.0\;D:\Program Files\Windows Live\Shared;d:\qt\4.8.0\\bin;D:\Program Files\Microsoft SQL Server\100\Tools\Binn\;D:\Program Files\Microsoft SQL Server\100\DTS\Binn\;D:\Program Files\Microsoft SQL Server\100\Tools\Binn\VSShell\Common7\IDE\;D:\Program Files\Microsoft Visual Studio 9.0\Common7\IDE\PrivateAssemblies\;D:\Program Files\QuickTime\QTSystem\;D:\Program Files\TortoiseSVN\bin
PATHEXT = .COM;.EXE;.BAT;.CMD;.VBS;.VBE;.JS;.JSE;.WSF;.WSH;.MSC
PROCESSOR_ARCHITECTURE = x86
PROCESSOR_IDENTIFIER = x86 Family 6 Model 14 Stepping 12, GenuineIntel
PROCESSOR_LEVEL = 6
PROCESSOR_REVISION = 0e0c
ProgramData = D:\ProgramData
ProgramFiles = D:\Program Files
PSModulePath = D:\Windows\system32\WindowsPowerShell\v1.0\Modules\
PUBLIC = D:\Users\Public
QTDIR = d:\qt\4.8.0\
QTJAVA = D:\Program Files\Java\jre6\lib\ext\QTJava.zip
SESSIONNAME = Console
SystemDrive = D:
SystemRoot = D:\Windows
TEMP = D:\Users\jacky\AppData\Local\Temp
TMP = D:\Users\jacky\AppData\Local\Temp
USERDOMAIN = jacky-home
USERNAME = jacky
USERPROFILE = D:\Users\jacky
VBOX_INSTALL_PATH = D:\Program Files\Oracle\VirtualBox\
VisualStudioDir = D:\Users\jacky\Documents\Visual Studio 2010
VS100COMNTOOLS = D:\Program Files\Microsoft Visual Studio 10.0\Common7\Tools\
windir = D:\Windows
YASMPATH = D:\Program Files\Microsoft Visual Studio 10.0\VC\bin\

22:30:12.676     1>项目“E:\linphone-vc++\trunk\videos\vpx-vp8-debug-src-x86-win32mt-vs9-v1.1.0\build\vpx.vcxproj”在节点 2 上(build 个目标)。
22:30:12.676     1>正在使用工具版本“4.0”进行生成。
22:30:12.676     1>来自项目“E:\linphone-vc++\trunk\videos\vpx-vp8-debug-src-x86-win32mt-vs9-v1.1.0\build\vpx.vcxproj”的文件“D:\Windows\Microsoft.NET\Framework\v4.0.30319\Microsoft.Common.Targets”中的目标“_CheckForInvalidConfigurationAndPlatform: (目标 ID: 2)”(入口点):
                   由于 false 条件，已跳过任务“Error”；( '$(_InvalidConfigurationError)' == 'true' )计算为( '' == 'true' )。
                   由于 false 条件，已跳过任务“Warning”；( '$(_InvalidConfigurationWarning)' == 'true' )计算为( '' == 'true' )。
                   正在使用程序集“Microsoft.Build.Tasks.v4.0, Version=4.0.0.0, Culture=neutral, PublicKeyToken=b03f5f7f11d50a3a”中的“Message”任务。
                   任务“Message” (任务 ID: 2)
                     Configuration=Debug (任务 ID: 2)
                   已完成执行任务“Message”的操作。 (任务 ID: 2)
                   任务“Message” (任务 ID: 3)
                     Platform=Win32 (任务 ID: 3)
                   已完成执行任务“Message”的操作。 (任务 ID: 3)
                   由于 false 条件，已跳过任务“Error”；('$(OutDir)' != '' and !HasTrailingSlash('$(OutDir)'))计算为('E:\linphone-vc++\trunk\videos\vpx-vp8-debug-src-x86-win32mt-vs9-v1.1.0\build\Win32\Debug\' != '' and !HasTrailingSlash('E:\linphone-vc++\trunk\videos\vpx-vp8-debug-src-x86-win32mt-vs9-v1.1.0\build\Win32\Debug\'))。
                   由于 false 条件，已跳过任务“Error”；('$(BaseIntermediateOutputPath)' != '' and !HasTrailingSlash('$(BaseIntermediateOutputPath)'))计算为('obj\' != '' and !HasTrailingSlash('obj\'))。
                   由于 false 条件，已跳过任务“Error”；('$(IntermediateOutputPath)' != '' and !HasTrailingSlash('$(IntermediateOutputPath)'))计算为('Win32\Debug\vpx\' != '' and !HasTrailingSlash('Win32\Debug\vpx\'))。
22:30:12.682     1>已完成在项目“vpx.vcxproj”中生成目标“_CheckForInvalidConfigurationAndPlatform”的操作。: (目标 ID: 2)
22:30:12.682     1>来自项目“E:\linphone-vc++\trunk\videos\vpx-vp8-debug-src-x86-win32mt-vs9-v1.1.0\build\vpx.vcxproj”的文件“D:\Program Files\MSBuild\Microsoft.Cpp\v4.0\Microsoft.CppBuild.targets”中的目标“_DetermineManagedStateFromCL: (目标 ID: 3)”(目标“Build”依赖于它):
22:30:12.682     1>已完成在项目“vpx.vcxproj”中生成目标“_DetermineManagedStateFromCL”的操作。: (目标 ID: 3)
22:30:12.682     1>来自项目“E:\linphone-vc++\trunk\videos\vpx-vp8-debug-src-x86-win32mt-vs9-v1.1.0\build\vpx.vcxproj”的文件“D:\Program Files\MSBuild\Microsoft.Cpp\v4.0\Microsoft.BuildSteps.Targets”中的目标“_PrepareForBuild: (目标 ID: 4)”(目标“Build”依赖于它):
22:30:12.684     1>已完成在项目“vpx.vcxproj”中生成目标“_PrepareForBuild”的操作。: (目标 ID: 4)
22:30:12.684     1>来自项目“E:\linphone-vc++\trunk\videos\vpx-vp8-debug-src-x86-win32mt-vs9-v1.1.0\build\vpx.vcxproj”的文件“D:\Program Files\MSBuild\Microsoft.Cpp\v4.0\Microsoft.Cpp.targets”中的目标“SetBuildDefaultEnvironmentVariables: (目标 ID: 5)”(目标“Build”依赖于它):
                   正在使用程序集“Microsoft.Build.CppTasks.Common, Version=4.0.0.0, Culture=neutral, PublicKeyToken=b03f5f7f11d50a3a”中的“SetEnv”任务。
                   任务“SetEnv” (任务 ID: 4)
                     PATH=D:\Program Files\Microsoft Visual Studio 10.0\VC\bin;D:\Program Files\Microsoft SDKs\Windows\v7.0A\bin\NETFX 4.0 Tools;D:\Program Files\Microsoft SDKs\Windows\v7.0A\bin;D:\Program Files\Microsoft Visual Studio 10.0\Common7\Tools\bin;D:\Program Files\Microsoft Visual Studio 10.0\Common7\tools;D:\Program Files\Microsoft Visual Studio 10.0\Common7\ide;D:\Program Files\HTML Help Workshop;D:\Program Files\Microsoft SDKs\Windows\v7.0A\\bin;D:\Windows\Microsoft.NET\Framework\v4.0.30319\;D:\Program Files\Microsoft Visual Studio 10.0\;D:\Windows\SysWow64;;D:\Program Files\Common Files\Microsoft Shared\Windows Live;D:\Program Files\Intel\IPP\5.1\ia32\bin;C:\gtk\bin;D:\Windows\system32;D:\Windows;D:\Windows\System32\Wbem;D:\Windows\System32\WindowsPowerShell\v1.0\;D:\Program Files\Windows Live\Shared;d:\qt\4.8.0\\bin;D:\Program Files\Microsoft SQL Server\100\Tools\Binn\;D:\Program Files\Microsoft SQL Server\100\DTS\Binn\;D:\Program Files\Microsoft SQL Server\100\Tools\Binn\VSShell\Common7\IDE\;D:\Program Files\Microsoft Visual Studio 9.0\Common7\IDE\PrivateAssemblies\;D:\Program Files\QuickTime\QTSystem\;D:\Program Files\TortoiseSVN\bin; (任务 ID: 4)
                   已完成执行任务“SetEnv”的操作。 (任务 ID: 4)
                   由于 false 条件，已跳过任务“SetEnv”；('$(_IsNativeEnvironment)' == 'true')计算为('' == 'true')。
                   任务“SetEnv” (任务 ID: 5)
                     LIB=D:\Program Files\Microsoft Visual Studio 10.0\VC\lib;D:\Program Files\Microsoft Visual Studio 10.0\VC\atlmfc\lib;D:\Program Files\Microsoft SDKs\Windows\v7.0A\lib;D:\Program Files\Microsoft SDKs\Windows\v7.0A\\lib (任务 ID: 5)
                   已完成执行任务“SetEnv”的操作。 (任务 ID: 5)
                   任务“SetEnv” (任务 ID: 6)
                     LIBPATH=D:\Program Files\Microsoft Visual Studio 10.0\VC\atlmfc\lib;D:\Program Files\Microsoft Visual Studio 10.0\VC\lib (任务 ID: 6)
                   已完成执行任务“SetEnv”的操作。 (任务 ID: 6)
                   任务“SetEnv” (任务 ID: 7)
                     INCLUDE=D:\Program Files\Microsoft Visual Studio 10.0\VC\include;D:\Program Files\Microsoft Visual Studio 10.0\VC\atlmfc\include;D:\Program Files\Microsoft SDKs\Windows\v7.0A\include;D:\Program Files\Microsoft SDKs\Windows\v7.0A\\include; (任务 ID: 7)
                   已完成执行任务“SetEnv”的操作。 (任务 ID: 7)
22:30:12.702     1>已完成在项目“vpx.vcxproj”中生成目标“SetBuildDefaultEnvironmentVariables”的操作。: (目标 ID: 5)
                   由于条件的计算结果为 false，已跳过目标“SetUserMacroEnvironmentVariables”；('@(BuildMacro)' != '')的计算结果为('' != '')。
22:30:12.702     1>来自项目“E:\linphone-vc++\trunk\videos\vpx-vp8-debug-src-x86-win32mt-vs9-v1.1.0\build\vpx.vcxproj”的文件“D:\Windows\Microsoft.NET\Framework\v4.0.30319\Microsoft.Common.Targets”中的目标“BeforeResolveReferences: (目标 ID: 6)”(目标“ResolveReferences”依赖于它):
22:30:12.702     1>已完成在项目“vpx.vcxproj”中生成目标“BeforeResolveReferences”的操作。: (目标 ID: 6)
22:30:12.702     1>来自项目“E:\linphone-vc++\trunk\videos\vpx-vp8-debug-src-x86-win32mt-vs9-v1.1.0\build\vpx.vcxproj”的文件“D:\Windows\Microsoft.NET\Framework\v4.0.30319\Microsoft.Common.Targets”中的目标“AssignProjectConfiguration: (目标 ID: 7)”(目标“ResolveReferences”依赖于它):
                   正在使用程序集“Microsoft.Build.Tasks.v4.0, Version=4.0.0.0, Culture=neutral, PublicKeyToken=b03f5f7f11d50a3a”中的“AssignProjectConfiguration”任务。
                   任务“AssignProjectConfiguration” (任务 ID: 8)
                     已为项目引用“obj_int_extract.vcxproj”指定了“Debug|Win32”配置。 (任务 ID: 8)
                   已完成执行任务“AssignProjectConfiguration”的操作。 (任务 ID: 8)
22:30:12.704     1>已完成在项目“vpx.vcxproj”中生成目标“AssignProjectConfiguration”的操作。: (目标 ID: 7)
                   已跳过目标“AssignProjectConfiguration”。以前的生成已成功。
22:30:12.704     1>来自项目“E:\linphone-vc++\trunk\videos\vpx-vp8-debug-src-x86-win32mt-vs9-v1.1.0\build\vpx.vcxproj”的文件“D:\Windows\Microsoft.NET\Framework\v4.0.30319\Microsoft.Common.Targets”中的目标“_SplitProjectReferencesByFileExistence: (目标 ID: 8)”(目标“ResolveProjectReferences”依赖于它):
                   正在使用程序集“Microsoft.Build.Tasks.v4.0, Version=4.0.0.0, Culture=neutral, PublicKeyToken=b03f5f7f11d50a3a”中的“ResolveNonMSBuildProjectOutput”任务。
                   任务“ResolveNonMSBuildProjectOutput” (任务 ID: 9)
                     正在解析项目引用“obj_int_extract.vcxproj”。 (任务 ID: 9)
                     尚未解析项目引用“obj_int_extract.vcxproj”。 (任务 ID: 9)
                   已完成执行任务“ResolveNonMSBuildProjectOutput”的操作。 (任务 ID: 9)
22:30:12.705     1>已完成在项目“vpx.vcxproj”中生成目标“_SplitProjectReferencesByFileExistence”的操作。: (目标 ID: 8)
22:30:12.705     1>来自项目“E:\linphone-vc++\trunk\videos\vpx-vp8-debug-src-x86-win32mt-vs9-v1.1.0\build\vpx.vcxproj”的文件“D:\Program Files\MSBuild\Microsoft.Cpp\v4.0\Microsoft.CppBuild.targets”中的目标“_RemoveNameMetadataFromProjectReferenceItems: (目标 ID: 9)”(目标“ResolveProjectReferences”依赖于它):
22:30:12.705     1>已完成在项目“vpx.vcxproj”中生成目标“_RemoveNameMetadataFromProjectReferenceItems”的操作。: (目标 ID: 9)
22:30:12.705     1>来自项目“E:\linphone-vc++\trunk\videos\vpx-vp8-debug-src-x86-win32mt-vs9-v1.1.0\build\vpx.vcxproj”的文件“D:\Windows\Microsoft.NET\Framework\v4.0.30319\Microsoft.Common.Targets”中的目标“ResolveProjectReferences: (目标 ID: 10)”(目标“ResolveReferences”依赖于它):
                   正在使用程序集“Microsoft.Build.Tasks.v4.0, Version=4.0.0.0, Culture=neutral, PublicKeyToken=b03f5f7f11d50a3a”中的“MSBuild”任务。
                   任务“MSBuild” (任务 ID: 10)
                     全局属性: (任务 ID: 10)
                       Configuration=Debug (任务 ID: 10)
                       Platform=Win32 (任务 ID: 10)
                   已完成执行任务“MSBuild”的操作。 (任务 ID: 10)
                   由于 false 条件，已跳过任务“MSBuild”；('%(_MSBuildProjectReferenceExistent.BuildReference)' == 'true' and '@(ProjectReferenceWithConfiguration)' != '' and '$(BuildingInsideVisualStudio)' != 'true' and '$(BuildProjectReferences)' == 'true' and '@(_MSBuildProjectReferenceExistent)' != '')计算为('true' == 'true' and 'obj_int_extract.vcxproj' != '' and 'true' != 'true' and 'true' == 'true' and 'obj_int_extract.vcxproj' != '')。
                   任务“MSBuild” (任务 ID: 11)
22:30:12.676     1>项目“E:\linphone-vc++\trunk\videos\vpx-vp8-debug-src-x86-win32mt-vs9-v1.1.0\build\vpx.vcxproj”(1)正在节点 3 上生成“E:\linphone-vc++\trunk\videos\vpx-vp8-debug-src-x86-win32mt-vs9-v1.1.0\build\obj_int_extract.vcxproj”(2) (GetTargetPath 个目标)。
                   ResolveProjectReferences: (目标 ID: 10)
                     全局属性: (任务 ID: 11)
22:30:12.799     2>正在使用工具版本“4.0”进行生成。
22:30:12.705     1>ResolveProjectReferences: (目标 ID: 10)
                       Configuration=Debug (任务 ID: 11)
                       Platform=Win32 (任务 ID: 11)
22:30:12.799     2>来自项目“E:\linphone-vc++\trunk\videos\vpx-vp8-debug-src-x86-win32mt-vs9-v1.1.0\build\obj_int_extract.vcxproj”的文件“D:\Windows\Microsoft.NET\Framework\v4.0.30319\Microsoft.Common.Targets”中的目标“_CheckForInvalidConfigurationAndPlatform: (目标 ID: 2)”(入口点):
22:30:12.799     2>由于 false 条件，已跳过任务“Error”；( '$(_InvalidConfigurationError)' == 'true' )计算为( '' == 'true' )。
                   由于 false 条件，已跳过任务“Warning”；( '$(_InvalidConfigurationWarning)' == 'true' )计算为( '' == 'true' )。
                   正在使用程序集“Microsoft.Build.Tasks.v4.0, Version=4.0.0.0, Culture=neutral, PublicKeyToken=b03f5f7f11d50a3a”中的“Message”任务。
                   任务“Message” (任务 ID: 2)
                     Configuration=Debug (任务 ID: 2)
                   已完成执行任务“Message”的操作。 (任务 ID: 2)
                   任务“Message” (任务 ID: 3)
                     Platform=Win32 (任务 ID: 3)
                   已完成执行任务“Message”的操作。 (任务 ID: 3)
                   由于 false 条件，已跳过任务“Error”；('$(OutDir)' != '' and !HasTrailingSlash('$(OutDir)'))计算为('E:\linphone-vc++\trunk\videos\vpx-vp8-debug-src-x86-win32mt-vs9-v1.1.0\build\Win32\Debug\' != '' and !HasTrailingSlash('E:\linphone-vc++\trunk\videos\vpx-vp8-debug-src-x86-win32mt-vs9-v1.1.0\build\Win32\Debug\'))。
                   由于 false 条件，已跳过任务“Error”；('$(BaseIntermediateOutputPath)' != '' and !HasTrailingSlash('$(BaseIntermediateOutputPath)'))计算为('obj\' != '' and !HasTrailingSlash('obj\'))。
                   由于 false 条件，已跳过任务“Error”；('$(IntermediateOutputPath)' != '' and !HasTrailingSlash('$(IntermediateOutputPath)'))计算为('Win32\Debug\obj_int_extract\' != '' and !HasTrailingSlash('Win32\Debug\obj_int_extract\'))。
22:30:12.811     2>已完成在项目“obj_int_extract.vcxproj”中生成目标“_CheckForInvalidConfigurationAndPlatform”的操作。: (目标 ID: 2)
22:30:12.811     2>来自项目“E:\linphone-vc++\trunk\videos\vpx-vp8-debug-src-x86-win32mt-vs9-v1.1.0\build\obj_int_extract.vcxproj”的文件“D:\Program Files\MSBuild\Microsoft.Cpp\v4.0\Microsoft.CppBuild.targets”中的目标“_DetermineManagedStateFromCL: (目标 ID: 3)”(目标“GetTargetPath”依赖于它):
22:30:12.812     2>已完成在项目“obj_int_extract.vcxproj”中生成目标“_DetermineManagedStateFromCL”的操作。: (目标 ID: 3)
22:30:12.812     2>来自项目“E:\linphone-vc++\trunk\videos\vpx-vp8-debug-src-x86-win32mt-vs9-v1.1.0\build\obj_int_extract.vcxproj”的文件“D:\Program Files\MSBuild\Microsoft.Cpp\v4.0\Microsoft.CppBuild.targets”中的目标“GetTargetPath: (目标 ID: 4)”(入口点):
22:30:12.812     2>已完成在项目“obj_int_extract.vcxproj”中生成目标“GetTargetPath”的操作。: (目标 ID: 4)
22:30:12.812     2>已完成生成项目“E:\linphone-vc++\trunk\videos\vpx-vp8-debug-src-x86-win32mt-vs9-v1.1.0\build\obj_int_extract.vcxproj”(GetTargetPath 个目标)的操作。
22:30:12.676     1>项目“E:\linphone-vc++\trunk\videos\vpx-vp8-debug-src-x86-win32mt-vs9-v1.1.0\build\vpx.vcxproj”(1)正在节点 3 上生成“E:\linphone-vc++\trunk\videos\vpx-vp8-debug-src-x86-win32mt-vs9-v1.1.0\build\obj_int_extract.vcxproj”(2:2) (GetNativeManifest 个目标)。
22:30:12.831   2:2>正在使用工具版本“4.0”进行生成。
                   已跳过目标“_CheckForInvalidConfigurationAndPlatform”。以前的生成已成功。
22:30:12.831   2:2>来自项目“E:\linphone-vc++\trunk\videos\vpx-vp8-debug-src-x86-win32mt-vs9-v1.1.0\build\obj_int_extract.vcxproj”的文件“D:\Program Files\MSBuild\Microsoft.Cpp\v4.0\Microsoft.CppCommon.targets”中的目标“GetNativeManifest: (目标 ID: 5)”(入口点):
22:30:12.834   2:2>已完成在项目“obj_int_extract.vcxproj”中生成目标“GetNativeManifest”的操作。: (目标 ID: 5)
22:30:12.834   2:2>已完成生成项目“E:\linphone-vc++\trunk\videos\vpx-vp8-debug-src-x86-win32mt-vs9-v1.1.0\build\obj_int_extract.vcxproj”(GetNativeManifest 个目标)的操作。
22:30:12.838     1>已完成执行任务“MSBuild”的操作。 (任务 ID: 11)
                   由于 false 条件，已跳过任务“Warning”；('@(ProjectReferenceWithConfiguration)' != '' and '@(_MSBuildProjectReferenceNonexistent)' != '')计算为('obj_int_extract.vcxproj' != '' and '' != '')。
22:30:12.838     1>已完成在项目“vpx.vcxproj”中生成目标“ResolveProjectReferences”的操作。: (目标 ID: 10)
                   由于条件的计算结果为 false，已跳过目标“ResolveNativeReferences”；('@(NativeReference)'!='')的计算结果为(''!='')。
                   由于条件的计算结果为 false，已跳过目标“ResolveAssemblyReferences”；('@(Reference)'!='' or '@(_ResolvedProjectReferencePaths)'!='' or '@(_ExplicitReference)' != '')的计算结果为(''!='' or ''!='' or '' != '')。
                   由于条件的计算结果为 false，已跳过目标“ResolveComReferences”；('@(COMReference)'!='' or '@(COMFileReference)'!='')的计算结果为(''!='' or ''!='')。
22:30:12.838     1>来自项目“E:\linphone-vc++\trunk\videos\vpx-vp8-debug-src-x86-win32mt-vs9-v1.1.0\build\vpx.vcxproj”的文件“D:\Windows\Microsoft.NET\Framework\v4.0.30319\Microsoft.Common.Targets”中的目标“AfterResolveReferences: (目标 ID: 11)”(目标“ResolveReferences”依赖于它):
22:30:12.838     1>已完成在项目“vpx.vcxproj”中生成目标“AfterResolveReferences”的操作。: (目标 ID: 11)
                   由于条件的计算结果为 false，已跳过目标“ResolveTestReferences”；('@(Shadow)'!='')的计算结果为(''!='')。
22:30:12.838     1>来自项目“E:\linphone-vc++\trunk\videos\vpx-vp8-debug-src-x86-win32mt-vs9-v1.1.0\build\vpx.vcxproj”的文件“D:\Windows\Microsoft.NET\Framework\v4.0.30319\Microsoft.Common.Targets”中的目标“ResolveReferences: (目标 ID: 12)”(目标“Build”依赖于它):
22:30:12.838     1>已完成在项目“vpx.vcxproj”中生成目标“ResolveReferences”的操作。: (目标 ID: 12)
22:30:12.838     1>来自项目“E:\linphone-vc++\trunk\videos\vpx-vp8-debug-src-x86-win32mt-vs9-v1.1.0\build\vpx.vcxproj”的文件“D:\Program Files\MSBuild\Microsoft.Cpp\v4.0\Platforms\Win32\Microsoft.Cpp.Win32.Targets”中的目标“PlatformPrepareForBuild: (目标 ID: 13)”(目标“PrepareForBuild”依赖于它):
                   由于 false 条件，已跳过任务“VCMessage”；(!(exists('$(VCTargetsPath)\Platforms\Win32\PlatformToolsets\$(PlatformToolset)\Microsoft.Cpp.Win32.$(PlatformToolset).targets')))计算为(!(exists('D:\Program Files\MSBuild\Microsoft.Cpp\v4.0\\Platforms\Win32\PlatformToolsets\v100\Microsoft.Cpp.Win32.v100.targets')))。
22:30:12.840     1>已完成在项目“vpx.vcxproj”中生成目标“PlatformPrepareForBuild”的操作。: (目标 ID: 13)
22:30:12.840     1>来自项目“E:\linphone-vc++\trunk\videos\vpx-vp8-debug-src-x86-win32mt-vs9-v1.1.0\build\vpx.vcxproj”的文件“D:\Windows\Microsoft.NET\Framework\v4.0.30319\Microsoft.NETFramework.targets”中的目标“GetFrameworkPaths: (目标 ID: 14)”(目标“PrepareForBuild”依赖于它):
22:30:12.840     1>已完成在项目“vpx.vcxproj”中生成目标“GetFrameworkPaths”的操作。: (目标 ID: 14)
                   由于条件的计算结果为 false，已跳过目标“GetWinFXPath”；(('@(Page)' != '' or '@(ApplicationDefinition)' != '' or '@(Resource)' != '') and ('$(GetWinFXNativePath)' != '' or '$(GetWinFXWoWPath)' != '' ))的计算结果为(('' != '' or '' != '' or '' != '') and ('' != '' or '' != '' ))。
22:30:12.840     1>来自项目“E:\linphone-vc++\trunk\videos\vpx-vp8-debug-src-x86-win32mt-vs9-v1.1.0\build\vpx.vcxproj”的文件“D:\Windows\Microsoft.NET\Framework\v4.0.30319\Microsoft.Common.Targets”中的目标“GetReferenceAssemblyPaths: (目标 ID: 15)”(目标“PrepareForBuild”依赖于它):
                   由于 false 条件，已跳过任务“GetReferenceAssemblyPaths”；('$(TargetFrameworkMoniker)' != '' and ('$(_TargetFrameworkDirectories)' == '' or '$(_FullFrameworkReferenceAssemblyPaths)' == ''))计算为('.NETFramework,Version=v4.0' != '' and ('D:\Program Files\Reference Assemblies\Microsoft\Framework\.NETFramework\v4.0' == '' or 'D:\Program Files\Reference Assemblies\Microsoft\Framework\.NETFramework\v4.0' == ''))。
22:30:12.841     1>已完成在项目“vpx.vcxproj”中生成目标“GetReferenceAssemblyPaths”的操作。: (目标 ID: 15)
22:30:12.841     1>来自项目“E:\linphone-vc++\trunk\videos\vpx-vp8-debug-src-x86-win32mt-vs9-v1.1.0\build\vpx.vcxproj”的文件“D:\Program Files\MSBuild\Microsoft.Cpp\v4.0\Microsoft.CppBuild.targets”中的目标“PrepareForBuild: (目标 ID: 16)”(目标“Build”依赖于它):
                   由于 false 条件，已跳过任务“VCMessage”；('$(DesignTimeBuild)'!='true' and '$(ConfigurationPlatformExists)' != 'true')计算为(''!='true' and 'true' != 'true')。
                   正在使用程序集“Microsoft.Build.Tasks.v4.0, Version=4.0.0.0, Culture=neutral, PublicKeyToken=b03f5f7f11d50a3a”中的“MakeDir”任务。
                   任务“MakeDir” (任务 ID: 12)
                   已完成执行任务“MakeDir”的操作。 (任务 ID: 12)
                   由于 false 条件，已跳过任务“VCMessage”；('$(DesignTimeBuild)'!='true' and '$(VCInstallDir)'=='' and '$(UseEnv)' != 'true' and ($(TargetFrameworkVersion)=='v3.5' or $(TargetFrameworkVersion)=='v3.0' or $(TargetFrameworkVersion)=='v2.0' ))计算为(''!='true' and 'D:\Program Files\Microsoft Visual Studio 10.0\VC\'=='' and '' != 'true' and (v4.0=='v3.5' or v4.0=='v3.0' or v4.0=='v2.0' ))。
                   由于 false 条件，已跳过任务“VCMessage”；('$(DesignTimeBuild)'!='true' and '$(VCInstallDir)'=='' and '$(UseEnv)' != 'true' and '$(PlatformToolset)'=='v90')计算为(''!='true' and 'D:\Program Files\Microsoft Visual Studio 10.0\VC\'=='' and '' != 'true' and 'v100'=='v90')。
                   由于 false 条件，已跳过任务“VCMessage”；('$(VCInstallDir)'=='' and '$(UseEnv)' != 'true')计算为('D:\Program Files\Microsoft Visual Studio 10.0\VC\'=='' and '' != 'true')。
                   由于 false 条件，已跳过任务“VCMessage”；('$(WindowsSDKDir)'=='' and '$(UseEnv)' != 'true')计算为('D:\Program Files\Microsoft SDKs\Windows\v7.0A\'=='' and '' != 'true')。
                   由于 false 条件，已跳过任务“VCMessage”；('$(IntDirTrailingSlashWarning)'=='true')计算为(''=='true')。
                   由于 false 条件，已跳过任务“VCMessage”；('$(OutDirTrailingSlashWarning)'=='true')计算为(''=='true')。
                   任务“MakeDir” (任务 ID: 13)
                   已完成执行任务“MakeDir”的操作。 (任务 ID: 13)
22:30:12.844     1>已完成在项目“vpx.vcxproj”中生成目标“PrepareForBuild”的操作。: (目标 ID: 16)
                   已跳过目标“PrepareForBuild”。以前的生成已成功。
22:30:12.844     1>来自项目“E:\linphone-vc++\trunk\videos\vpx-vp8-debug-src-x86-win32mt-vs9-v1.1.0\build\vpx.vcxproj”的文件“D:\Program Files\MSBuild\Microsoft.Cpp\v4.0\Microsoft.CppBuild.targets”中的目标“InitializeBuildStatus: (目标 ID: 17)”(目标“Build”依赖于它):
                   正在使用程序集“Microsoft.Build.Tasks.v4.0, Version=4.0.0.0, Culture=neutral, PublicKeyToken=b03f5f7f11d50a3a”中的“ReadLinesFromFile”任务。
                   任务“ReadLinesFromFile” (任务 ID: 14)
                   已完成执行任务“ReadLinesFromFile”的操作。 (任务 ID: 14)
                   正在使用程序集“Microsoft.Build.Tasks.v4.0, Version=4.0.0.0, Culture=neutral, PublicKeyToken=b03f5f7f11d50a3a”中的“WriteLinesToFile”任务。
                   任务“WriteLinesToFile” (任务 ID: 15)
                   已完成执行任务“WriteLinesToFile”的操作。 (任务 ID: 15)
                   正在使用程序集“Microsoft.Build.Tasks.v4.0, Version=4.0.0.0, Culture=neutral, PublicKeyToken=b03f5f7f11d50a3a”中的“Touch”任务。
                   任务“Touch” (任务 ID: 16)
                     正在对“Win32\Debug\vpx\vpx.unsuccessfulbuild”执行 Touch 任务。 (任务 ID: 16)
                   已完成执行任务“Touch”的操作。 (任务 ID: 16)
22:30:12.857     1>已完成在项目“vpx.vcxproj”中生成目标“InitializeBuildStatus”的操作。: (目标 ID: 17)
                   已跳过目标“AssignProjectConfiguration”。以前的生成已成功。
                   已跳过目标“_SplitProjectReferencesByFileExistence”。以前的生成已成功。
22:30:12.857     1>来自项目“E:\linphone-vc++\trunk\videos\vpx-vp8-debug-src-x86-win32mt-vs9-v1.1.0\build\vpx.vcxproj”的文件“D:\Windows\Microsoft.NET\Framework\v4.0.30319\Microsoft.Common.Targets”中的目标“BuildGenerateSourcesTraverse: (目标 ID: 18)”(目标“BuildGenerateSources”依赖于它):
                   由于 false 条件，已跳过任务“MSBuild”；('$(BuildPassReferences)' == 'true' and '@(ProjectReferenceWithConfiguration)' != '' and '@(_MSBuildProjectReferenceExistent)' != '' and '%(_MSBuildProjectReferenceExistent.BuildReference)' == 'true')计算为('' == 'true' and 'obj_int_extract.vcxproj' != '' and 'obj_int_extract.vcxproj' != '' and 'true' == 'true')。
22:30:12.858     1>已完成在项目“vpx.vcxproj”中生成目标“BuildGenerateSourcesTraverse”的操作。: (目标 ID: 18)
                   已跳过目标“SetBuildDefaultEnvironmentVariables”。以前的生成已成功。
                   由于条件的计算结果为 false，已跳过目标“SetUserMacroEnvironmentVariables”；('@(BuildMacro)' != '')的计算结果为('' != '')。
                   已跳过目标“PrepareForBuild”。以前的生成已成功。
                   已跳过目标“ResolveReferences”。以前的生成已成功。
22:30:12.858     1>来自项目“E:\linphone-vc++\trunk\videos\vpx-vp8-debug-src-x86-win32mt-vs9-v1.1.0\build\vpx.vcxproj”的文件“D:\Program Files\MSBuild\Microsoft.Cpp\v4.0\Microsoft.BuildSteps.Targets”中的目标“BeforeBuildGenerateSources: (目标 ID: 19)”(目标“BuildGenerateSources”依赖于它):
22:30:12.858     1>已完成在项目“vpx.vcxproj”中生成目标“BeforeBuildGenerateSources”的操作。: (目标 ID: 19)
22:30:12.858     1>来自项目“E:\linphone-vc++\trunk\videos\vpx-vp8-debug-src-x86-win32mt-vs9-v1.1.0\build\vpx.vcxproj”的文件“D:\Program Files\MSBuild\Microsoft.Cpp\v4.0\Microsoft.CppCommon.targets”中的目标“PreBuildEvent: (目标 ID: 20)”(目标“BuildGenerateSources”依赖于它):
                   由于 false 条件，已跳过任务“Message”；('%(PreBuildEvent.Message)' != '' and '%(PreBuildEvent.Command)' != '')计算为('' != '' and 'call obj_int_extract.bat ..\src' != '')。
                   正在使用程序集“Microsoft.Build.Tasks.v4.0, Version=4.0.0.0, Culture=neutral, PublicKeyToken=b03f5f7f11d50a3a”中的“Exec”任务。
                   任务“Exec” (任务 ID: 17)
                     call obj_int_extract.bat ..\src
                     :VCEnd (任务 ID: 17)
                     asm_com_offsets.c (任务 ID: 17)
                     asm_dec_offsets.c (任务 ID: 17)
                     asm_enc_offsets.c (任务 ID: 17)
                   已完成执行任务“Exec”的操作。 (任务 ID: 17)
22:30:14.759     1>已完成在项目“vpx.vcxproj”中生成目标“PreBuildEvent”的操作。: (目标 ID: 20)
                   由于条件的计算结果为 false，已跳过目标“CustomBuild”；('@(CustomBuild)' != '')的计算结果为('' != '')。
                   已跳过目标“PrepareForBuild”。以前的生成已成功。
                   已跳过目标“SetBuildDefaultEnvironmentVariables”。以前的生成已成功。
                   由于条件的计算结果为 false，已跳过目标“SetUserMacroEnvironmentVariables”；('@(BuildMacro)' != '')的计算结果为('' != '')。
22:30:14.759     1>来自项目“E:\linphone-vc++\trunk\videos\vpx-vp8-debug-src-x86-win32mt-vs9-v1.1.0\build\vpx.vcxproj”的文件“D:\Program Files\MSBuild\Microsoft.Cpp\v4.0\Microsoft.CppBuild.targets”中的目标“_SelectedFiles: (目标 ID: 21)”(目标“_YASM”依赖于它):
22:30:14.759     1>已完成在项目“vpx.vcxproj”中生成目标“_SelectedFiles”的操作。: (目标 ID: 21)
22:30:14.759     1>来自项目“E:\linphone-vc++\trunk\videos\vpx-vp8-debug-src-x86-win32mt-vs9-v1.1.0\build\vpx.vcxproj”的文件“E:\linphone-vc++\trunk\videos\vpx-vp8-debug-src-x86-win32mt-vs9-v1.1.0\src\build\x86-msvs\yasm.targets”中的目标“ComputeYASMOutput: (目标 ID: 22)”(目标“_YASM”依赖于它):
                   任务“MakeDir” (任务 ID: 18)
                   已完成执行任务“MakeDir”的操作。 (任务 ID: 18)
22:30:14.783     1>已完成在项目“vpx.vcxproj”中生成目标“ComputeYASMOutput”的操作。: (目标 ID: 22)
22:30:14.783     1>来自项目“E:\linphone-vc++\trunk\videos\vpx-vp8-debug-src-x86-win32mt-vs9-v1.1.0\build\vpx.vcxproj”的文件“E:\linphone-vc++\trunk\videos\vpx-vp8-debug-src-x86-win32mt-vs9-v1.1.0\src\build\x86-msvs\yasm.targets”中的目标“_YASM: (目标 ID: 23)”(目标“BuildGenerateSources”依赖于它):
                   正在完全生成目标“_YASM”。
                   输出文件“Win32\Debug\vpx\dequantize_mmx.obj”不存在。
                   任务“Message” (任务 ID: 19)
                     Assembling dequantize_mmx.asm (任务 ID: 19)
                   已完成执行任务“Message”的操作。 (任务 ID: 19)
                   任务“Message” (任务 ID: 20)
                     Assembling idctllm_mmx.asm (任务 ID: 20)
                   已完成执行任务“Message”的操作。 (任务 ID: 20)
                   任务“Message” (任务 ID: 21)
                     Assembling iwalsh_mmx.asm (任务 ID: 21)
                   已完成执行任务“Message”的操作。 (任务 ID: 21)
                   任务“Message” (任务 ID: 22)
                     Assembling loopfilter_mmx.asm (任务 ID: 22)
                   已完成执行任务“Message”的操作。 (任务 ID: 22)
                   任务“Message” (任务 ID: 23)
                     Assembling recon_mmx.asm (任务 ID: 23)
                   已完成执行任务“Message”的操作。 (任务 ID: 23)
                   任务“Message” (任务 ID: 24)
                     Assembling sad_mmx.asm (任务 ID: 24)
                   已完成执行任务“Message”的操作。 (任务 ID: 24)
                   任务“Message” (任务 ID: 25)
                     Assembling subpixel_mmx.asm (任务 ID: 25)
                   已完成执行任务“Message”的操作。 (任务 ID: 25)
                   任务“Message” (任务 ID: 26)
                     Assembling variance_impl_mmx.asm (任务 ID: 26)
                   已完成执行任务“Message”的操作。 (任务 ID: 26)
                   任务“Message” (任务 ID: 27)
                     Assembling idctllm_sse2.asm (任务 ID: 27)
                   已完成执行任务“Message”的操作。 (任务 ID: 27)
                   任务“Message” (任务 ID: 28)
                     Assembling recon_sse2.asm (任务 ID: 28)
                   已完成执行任务“Message”的操作。 (任务 ID: 28)
                   任务“Message” (任务 ID: 29)
                     Assembling sad_sse2.asm (任务 ID: 29)
                   已完成执行任务“Message”的操作。 (任务 ID: 29)
                   任务“Message” (任务 ID: 30)
                     Assembling subpixel_sse2.asm (任务 ID: 30)
                   已完成执行任务“Message”的操作。 (任务 ID: 30)
                   任务“Message” (任务 ID: 31)
                     Assembling loopfilter_sse2.asm (任务 ID: 31)
                   已完成执行任务“Message”的操作。 (任务 ID: 31)
                   任务“Message” (任务 ID: 32)
                     Assembling iwalsh_sse2.asm (任务 ID: 32)
                   已完成执行任务“Message”的操作。 (任务 ID: 32)
                   任务“Message” (任务 ID: 33)
                     Assembling variance_impl_sse2.asm (任务 ID: 33)
                   已完成执行任务“Message”的操作。 (任务 ID: 33)
                   任务“Message” (任务 ID: 34)
                     Assembling sad_sse3.asm (任务 ID: 34)
                   已完成执行任务“Message”的操作。 (任务 ID: 34)
                   任务“Message” (任务 ID: 35)
                     Assembling sad_ssse3.asm (任务 ID: 35)
                   已完成执行任务“Message”的操作。 (任务 ID: 35)
                   任务“Message” (任务 ID: 36)
                     Assembling subpixel_ssse3.asm (任务 ID: 36)
                   已完成执行任务“Message”的操作。 (任务 ID: 36)
                   任务“Message” (任务 ID: 37)
                     Assembling variance_impl_ssse3.asm (任务 ID: 37)
                   已完成执行任务“Message”的操作。 (任务 ID: 37)
                   任务“Message” (任务 ID: 38)
                     Assembling sad_sse4.asm (任务 ID: 38)
                   已完成执行任务“Message”的操作。 (任务 ID: 38)
                   任务“Message” (任务 ID: 39)
                     Assembling postproc_mmx.asm (任务 ID: 39)
                   已完成执行任务“Message”的操作。 (任务 ID: 39)
                   任务“Message” (任务 ID: 40)
                     Assembling mfqe_sse2.asm (任务 ID: 40)
                   已完成执行任务“Message”的操作。 (任务 ID: 40)
                   任务“Message” (任务 ID: 41)
                     Assembling postproc_sse2.asm (任务 ID: 41)
                   已完成执行任务“Message”的操作。 (任务 ID: 41)
                   任务“Message” (任务 ID: 42)
                     Assembling dct_mmx.asm (任务 ID: 42)
                   已完成执行任务“Message”的操作。 (任务 ID: 42)
                   任务“Message” (任务 ID: 43)
                     Assembling subtract_mmx.asm (任务 ID: 43)
                   已完成执行任务“Message”的操作。 (任务 ID: 43)
                   任务“Message” (任务 ID: 44)
                     Assembling dct_sse2.asm (任务 ID: 44)
                   已完成执行任务“Message”的操作。 (任务 ID: 44)
                   任务“Message” (任务 ID: 45)
                     Assembling fwalsh_sse2.asm (任务 ID: 45)
                   已完成执行任务“Message”的操作。 (任务 ID: 45)
                   任务“Message” (任务 ID: 46)
                     Assembling quantize_sse2.asm (任务 ID: 46)
                   已完成执行任务“Message”的操作。 (任务 ID: 46)
                   任务“Message” (任务 ID: 47)
                     Assembling subtract_sse2.asm (任务 ID: 47)
                   已完成执行任务“Message”的操作。 (任务 ID: 47)
                   任务“Message” (任务 ID: 48)
                     Assembling temporal_filter_apply_sse2.asm (任务 ID: 48)
                   已完成执行任务“Message”的操作。 (任务 ID: 48)
                   任务“Message” (任务 ID: 49)
                     Assembling quantize_ssse3.asm (任务 ID: 49)
                   已完成执行任务“Message”的操作。 (任务 ID: 49)
                   任务“Message” (任务 ID: 50)
                     Assembling quantize_sse4.asm (任务 ID: 50)
                   已完成执行任务“Message”的操作。 (任务 ID: 50)
                   任务“Message” (任务 ID: 51)
                     Assembling quantize_mmx.asm (任务 ID: 51)
                   已完成执行任务“Message”的操作。 (任务 ID: 51)
                   任务“Message” (任务 ID: 52)
                     Assembling encodeopt.asm (任务 ID: 52)
                   已完成执行任务“Message”的操作。 (任务 ID: 52)
                   任务“Message” (任务 ID: 53)
                     Assembling emms.asm (任务 ID: 53)
                   已完成执行任务“Message”的操作。 (任务 ID: 53)
                   任务“Message” (任务 ID: 54)
                     Assembling x86_abi_support.asm (任务 ID: 54)
                   已完成执行任务“Message”的操作。 (任务 ID: 54)
                   任务“Message” (任务 ID: 55)
                     Assembling vpx_config.asm (任务 ID: 55)
                   已完成执行任务“Message”的操作。 (任务 ID: 55)
                   任务“WriteLinesToFile” (任务 ID: 56)
                   已完成执行任务“WriteLinesToFile”的操作。 (任务 ID: 56)
                   任务“WriteLinesToFile” (任务 ID: 57)
                   已完成执行任务“WriteLinesToFile”的操作。 (任务 ID: 57)
                   任务“WriteLinesToFile” (任务 ID: 58)
                   已完成执行任务“WriteLinesToFile”的操作。 (任务 ID: 58)
                   任务“WriteLinesToFile” (任务 ID: 59)
                   已完成执行任务“WriteLinesToFile”的操作。 (任务 ID: 59)
                   任务“WriteLinesToFile” (任务 ID: 60)
                   已完成执行任务“WriteLinesToFile”的操作。 (任务 ID: 60)
                   任务“WriteLinesToFile” (任务 ID: 61)
                   已完成执行任务“WriteLinesToFile”的操作。 (任务 ID: 61)
                   任务“WriteLinesToFile” (任务 ID: 62)
                   已完成执行任务“WriteLinesToFile”的操作。 (任务 ID: 62)
                   任务“WriteLinesToFile” (任务 ID: 63)
                   已完成执行任务“WriteLinesToFile”的操作。 (任务 ID: 63)
                   任务“WriteLinesToFile” (任务 ID: 64)
                   已完成执行任务“WriteLinesToFile”的操作。 (任务 ID: 64)
                   任务“WriteLinesToFile” (任务 ID: 65)
                   已完成执行任务“WriteLinesToFile”的操作。 (任务 ID: 65)
                   任务“WriteLinesToFile” (任务 ID: 66)
                   已完成执行任务“WriteLinesToFile”的操作。 (任务 ID: 66)
                   任务“WriteLinesToFile” (任务 ID: 67)
                   已完成执行任务“WriteLinesToFile”的操作。 (任务 ID: 67)
                   任务“WriteLinesToFile” (任务 ID: 68)
                   已完成执行任务“WriteLinesToFile”的操作。 (任务 ID: 68)
                   任务“WriteLinesToFile” (任务 ID: 69)
                   已完成执行任务“WriteLinesToFile”的操作。 (任务 ID: 69)
                   任务“WriteLinesToFile” (任务 ID: 70)
                   已完成执行任务“WriteLinesToFile”的操作。 (任务 ID: 70)
                   任务“WriteLinesToFile” (任务 ID: 71)
                   已完成执行任务“WriteLinesToFile”的操作。 (任务 ID: 71)
                   任务“WriteLinesToFile” (任务 ID: 72)
                   已完成执行任务“WriteLinesToFile”的操作。 (任务 ID: 72)
                   任务“WriteLinesToFile” (任务 ID: 73)
                   已完成执行任务“WriteLinesToFile”的操作。 (任务 ID: 73)
                   任务“WriteLinesToFile” (任务 ID: 74)
                   已完成执行任务“WriteLinesToFile”的操作。 (任务 ID: 74)
                   任务“WriteLinesToFile” (任务 ID: 75)
                   已完成执行任务“WriteLinesToFile”的操作。 (任务 ID: 75)
                   任务“WriteLinesToFile” (任务 ID: 76)
                   已完成执行任务“WriteLinesToFile”的操作。 (任务 ID: 76)
                   任务“WriteLinesToFile” (任务 ID: 77)
                   已完成执行任务“WriteLinesToFile”的操作。 (任务 ID: 77)
                   任务“WriteLinesToFile” (任务 ID: 78)
                   已完成执行任务“WriteLinesToFile”的操作。 (任务 ID: 78)
                   任务“WriteLinesToFile” (任务 ID: 79)
                   已完成执行任务“WriteLinesToFile”的操作。 (任务 ID: 79)
                   任务“WriteLinesToFile” (任务 ID: 80)
                   已完成执行任务“WriteLinesToFile”的操作。 (任务 ID: 80)
                   任务“WriteLinesToFile” (任务 ID: 81)
                   已完成执行任务“WriteLinesToFile”的操作。 (任务 ID: 81)
                   任务“WriteLinesToFile” (任务 ID: 82)
                   已完成执行任务“WriteLinesToFile”的操作。 (任务 ID: 82)
                   任务“WriteLinesToFile” (任务 ID: 83)
                   已完成执行任务“WriteLinesToFile”的操作。 (任务 ID: 83)
                   任务“WriteLinesToFile” (任务 ID: 84)
                   已完成执行任务“WriteLinesToFile”的操作。 (任务 ID: 84)
                   任务“WriteLinesToFile” (任务 ID: 85)
                   已完成执行任务“WriteLinesToFile”的操作。 (任务 ID: 85)
                   任务“WriteLinesToFile” (任务 ID: 86)
                   已完成执行任务“WriteLinesToFile”的操作。 (任务 ID: 86)
                   任务“WriteLinesToFile” (任务 ID: 87)
                   已完成执行任务“WriteLinesToFile”的操作。 (任务 ID: 87)
                   任务“WriteLinesToFile” (任务 ID: 88)
                   已完成执行任务“WriteLinesToFile”的操作。 (任务 ID: 88)
                   任务“WriteLinesToFile” (任务 ID: 89)
                   已完成执行任务“WriteLinesToFile”的操作。 (任务 ID: 89)
                   任务“WriteLinesToFile” (任务 ID: 90)
                   已完成执行任务“WriteLinesToFile”的操作。 (任务 ID: 90)
                   任务“WriteLinesToFile” (任务 ID: 91)
                   已完成执行任务“WriteLinesToFile”的操作。 (任务 ID: 91)
                   任务“WriteLinesToFile” (任务 ID: 92)
                   已完成执行任务“WriteLinesToFile”的操作。 (任务 ID: 92)
                   正在从程序集“Microsoft.Build.Tasks.v4.0”初始化任务工厂“XamlTaskFactory”。
                   正在使用来自任务工厂“XamlTaskFactory”的“YASM”任务。
                   任务“YASM” (任务 ID: 93)
                     cmd.exe /C "D:\Users\jacky\AppData\Local\Temp\a311a73fbd404a31885e6fd9f25140e6.cmd" (任务 ID: 93)
                     yasm -Xvc -f Win32 -o Win32\Debug\vpx\dequantize_mmx.obj -rraw -pgas   ..\src\vp8\common\x86\dequantize_mmx.asm (任务 ID: 93)
                      (任务 ID: 93)
                     E:\linphone-vc++\trunk\videos\vpx-vp8-debug-src-x86-win32mt-vs9-v1.1.0\build>yasm -Xvc -f Win32 -o Win32\Debug\vpx\dequantize_mmx.obj -rraw -pgas   ..\src\vp8\common\x86\dequantize_mmx.asm  (任务 ID: 93)
                     'yasm' 不是内部或外部命令，也不是可运行的程序 (任务 ID: 93)
                     或批处理文件。 (任务 ID: 93)
22:30:15.129     1>E:\linphone-vc++\trunk\videos\vpx-vp8-debug-src-x86-win32mt-vs9-v1.1.0\src\build\x86-msvs\yasm.targets(45,5): error MSB3721: 命令“yasm -Xvc -f Win32 -o Win32\Debug\vpx\dequantize_mmx.obj -rraw -pgas   ..\src\vp8\common\x86\dequantize_mmx.asm”已退出，返回代码为 1。
                   已完成执行任务“YASM”的操作 - 失败。 (任务 ID: 93)
22:30:15.131     1>已完成在项目“vpx.vcxproj”中生成目标“_YASM”的操作 - 失败。: (目标 ID: 23)
22:30:15.132     1>已完成生成项目“E:\linphone-vc++\trunk\videos\vpx-vp8-debug-src-x86-win32mt-vs9-v1.1.0\build\vpx.vcxproj”(build 个目标)的操作 - 失败。

项目性能摘要:
       16 毫秒  E:\linphone-vc++\trunk\videos\vpx-vp8-debug-src-x86-win32mt-vs9-v1.1.0\build\obj_int_extract.vcxproj   2 次调用
                 13 毫秒  GetTargetPath                              1 次调用
                  3 毫秒  GetNativeManifest                          1 次调用
     2456 毫秒  E:\linphone-vc++\trunk\videos\vpx-vp8-debug-src-x86-win32mt-vs9-v1.1.0\build\vpx.vcxproj   1 次调用
               2456 毫秒  build                                      1 次调用

目标性能摘要:
        0 毫秒  ResolveReferences                          1 次调用
        0 毫秒  BeforeBuildGenerateSources                 1 次调用
        0 毫秒  _SelectedFiles                             1 次调用
        0 毫秒  AfterResolveReferences                     1 次调用
        0 毫秒  BeforeResolveReferences                    1 次调用
        0 毫秒  _RemoveNameMetadataFromProjectReferenceItems   1 次调用
        0 毫秒  GetTargetPath                              1 次调用
        0 毫秒  GetFrameworkPaths                          1 次调用
        1 毫秒  _DetermineManagedStateFromCL               2 次调用
        1 毫秒  BuildGenerateSourcesTraverse               1 次调用
        1 毫秒  _SplitProjectReferencesByFileExistence     1 次调用
        1 毫秒  GetReferenceAssemblyPaths                  1 次调用
        2 毫秒  PlatformPrepareForBuild                    1 次调用
        2 毫秒  _PrepareForBuild                           1 次调用
        2 毫秒  AssignProjectConfiguration                 1 次调用
        3 毫秒  PrepareForBuild                            1 次调用
        3 毫秒  GetNativeManifest                          1 次调用
       13 毫秒  InitializeBuildStatus                      1 次调用
       18 毫秒  SetBuildDefaultEnvironmentVariables        1 次调用
       18 毫秒  _CheckForInvalidConfigurationAndPlatform   2 次调用
       24 毫秒  ComputeYASMOutput                          1 次调用
      133 毫秒  ResolveProjectReferences                   1 次调用
      348 毫秒  _YASM                                      1 次调用
     1901 毫秒  PreBuildEvent                              1 次调用

任务性能摘要:
        1 毫秒  AssignProjectConfiguration                 1 次调用
        1 毫秒  ReadLinesFromFile                          1 次调用
        1 毫秒  ResolveNonMSBuildProjectOutput             1 次调用
        3 毫秒  Message                                   41 次调用
        5 毫秒  MakeDir                                    3 次调用
       10 毫秒  Touch                                      1 次调用
       17 毫秒  SetEnv                                     4 次调用
       43 毫秒  WriteLinesToFile                          38 次调用
       61 毫秒  YASM                                       1 次调用
      132 毫秒  MSBuild                                    2 次调用
     1897 毫秒  Exec                                       1 次调用

生成失败。

已用时间 00:00:02.43
