E:\linphone-vc++\trunk\videos\vpx-vp8-debug-src-x86-win32mt-vs9-v1.1.0\build\Win32\Debug\vpx\dct_mmx.obj
E:\linphone-vc++\trunk\videos\vpx-vp8-debug-src-x86-win32mt-vs9-v1.1.0\build\Win32\Debug\vpx\dct_sse2.obj
E:\linphone-vc++\trunk\videos\vpx-vp8-debug-src-x86-win32mt-vs9-v1.1.0\build\Win32\Debug\vpx\dequantize_mmx.obj
E:\linphone-vc++\trunk\videos\vpx-vp8-debug-src-x86-win32mt-vs9-v1.1.0\build\Win32\Debug\vpx\emms.obj
E:\linphone-vc++\trunk\videos\vpx-vp8-debug-src-x86-win32mt-vs9-v1.1.0\build\Win32\Debug\vpx\encodeopt.obj
E:\linphone-vc++\trunk\videos\vpx-vp8-debug-src-x86-win32mt-vs9-v1.1.0\build\Win32\Debug\vpx\fwalsh_sse2.obj
E:\linphone-vc++\trunk\videos\vpx-vp8-debug-src-x86-win32mt-vs9-v1.1.0\build\Win32\Debug\vpx\idctllm_mmx.obj
E:\linphone-vc++\trunk\videos\vpx-vp8-debug-src-x86-win32mt-vs9-v1.1.0\build\Win32\Debug\vpx\idctllm_sse2.obj
E:\linphone-vc++\trunk\videos\vpx-vp8-debug-src-x86-win32mt-vs9-v1.1.0\build\Win32\Debug\vpx\iwalsh_mmx.obj
E:\linphone-vc++\trunk\videos\vpx-vp8-debug-src-x86-win32mt-vs9-v1.1.0\build\Win32\Debug\vpx\iwalsh_sse2.obj
E:\linphone-vc++\trunk\videos\vpx-vp8-debug-src-x86-win32mt-vs9-v1.1.0\build\Win32\Debug\vpx\loopfilter_mmx.obj
E:\linphone-vc++\trunk\videos\vpx-vp8-debug-src-x86-win32mt-vs9-v1.1.0\build\Win32\Debug\vpx\loopfilter_sse2.obj
E:\linphone-vc++\trunk\videos\vpx-vp8-debug-src-x86-win32mt-vs9-v1.1.0\build\Win32\Debug\vpx\mfqe_sse2.obj
E:\linphone-vc++\trunk\videos\vpx-vp8-debug-src-x86-win32mt-vs9-v1.1.0\build\Win32\Debug\vpx\postproc_mmx.obj
E:\linphone-vc++\trunk\videos\vpx-vp8-debug-src-x86-win32mt-vs9-v1.1.0\build\Win32\Debug\vpx\postproc_sse2.obj
E:\linphone-vc++\trunk\videos\vpx-vp8-debug-src-x86-win32mt-vs9-v1.1.0\build\Win32\Debug\vpx\quantize_mmx.obj
E:\linphone-vc++\trunk\videos\vpx-vp8-debug-src-x86-win32mt-vs9-v1.1.0\build\Win32\Debug\vpx\quantize_sse2.obj
E:\linphone-vc++\trunk\videos\vpx-vp8-debug-src-x86-win32mt-vs9-v1.1.0\build\Win32\Debug\vpx\quantize_sse4.obj
E:\linphone-vc++\trunk\videos\vpx-vp8-debug-src-x86-win32mt-vs9-v1.1.0\build\Win32\Debug\vpx\quantize_ssse3.obj
E:\linphone-vc++\trunk\videos\vpx-vp8-debug-src-x86-win32mt-vs9-v1.1.0\build\Win32\Debug\vpx\recon_mmx.obj
E:\linphone-vc++\trunk\videos\vpx-vp8-debug-src-x86-win32mt-vs9-v1.1.0\build\Win32\Debug\vpx\recon_sse2.obj
E:\linphone-vc++\trunk\videos\vpx-vp8-debug-src-x86-win32mt-vs9-v1.1.0\build\Win32\Debug\vpx\sad_mmx.obj
E:\linphone-vc++\trunk\videos\vpx-vp8-debug-src-x86-win32mt-vs9-v1.1.0\build\Win32\Debug\vpx\sad_sse2.obj
E:\linphone-vc++\trunk\videos\vpx-vp8-debug-src-x86-win32mt-vs9-v1.1.0\build\Win32\Debug\vpx\sad_sse3.obj
E:\linphone-vc++\trunk\videos\vpx-vp8-debug-src-x86-win32mt-vs9-v1.1.0\build\Win32\Debug\vpx\sad_sse4.obj
E:\linphone-vc++\trunk\videos\vpx-vp8-debug-src-x86-win32mt-vs9-v1.1.0\build\Win32\Debug\vpx\sad_ssse3.obj
E:\linphone-vc++\trunk\videos\vpx-vp8-debug-src-x86-win32mt-vs9-v1.1.0\build\Win32\Debug\vpx\subpixel_mmx.obj
E:\linphone-vc++\trunk\videos\vpx-vp8-debug-src-x86-win32mt-vs9-v1.1.0\build\Win32\Debug\vpx\subpixel_sse2.obj
E:\linphone-vc++\trunk\videos\vpx-vp8-debug-src-x86-win32mt-vs9-v1.1.0\build\Win32\Debug\vpx\subpixel_ssse3.obj
E:\linphone-vc++\trunk\videos\vpx-vp8-debug-src-x86-win32mt-vs9-v1.1.0\build\Win32\Debug\vpx\subtract_mmx.obj
E:\linphone-vc++\trunk\videos\vpx-vp8-debug-src-x86-win32mt-vs9-v1.1.0\build\Win32\Debug\vpx\subtract_sse2.obj
E:\linphone-vc++\trunk\videos\vpx-vp8-debug-src-x86-win32mt-vs9-v1.1.0\build\Win32\Debug\vpx\temporal_filter_apply_sse2.obj
E:\linphone-vc++\trunk\videos\vpx-vp8-debug-src-x86-win32mt-vs9-v1.1.0\build\Win32\Debug\vpx\variance_impl_mmx.obj
E:\linphone-vc++\trunk\videos\vpx-vp8-debug-src-x86-win32mt-vs9-v1.1.0\build\Win32\Debug\vpx\variance_impl_sse2.obj
E:\linphone-vc++\trunk\videos\vpx-vp8-debug-src-x86-win32mt-vs9-v1.1.0\build\Win32\Debug\vpx\variance_impl_ssse3.obj
E:\linphone-vc++\trunk\videos\vpx-vp8-debug-src-x86-win32mt-vs9-v1.1.0\build\Win32\Debug\vpx\vpx.write.1.tlog
E:\linphone-vc++\trunk\videos\vpx-vp8-debug-src-x86-win32mt-vs9-v1.1.0\build\Win32\Debug\vpx\vpx_config.obj
E:\linphone-vc++\trunk\videos\vpx-vp8-debug-src-x86-win32mt-vs9-v1.1.0\build\Win32\Debug\vpx\x86_abi_support.obj
