生成启动时间为 2012/7/2 15:01:27。
     1>项目“E:\linphone-vc++\trunk\videos\vpx-vp8-debug-src-x86-win32mt-vs9-v1.1.0\build\obj_int_extract.vcxproj”在节点 2 上(build 个目标)。
     1>正在使用工具版本“4.0”进行生成。
     1>来自项目“E:\linphone-vc++\trunk\videos\vpx-vp8-debug-src-x86-win32mt-vs9-v1.1.0\build\obj_int_extract.vcxproj”的文件“D:\Windows\Microsoft.NET\Framework\v4.0.30319\Microsoft.Common.Targets”中的目标“_CheckForInvalidConfigurationAndPlatform”(入口点):
       由于 false 条件，已跳过任务“Error”；( '$(_InvalidConfigurationError)' == 'true' )计算为( '' == 'true' )。
       由于 false 条件，已跳过任务“Warning”；( '$(_InvalidConfigurationWarning)' == 'true' )计算为( '' == 'true' )。
       正在使用程序集“Microsoft.Build.Tasks.v4.0, Version=4.0.0.0, Culture=neutral, PublicKeyToken=b03f5f7f11d50a3a”中的“Message”任务。
       任务“Message”
         Configuration=Debug
       已完成执行任务“Message”的操作。
       任务“Message”
         Platform=Win32
       已完成执行任务“Message”的操作。
       由于 false 条件，已跳过任务“Error”；('$(OutDir)' != '' and !HasTrailingSlash('$(OutDir)'))计算为('E:\linphone-vc++\trunk\videos\vpx-vp8-debug-src-x86-win32mt-vs9-v1.1.0\build\Win32\Debug\' != '' and !HasTrailingSlash('E:\linphone-vc++\trunk\videos\vpx-vp8-debug-src-x86-win32mt-vs9-v1.1.0\build\Win32\Debug\'))。
       由于 false 条件，已跳过任务“Error”；('$(BaseIntermediateOutputPath)' != '' and !HasTrailingSlash('$(BaseIntermediateOutputPath)'))计算为('obj\' != '' and !HasTrailingSlash('obj\'))。
       由于 false 条件，已跳过任务“Error”；('$(IntermediateOutputPath)' != '' and !HasTrailingSlash('$(IntermediateOutputPath)'))计算为('Win32\Debug\obj_int_extract\' != '' and !HasTrailingSlash('Win32\Debug\obj_int_extract\'))。
     1>已完成在项目“obj_int_extract.vcxproj”中生成目标“_CheckForInvalidConfigurationAndPlatform”的操作。
     1>来自项目“E:\linphone-vc++\trunk\videos\vpx-vp8-debug-src-x86-win32mt-vs9-v1.1.0\build\obj_int_extract.vcxproj”的文件“D:\Program Files\MSBuild\Microsoft.Cpp\v4.0\Microsoft.CppBuild.targets”中的目标“_DetermineManagedStateFromCL”(目标“Build”依赖于它):
     1>已完成在项目“obj_int_extract.vcxproj”中生成目标“_DetermineManagedStateFromCL”的操作。
     1>来自项目“E:\linphone-vc++\trunk\videos\vpx-vp8-debug-src-x86-win32mt-vs9-v1.1.0\build\obj_int_extract.vcxproj”的文件“D:\Program Files\MSBuild\Microsoft.Cpp\v4.0\Microsoft.BuildSteps.Targets”中的目标“_PrepareForBuild”(目标“Build”依赖于它):
     1>已完成在项目“obj_int_extract.vcxproj”中生成目标“_PrepareForBuild”的操作。
     1>来自项目“E:\linphone-vc++\trunk\videos\vpx-vp8-debug-src-x86-win32mt-vs9-v1.1.0\build\obj_int_extract.vcxproj”的文件“D:\Program Files\MSBuild\Microsoft.Cpp\v4.0\Microsoft.Cpp.targets”中的目标“SetBuildDefaultEnvironmentVariables”(目标“Build”依赖于它):
       正在使用程序集“Microsoft.Build.CppTasks.Common, Version=4.0.0.0, Culture=neutral, PublicKeyToken=b03f5f7f11d50a3a”中的“SetEnv”任务。
       任务“SetEnv”
         PATH=D:\Program Files\Microsoft Visual Studio 10.0\VC\bin;D:\Program Files\Microsoft SDKs\Windows\v7.0A\bin\NETFX 4.0 Tools;D:\Program Files\Microsoft SDKs\Windows\v7.0A\bin;D:\Program Files\Microsoft Visual Studio 10.0\Common7\Tools\bin;D:\Program Files\Microsoft Visual Studio 10.0\Common7\tools;D:\Program Files\Microsoft Visual Studio 10.0\Common7\ide;D:\Program Files\HTML Help Workshop;D:\Program Files\Microsoft SDKs\Windows\v7.0A\\bin;D:\Windows\Microsoft.NET\Framework\v4.0.30319\;D:\Program Files\Microsoft Visual Studio 10.0\;D:\Windows\SysWow64;;D:\Program Files\Common Files\Microsoft Shared\Windows Live;D:\Program Files\Intel\IPP\5.1\ia32\bin;C:\gtk\bin;D:\Windows\system32;D:\Windows;D:\Windows\System32\Wbem;D:\Windows\System32\WindowsPowerShell\v1.0\;D:\Program Files\Windows Live\Shared;d:\qt\4.8.0\\bin;D:\Program Files\Microsoft SQL Server\100\Tools\Binn\;D:\Program Files\Microsoft SQL Server\100\DTS\Binn\;D:\Program Files\Microsoft SQL Server\100\Tools\Binn\VSShell\Common7\IDE\;D:\Program Files\Microsoft Visual Studio 9.0\Common7\IDE\PrivateAssemblies\;D:\Program Files\QuickTime\QTSystem\;D:\Program Files\TortoiseSVN\bin;
       已完成执行任务“SetEnv”的操作。
       由于 false 条件，已跳过任务“SetEnv”；('$(_IsNativeEnvironment)' == 'true')计算为('' == 'true')。
       任务“SetEnv”
         LIB=D:\Program Files\Microsoft Visual Studio 10.0\VC\lib;D:\Program Files\Microsoft Visual Studio 10.0\VC\atlmfc\lib;D:\Program Files\Microsoft SDKs\Windows\v7.0A\lib;D:\Program Files\Microsoft SDKs\Windows\v7.0A\\lib
       已完成执行任务“SetEnv”的操作。
       任务“SetEnv”
         LIBPATH=D:\Program Files\Microsoft Visual Studio 10.0\VC\atlmfc\lib;D:\Program Files\Microsoft Visual Studio 10.0\VC\lib
       已完成执行任务“SetEnv”的操作。
       任务“SetEnv”
         INCLUDE=D:\Program Files\Microsoft Visual Studio 10.0\VC\include;D:\Program Files\Microsoft Visual Studio 10.0\VC\atlmfc\include;D:\Program Files\Microsoft SDKs\Windows\v7.0A\include;D:\Program Files\Microsoft SDKs\Windows\v7.0A\\include;
       已完成执行任务“SetEnv”的操作。
     1>已完成在项目“obj_int_extract.vcxproj”中生成目标“SetBuildDefaultEnvironmentVariables”的操作。
       由于条件的计算结果为 false，已跳过目标“SetUserMacroEnvironmentVariables”；('@(BuildMacro)' != '')的计算结果为('' != '')。
     1>来自项目“E:\linphone-vc++\trunk\videos\vpx-vp8-debug-src-x86-win32mt-vs9-v1.1.0\build\obj_int_extract.vcxproj”的文件“D:\Windows\Microsoft.NET\Framework\v4.0.30319\Microsoft.Common.Targets”中的目标“BeforeResolveReferences”(目标“ResolveReferences”依赖于它):
     1>已完成在项目“obj_int_extract.vcxproj”中生成目标“BeforeResolveReferences”的操作。
       由于条件的计算结果为 false，已跳过目标“AssignProjectConfiguration”；('@(ProjectReference)'!='')的计算结果为(''!='')。
       由于条件的计算结果为 false，已跳过目标“AssignProjectConfiguration”；('@(ProjectReference)'!='')的计算结果为(''!='')。
     1>来自项目“E:\linphone-vc++\trunk\videos\vpx-vp8-debug-src-x86-win32mt-vs9-v1.1.0\build\obj_int_extract.vcxproj”的文件“D:\Windows\Microsoft.NET\Framework\v4.0.30319\Microsoft.Common.Targets”中的目标“_SplitProjectReferencesByFileExistence”(目标“ResolveProjectReferences”依赖于它):
       由于 false 条件，已跳过任务“ResolveNonMSBuildProjectOutput”；('$(BuildingInsideVisualStudio)'=='true' and '@(ProjectReferenceWithConfiguration)'!='')计算为('true'=='true' and ''!='')。
     1>已完成在项目“obj_int_extract.vcxproj”中生成目标“_SplitProjectReferencesByFileExistence”的操作。
       由于条件的计算结果为 false，已跳过目标“_RemoveNameMetadataFromProjectReferenceItems”；('@(ProjectReference)'!='')的计算结果为(''!='')。
     1>来自项目“E:\linphone-vc++\trunk\videos\vpx-vp8-debug-src-x86-win32mt-vs9-v1.1.0\build\obj_int_extract.vcxproj”的文件“D:\Windows\Microsoft.NET\Framework\v4.0.30319\Microsoft.Common.Targets”中的目标“ResolveProjectReferences”(目标“ResolveReferences”依赖于它):
       由于 false 条件，已跳过任务“MSBuild”；('%(_MSBuildProjectReferenceExistent.BuildReference)' == 'true' and '@(ProjectReferenceWithConfiguration)' != '' and ('$(BuildingInsideVisualStudio)' == 'true' or '$(BuildProjectReferences)' != 'true') and '@(_MSBuildProjectReferenceExistent)' != '')计算为('' == 'true' and '' != '' and ('true' == 'true' or 'true' != 'true') and '' != '')。
       由于 false 条件，已跳过任务“MSBuild”；('%(_MSBuildProjectReferenceExistent.BuildReference)' == 'true' and '@(ProjectReferenceWithConfiguration)' != '' and '$(BuildingInsideVisualStudio)' != 'true' and '$(BuildProjectReferences)' == 'true' and '@(_MSBuildProjectReferenceExistent)' != '')计算为('' == 'true' and '' != '' and 'true' != 'true' and 'true' == 'true' and '' != '')。
       由于 false 条件，已跳过任务“MSBuild”；('%(_MSBuildProjectReferenceExistent.BuildReference)' == 'true' and '@(ProjectReferenceWithConfiguration)' != '' and '$(BuildingProject)' == 'true' and '@(_MSBuildProjectReferenceExistent)' != '')计算为('' == 'true' and '' != '' and 'true' == 'true' and '' != '')。
       由于 false 条件，已跳过任务“Warning”；('@(ProjectReferenceWithConfiguration)' != '' and '@(_MSBuildProjectReferenceNonexistent)' != '')计算为('' != '' and '' != '')。
     1>已完成在项目“obj_int_extract.vcxproj”中生成目标“ResolveProjectReferences”的操作。
       由于条件的计算结果为 false，已跳过目标“ResolveNativeReferences”；('@(NativeReference)'!='')的计算结果为(''!='')。
       由于条件的计算结果为 false，已跳过目标“ResolveAssemblyReferences”；('@(Reference)'!='' or '@(_ResolvedProjectReferencePaths)'!='' or '@(_ExplicitReference)' != '')的计算结果为(''!='' or ''!='' or '' != '')。
       由于条件的计算结果为 false，已跳过目标“ResolveComReferences”；('@(COMReference)'!='' or '@(COMFileReference)'!='')的计算结果为(''!='' or ''!='')。
     1>来自项目“E:\linphone-vc++\trunk\videos\vpx-vp8-debug-src-x86-win32mt-vs9-v1.1.0\build\obj_int_extract.vcxproj”的文件“D:\Windows\Microsoft.NET\Framework\v4.0.30319\Microsoft.Common.Targets”中的目标“AfterResolveReferences”(目标“ResolveReferences”依赖于它):
     1>已完成在项目“obj_int_extract.vcxproj”中生成目标“AfterResolveReferences”的操作。
       由于条件的计算结果为 false，已跳过目标“ResolveTestReferences”；('@(Shadow)'!='')的计算结果为(''!='')。
     1>来自项目“E:\linphone-vc++\trunk\videos\vpx-vp8-debug-src-x86-win32mt-vs9-v1.1.0\build\obj_int_extract.vcxproj”的文件“D:\Windows\Microsoft.NET\Framework\v4.0.30319\Microsoft.Common.Targets”中的目标“ResolveReferences”(目标“Build”依赖于它):
     1>已完成在项目“obj_int_extract.vcxproj”中生成目标“ResolveReferences”的操作。
     1>来自项目“E:\linphone-vc++\trunk\videos\vpx-vp8-debug-src-x86-win32mt-vs9-v1.1.0\build\obj_int_extract.vcxproj”的文件“D:\Program Files\MSBuild\Microsoft.Cpp\v4.0\Platforms\Win32\Microsoft.Cpp.Win32.Targets”中的目标“PlatformPrepareForBuild”(目标“PrepareForBuild”依赖于它):
       由于 false 条件，已跳过任务“VCMessage”；(!(exists('$(VCTargetsPath)\Platforms\Win32\PlatformToolsets\$(PlatformToolset)\Microsoft.Cpp.Win32.$(PlatformToolset).targets')))计算为(!(exists('D:\Program Files\MSBuild\Microsoft.Cpp\v4.0\\Platforms\Win32\PlatformToolsets\v100\Microsoft.Cpp.Win32.v100.targets')))。
     1>已完成在项目“obj_int_extract.vcxproj”中生成目标“PlatformPrepareForBuild”的操作。
     1>来自项目“E:\linphone-vc++\trunk\videos\vpx-vp8-debug-src-x86-win32mt-vs9-v1.1.0\build\obj_int_extract.vcxproj”的文件“D:\Windows\Microsoft.NET\Framework\v4.0.30319\Microsoft.NETFramework.targets”中的目标“GetFrameworkPaths”(目标“PrepareForBuild”依赖于它):
     1>已完成在项目“obj_int_extract.vcxproj”中生成目标“GetFrameworkPaths”的操作。
       由于条件的计算结果为 false，已跳过目标“GetWinFXPath”；(('@(Page)' != '' or '@(ApplicationDefinition)' != '' or '@(Resource)' != '') and ('$(GetWinFXNativePath)' != '' or '$(GetWinFXWoWPath)' != '' ))的计算结果为(('' != '' or '' != '' or '' != '') and ('' != '' or '' != '' ))。
     1>来自项目“E:\linphone-vc++\trunk\videos\vpx-vp8-debug-src-x86-win32mt-vs9-v1.1.0\build\obj_int_extract.vcxproj”的文件“D:\Windows\Microsoft.NET\Framework\v4.0.30319\Microsoft.Common.Targets”中的目标“GetReferenceAssemblyPaths”(目标“PrepareForBuild”依赖于它):
       由于 false 条件，已跳过任务“GetReferenceAssemblyPaths”；('$(TargetFrameworkMoniker)' != '' and ('$(_TargetFrameworkDirectories)' == '' or '$(_FullFrameworkReferenceAssemblyPaths)' == ''))计算为('.NETFramework,Version=v4.0' != '' and ('D:\Program Files\Reference Assemblies\Microsoft\Framework\.NETFramework\v4.0' == '' or 'D:\Program Files\Reference Assemblies\Microsoft\Framework\.NETFramework\v4.0' == ''))。
     1>已完成在项目“obj_int_extract.vcxproj”中生成目标“GetReferenceAssemblyPaths”的操作。
     1>来自项目“E:\linphone-vc++\trunk\videos\vpx-vp8-debug-src-x86-win32mt-vs9-v1.1.0\build\obj_int_extract.vcxproj”的文件“D:\Program Files\MSBuild\Microsoft.Cpp\v4.0\Microsoft.CppBuild.targets”中的目标“PrepareForBuild”(目标“Build”依赖于它):
       由于 false 条件，已跳过任务“VCMessage”；('$(DesignTimeBuild)'!='true' and '$(ConfigurationPlatformExists)' != 'true')计算为(''!='true' and 'true' != 'true')。
       正在使用程序集“Microsoft.Build.Tasks.v4.0, Version=4.0.0.0, Culture=neutral, PublicKeyToken=b03f5f7f11d50a3a”中的“MakeDir”任务。
       任务“MakeDir”
       已完成执行任务“MakeDir”的操作。
       由于 false 条件，已跳过任务“VCMessage”；('$(DesignTimeBuild)'!='true' and '$(VCInstallDir)'=='' and '$(UseEnv)' != 'true' and ($(TargetFrameworkVersion)=='v3.5' or $(TargetFrameworkVersion)=='v3.0' or $(TargetFrameworkVersion)=='v2.0' ))计算为(''!='true' and 'D:\Program Files\Microsoft Visual Studio 10.0\VC\'=='' and '' != 'true' and (v4.0=='v3.5' or v4.0=='v3.0' or v4.0=='v2.0' ))。
       由于 false 条件，已跳过任务“VCMessage”；('$(DesignTimeBuild)'!='true' and '$(VCInstallDir)'=='' and '$(UseEnv)' != 'true' and '$(PlatformToolset)'=='v90')计算为(''!='true' and 'D:\Program Files\Microsoft Visual Studio 10.0\VC\'=='' and '' != 'true' and 'v100'=='v90')。
       由于 false 条件，已跳过任务“VCMessage”；('$(VCInstallDir)'=='' and '$(UseEnv)' != 'true')计算为('D:\Program Files\Microsoft Visual Studio 10.0\VC\'=='' and '' != 'true')。
       由于 false 条件，已跳过任务“VCMessage”；('$(WindowsSDKDir)'=='' and '$(UseEnv)' != 'true')计算为('D:\Program Files\Microsoft SDKs\Windows\v7.0A\'=='' and '' != 'true')。
       由于 false 条件，已跳过任务“VCMessage”；('$(IntDirTrailingSlashWarning)'=='true')计算为(''=='true')。
       由于 false 条件，已跳过任务“VCMessage”；('$(OutDirTrailingSlashWarning)'=='true')计算为(''=='true')。
       任务“MakeDir”
       已完成执行任务“MakeDir”的操作。
     1>已完成在项目“obj_int_extract.vcxproj”中生成目标“PrepareForBuild”的操作。
       已跳过目标“PrepareForBuild”。以前的生成已成功。
     1>来自项目“E:\linphone-vc++\trunk\videos\vpx-vp8-debug-src-x86-win32mt-vs9-v1.1.0\build\obj_int_extract.vcxproj”的文件“D:\Program Files\MSBuild\Microsoft.Cpp\v4.0\Microsoft.CppBuild.targets”中的目标“InitializeBuildStatus”(目标“Build”依赖于它):
       正在使用程序集“Microsoft.Build.Tasks.v4.0, Version=4.0.0.0, Culture=neutral, PublicKeyToken=b03f5f7f11d50a3a”中的“ReadLinesFromFile”任务。
       任务“ReadLinesFromFile”
       已完成执行任务“ReadLinesFromFile”的操作。
       正在使用程序集“Microsoft.Build.Tasks.v4.0, Version=4.0.0.0, Culture=neutral, PublicKeyToken=b03f5f7f11d50a3a”中的“WriteLinesToFile”任务。
       任务“WriteLinesToFile”
       已完成执行任务“WriteLinesToFile”的操作。
       正在使用程序集“Microsoft.Build.Tasks.v4.0, Version=4.0.0.0, Culture=neutral, PublicKeyToken=b03f5f7f11d50a3a”中的“Touch”任务。
       任务“Touch”
         正在创建“Win32\Debug\obj_int_extract\obj_int_extract.unsuccessfulbuild”，因为已指定“AlwaysCreate”。
       已完成执行任务“Touch”的操作。
     1>已完成在项目“obj_int_extract.vcxproj”中生成目标“InitializeBuildStatus”的操作。
       由于条件的计算结果为 false，已跳过目标“AssignProjectConfiguration”；('@(ProjectReference)'!='')的计算结果为(''!='')。
       已跳过目标“_SplitProjectReferencesByFileExistence”。以前的生成已成功。
     1>来自项目“E:\linphone-vc++\trunk\videos\vpx-vp8-debug-src-x86-win32mt-vs9-v1.1.0\build\obj_int_extract.vcxproj”的文件“D:\Windows\Microsoft.NET\Framework\v4.0.30319\Microsoft.Common.Targets”中的目标“BuildGenerateSourcesTraverse”(目标“BuildGenerateSources”依赖于它):
       由于 false 条件，已跳过任务“MSBuild”；('$(BuildPassReferences)' == 'true' and '@(ProjectReferenceWithConfiguration)' != '' and '@(_MSBuildProjectReferenceExistent)' != '' and '%(_MSBuildProjectReferenceExistent.BuildReference)' == 'true')计算为('' == 'true' and '' != '' and '' != '' and '' == 'true')。
     1>已完成在项目“obj_int_extract.vcxproj”中生成目标“BuildGenerateSourcesTraverse”的操作。
       已跳过目标“SetBuildDefaultEnvironmentVariables”。以前的生成已成功。
       由于条件的计算结果为 false，已跳过目标“SetUserMacroEnvironmentVariables”；('@(BuildMacro)' != '')的计算结果为('' != '')。
       已跳过目标“PrepareForBuild”。以前的生成已成功。
       已跳过目标“ResolveReferences”。以前的生成已成功。
     1>来自项目“E:\linphone-vc++\trunk\videos\vpx-vp8-debug-src-x86-win32mt-vs9-v1.1.0\build\obj_int_extract.vcxproj”的文件“D:\Program Files\MSBuild\Microsoft.Cpp\v4.0\Microsoft.BuildSteps.Targets”中的目标“BeforeBuildGenerateSources”(目标“BuildGenerateSources”依赖于它):
     1>已完成在项目“obj_int_extract.vcxproj”中生成目标“BeforeBuildGenerateSources”的操作。
     1>来自项目“E:\linphone-vc++\trunk\videos\vpx-vp8-debug-src-x86-win32mt-vs9-v1.1.0\build\obj_int_extract.vcxproj”的文件“D:\Program Files\MSBuild\Microsoft.Cpp\v4.0\Microsoft.CppCommon.targets”中的目标“PreBuildEvent”(目标“BuildGenerateSources”依赖于它):
       由于 false 条件，已跳过任务“Message”；('%(PreBuildEvent.Message)' != '' and '%(PreBuildEvent.Command)' != '')计算为('' != '' and '' != '')。
       由于 false 条件，已跳过任务“Exec”；('%(PreBuildEvent.Command)' != '')计算为('' != '')。
     1>已完成在项目“obj_int_extract.vcxproj”中生成目标“PreBuildEvent”的操作。
       由于条件的计算结果为 false，已跳过目标“CustomBuild”；('@(CustomBuild)' != '')的计算结果为('' != '')。
     1>来自项目“E:\linphone-vc++\trunk\videos\vpx-vp8-debug-src-x86-win32mt-vs9-v1.1.0\build\obj_int_extract.vcxproj”的文件“D:\Program Files\MSBuild\Microsoft.Cpp\v4.0\Microsoft.CppBuild.targets”中的目标“_GenerateXMLData”(目标“BuildGenerateSources”依赖于它):
     1>已完成在项目“obj_int_extract.vcxproj”中生成目标“_GenerateXMLData”的操作。
     1>来自项目“E:\linphone-vc++\trunk\videos\vpx-vp8-debug-src-x86-win32mt-vs9-v1.1.0\build\obj_int_extract.vcxproj”的文件“D:\Program Files\MSBuild\Microsoft.Cpp\v4.0\Microsoft.CppBuild.targets”中的目标“_GenerateWebServiceProxy”(目标“BuildGenerateSources”依赖于它):
     1>已完成在项目“obj_int_extract.vcxproj”中生成目标“_GenerateWebServiceProxy”的操作。
       由于条件的计算结果为 false，已跳过目标“Xsd”；('@(Xsd)' != '')的计算结果为('' != '')。
     1>来自项目“E:\linphone-vc++\trunk\videos\vpx-vp8-debug-src-x86-win32mt-vs9-v1.1.0\build\obj_int_extract.vcxproj”的文件“D:\Program Files\MSBuild\Microsoft.Cpp\v4.0\Microsoft.CppBuild.targets”中的目标“_Xsd”(目标“BuildGenerateSources”依赖于它):
     1>已完成在项目“obj_int_extract.vcxproj”中生成目标“_Xsd”的操作。
     1>来自项目“E:\linphone-vc++\trunk\videos\vpx-vp8-debug-src-x86-win32mt-vs9-v1.1.0\build\obj_int_extract.vcxproj”的文件“D:\Program Files\MSBuild\Microsoft.Cpp\v4.0\Microsoft.CppBuild.targets”中的目标“MakeDirsForMidl”(目标“_Midl”依赖于它):
       任务“Makedir”
       已完成执行任务“Makedir”的操作。
     1>已完成在项目“obj_int_extract.vcxproj”中生成目标“MakeDirsForMidl”的操作。
       由于条件的计算结果为 false，已跳过目标“Midl”；('@(Midl)' != '')的计算结果为('' != '')。
       由于条件的计算结果为 false，已跳过目标“CustomBuild”；('@(CustomBuild)' != '')的计算结果为('' != '')。
     1>来自项目“E:\linphone-vc++\trunk\videos\vpx-vp8-debug-src-x86-win32mt-vs9-v1.1.0\build\obj_int_extract.vcxproj”的文件“D:\Program Files\MSBuild\Microsoft.Cpp\v4.0\Microsoft.CppBuild.targets”中的目标“ComputeMIDLGeneratedCompileInputs”(目标“_Midl”依赖于它):
     1>已完成在项目“obj_int_extract.vcxproj”中生成目标“ComputeMIDLGeneratedCompileInputs”的操作。
     1>来自项目“E:\linphone-vc++\trunk\videos\vpx-vp8-debug-src-x86-win32mt-vs9-v1.1.0\build\obj_int_extract.vcxproj”的文件“D:\Program Files\MSBuild\Microsoft.Cpp\v4.0\Microsoft.CppBuild.targets”中的目标“AfterMidl”(目标“_Midl”依赖于它):
     1>已完成在项目“obj_int_extract.vcxproj”中生成目标“AfterMidl”的操作。
     1>来自项目“E:\linphone-vc++\trunk\videos\vpx-vp8-debug-src-x86-win32mt-vs9-v1.1.0\build\obj_int_extract.vcxproj”的文件“D:\Program Files\MSBuild\Microsoft.Cpp\v4.0\Microsoft.CppBuild.targets”中的目标“_Midl”(目标“BuildGenerateSources”依赖于它):
     1>已完成在项目“obj_int_extract.vcxproj”中生成目标“_Midl”的操作。
     1>来自项目“E:\linphone-vc++\trunk\videos\vpx-vp8-debug-src-x86-win32mt-vs9-v1.1.0\build\obj_int_extract.vcxproj”的文件“D:\Program Files\MSBuild\Microsoft.Cpp\v4.0\Microsoft.BuildSteps.Targets”中的目标“AfterBuildGenerateSources”(目标“BuildGenerateSources”依赖于它):
     1>已完成在项目“obj_int_extract.vcxproj”中生成目标“AfterBuildGenerateSources”的操作。
     1>来自项目“E:\linphone-vc++\trunk\videos\vpx-vp8-debug-src-x86-win32mt-vs9-v1.1.0\build\obj_int_extract.vcxproj”的文件“D:\Program Files\MSBuild\Microsoft.Cpp\v4.0\Microsoft.CppBuild.targets”中的目标“AfterBuildGenerateSourcesEvent”(目标“BuildGenerateSources”依赖于它):
     1>已完成在项目“obj_int_extract.vcxproj”中生成目标“AfterBuildGenerateSourcesEvent”的操作。
     1>来自项目“E:\linphone-vc++\trunk\videos\vpx-vp8-debug-src-x86-win32mt-vs9-v1.1.0\build\obj_int_extract.vcxproj”的文件“D:\Windows\Microsoft.NET\Framework\v4.0.30319\Microsoft.Common.Targets”中的目标“BuildGenerateSources”(目标“Build”依赖于它):
     1>已完成在项目“obj_int_extract.vcxproj”中生成目标“BuildGenerateSources”的操作。
       由于条件的计算结果为 false，已跳过目标“AssignProjectConfiguration”；('@(ProjectReference)'!='')的计算结果为(''!='')。
       已跳过目标“_SplitProjectReferencesByFileExistence”。以前的生成已成功。
     1>来自项目“E:\linphone-vc++\trunk\videos\vpx-vp8-debug-src-x86-win32mt-vs9-v1.1.0\build\obj_int_extract.vcxproj”的文件“D:\Windows\Microsoft.NET\Framework\v4.0.30319\Microsoft.Common.Targets”中的目标“BuildCompileTraverse”(目标“BuildCompile”依赖于它):
       由于 false 条件，已跳过任务“MSBuild”；('$(BuildPassReferences)' == 'true' and '@(ProjectReferenceWithConfiguration)' != '' and '@(_MSBuildProjectReferenceExistent)' != ''  and '%(_MSBuildProjectReferenceExistent.BuildReference)' == 'true')计算为('' == 'true' and '' != '' and '' != ''  and '' == 'true')。
     1>已完成在项目“obj_int_extract.vcxproj”中生成目标“BuildCompileTraverse”的操作。
       已跳过目标“SetBuildDefaultEnvironmentVariables”。以前的生成已成功。
       由于条件的计算结果为 false，已跳过目标“SetUserMacroEnvironmentVariables”；('@(BuildMacro)' != '')的计算结果为('' != '')。
       已跳过目标“PrepareForBuild”。以前的生成已成功。
       已跳过目标“ResolveReferences”。以前的生成已成功。
     1>来自项目“E:\linphone-vc++\trunk\videos\vpx-vp8-debug-src-x86-win32mt-vs9-v1.1.0\build\obj_int_extract.vcxproj”的文件“D:\Program Files\MSBuild\Microsoft.Cpp\v4.0\Microsoft.CppBuild.targets”中的目标“BeforeClCompile”(目标“_ClCompile”依赖于它):
     1>已完成在项目“obj_int_extract.vcxproj”中生成目标“BeforeClCompile”的操作。
       已跳过目标“ComputeMIDLGeneratedCompileInputs”。以前的生成已成功。
     1>来自项目“E:\linphone-vc++\trunk\videos\vpx-vp8-debug-src-x86-win32mt-vs9-v1.1.0\build\obj_int_extract.vcxproj”的文件“D:\Program Files\MSBuild\Microsoft.Cpp\v4.0\Microsoft.CppBuild.targets”中的目标“ComputeCLInputPDBName”(目标“_ClCompile”依赖于它):
     1>已完成在项目“obj_int_extract.vcxproj”中生成目标“ComputeCLInputPDBName”的操作。
       已跳过目标“ResolveReferences”。以前的生成已成功。
     1>来自项目“E:\linphone-vc++\trunk\videos\vpx-vp8-debug-src-x86-win32mt-vs9-v1.1.0\build\obj_int_extract.vcxproj”的文件“D:\Program Files\MSBuild\Microsoft.Cpp\v4.0\Microsoft.CppBuild.targets”中的目标“ComputeReferenceCLInput”(目标“_ClCompile”依赖于它):
       由于 false 条件，已跳过任务“WriteLinesToFile”；(('@(ProjectReference)'!='' or '@(Reference)'!=''))计算为((''!='' or ''!=''))。
       由于 false 条件，已跳过任务“Message”；('$(_REFERENCE_DEBUG)'=='true' and '%(ClCompile.CompileAsManaged)' != 'false' and '%(ClCompile.CompileAsManaged)' != '')计算为(''=='true' and '' != 'false' and '' != '')。
     1>已完成在项目“obj_int_extract.vcxproj”中生成目标“ComputeReferenceCLInput”的操作。
     1>来自项目“E:\linphone-vc++\trunk\videos\vpx-vp8-debug-src-x86-win32mt-vs9-v1.1.0\build\obj_int_extract.vcxproj”的文件“D:\Program Files\MSBuild\Microsoft.Cpp\v4.0\Microsoft.CppBuild.targets”中的目标“MakeDirsForCl”(目标“_ClCompile”依赖于它):
       任务“MakeDir”
       已完成执行任务“MakeDir”的操作。
     1>已完成在项目“obj_int_extract.vcxproj”中生成目标“MakeDirsForCl”的操作。
       已跳过目标“PrepareForBuild”。以前的生成已成功。
       已跳过目标“SetBuildDefaultEnvironmentVariables”。以前的生成已成功。
       由于条件的计算结果为 false，已跳过目标“SetUserMacroEnvironmentVariables”；('@(BuildMacro)' != '')的计算结果为('' != '')。
     1>来自项目“E:\linphone-vc++\trunk\videos\vpx-vp8-debug-src-x86-win32mt-vs9-v1.1.0\build\obj_int_extract.vcxproj”的文件“D:\Program Files\MSBuild\Microsoft.Cpp\v4.0\Microsoft.CppBuild.targets”中的目标“_SelectedFiles”(目标“SelectClCompile”依赖于它):
     1>已完成在项目“obj_int_extract.vcxproj”中生成目标“_SelectedFiles”的操作。
       已跳过目标“ComputeMIDLGeneratedCompileInputs”。以前的生成已成功。
       已跳过目标“ComputeCLInputPDBName”。以前的生成已成功。
       已跳过目标“ComputeReferenceCLInput”。以前的生成已成功。
       已跳过目标“_SelectedFiles”。以前的生成已成功。
     1>来自项目“E:\linphone-vc++\trunk\videos\vpx-vp8-debug-src-x86-win32mt-vs9-v1.1.0\build\obj_int_extract.vcxproj”的文件“D:\Program Files\MSBuild\Microsoft.Cpp\v4.0\Microsoft.CppBuild.targets”中的目标“SelectCustomBuild”(目标“SelectClCompile”依赖于它):
     1>已完成在项目“obj_int_extract.vcxproj”中生成目标“SelectCustomBuild”的操作。
     1>来自项目“E:\linphone-vc++\trunk\videos\vpx-vp8-debug-src-x86-win32mt-vs9-v1.1.0\build\obj_int_extract.vcxproj”的文件“D:\Program Files\MSBuild\Microsoft.Cpp\v4.0\Microsoft.CppBuild.targets”中的目标“SelectClCompile”(目标“ClCompile”依赖于它):
     1>已完成在项目“obj_int_extract.vcxproj”中生成目标“SelectClCompile”的操作。
       由于条件的计算结果为 false，已跳过目标“GenerateTargetFrameworkMonikerAttribute”；('$(GenerateTargetFrameworkAttribute)' == 'true')的计算结果为('false' == 'true')。
       由于条件的计算结果为 false，已跳过目标“ManagedIncrementalBuildPreProcessDependencyGraph”；('@(ClCompile)' != '' and '$(EnableManagedIncrementalBuild)' == 'True')的计算结果为('..\src\build\make\obj_int_extract.c' != '' and 'false' == 'True')。
     1>来自项目“E:\linphone-vc++\trunk\videos\vpx-vp8-debug-src-x86-win32mt-vs9-v1.1.0\build\obj_int_extract.vcxproj”的文件“D:\Program Files\MSBuild\Microsoft.Cpp\v4.0\Platforms\Win32\Microsoft.Cpp.Win32.Targets”中的目标“ClCompile”(目标“_ClCompile”依赖于它):
       由于 false 条件，已跳过任务“Delete”；('%(ClCompile.DebugInformationFormat)' != '' and '%(ClCompile.DebugInformationFormat)' != 'OldStyle' and '%(ClCompile.ProgramDataBaseFileName)' != '' and !Exists(%(ClCompile.ProgramDataBaseFileName)))计算为('OldStyle' != '' and 'OldStyle' != 'OldStyle' and 'Win32\Debug\obj_int_extract\vc100.pdb' != '' and !Exists(Win32\Debug\obj_int_extract\vc100.pdb))。
       由于 false 条件，已跳过任务“CL”；('%(ClCompile.PrecompiledHeader)' == 'Create' and '%(ClCompile.ExcludedFromBuild)'!='true')计算为('NotUsing' == 'Create' and ''!='true')。
       正在使用程序集“Microsoft.Build.CppTasks.Win32, Version=4.0.0.0, Culture=neutral, PublicKeyToken=b03f5f7f11d50a3a”中的“CL”任务。
       任务“CL”
         因缺少命令 tlog“E:\linphone-vc++\trunk\videos\vpx-vp8-debug-src-x86-win32mt-vs9-v1.1.0\build\Win32\Debug\obj_int_extract\cl.command.1.tlog”而强制重新生成所有源文件。
         传递给工具的环境变量为:
           VS_UNICODE_OUTPUT=816
         D:\Program Files\Microsoft Visual Studio 10.0\VC\bin\CL.exe /c /I. /I..\src /Z7 /nologo /W3 /WX- /Od /Oy- /D WIN32 /D DEBUG /D _CONSOLE /D _CRT_SECURE_NO_WARNINGS /D _CRT_SECURE_NO_DEPRECATE /D _UNICODE /D UNICODE /Gm- /EHsc /MTd /GS /fp:precise /Zc:wchar_t /Zc:forScope /Fo"Win32\Debug\obj_int_extract\\" /Fd"Win32\Debug\obj_int_extract\vc100.pdb" /Gd /TC /analyze- /errorReport:prompt ..\src\build\make\obj_int_extract.c
         跟踪命令:
         D:\Program Files\Microsoft SDKs\Windows\v7.0A\bin\NETFX 4.0 Tools\Tracker.exe /d D:\Windows\Microsoft.NET\Framework\v4.0.30319\FileTracker.dll /i E:\linphone-vc++\trunk\videos\vpx-vp8-debug-src-x86-win32mt-vs9-v1.1.0\build\Win32\Debug\obj_int_extract /r E:\LINPHONE-VC++\TRUNK\VIDEOS\VPX-VP8-DEBUG-SRC-X86-WIN32MT-VS9-V1.1.0\SRC\BUILD\MAKE\OBJ_INT_EXTRACT.C /b MSBuildConsole_CancelEvent1247af0eb87b4aaea5b12e9b8aab4882  /c "D:\Program Files\Microsoft Visual Studio 10.0\VC\bin\CL.exe"  /c /I. /I..\src /Z7 /nologo /W3 /WX- /Od /Oy- /D WIN32 /D DEBUG /D _CONSOLE /D _CRT_SECURE_NO_WARNINGS /D _CRT_SECURE_NO_DEPRECATE /D _UNICODE /D UNICODE /Gm- /EHsc /MTd /GS /fp:precise /Zc:wchar_t /Zc:forScope /Fo"Win32\Debug\obj_int_extract\\" /Fd"Win32\Debug\obj_int_extract\vc100.pdb" /Gd /TC /analyze- /errorReport:prompt ..\src\build\make\obj_int_extract.c
         obj_int_extract.c
       已完成执行任务“CL”的操作。
     1>已完成在项目“obj_int_extract.vcxproj”中生成目标“ClCompile”的操作。
       由于条件的计算结果为 false，已跳过目标“ManagedIncrementalBuildPostProcessDependencyGraph”；('@(ClCompile)' != '' and '$(EnableManagedIncrementalBuild)' == 'True')的计算结果为('..\src\build\make\obj_int_extract.c' != '' and 'false' == 'True')。
     1>来自项目“E:\linphone-vc++\trunk\videos\vpx-vp8-debug-src-x86-win32mt-vs9-v1.1.0\build\obj_int_extract.vcxproj”的文件“D:\Program Files\MSBuild\Microsoft.Cpp\v4.0\Microsoft.CppBuild.targets”中的目标“AfterClCompile”(目标“_ClCompile”依赖于它):
     1>已完成在项目“obj_int_extract.vcxproj”中生成目标“AfterClCompile”的操作。
     1>来自项目“E:\linphone-vc++\trunk\videos\vpx-vp8-debug-src-x86-win32mt-vs9-v1.1.0\build\obj_int_extract.vcxproj”的文件“D:\Program Files\MSBuild\Microsoft.Cpp\v4.0\Microsoft.CppBuild.targets”中的目标“_ClCompile”(目标“BuildCompile”依赖于它):
     1>已完成在项目“obj_int_extract.vcxproj”中生成目标“_ClCompile”的操作。
       由于条件的计算结果为 false，已跳过目标“_ResGen”；('@(EmbeddedResource)'!='')的计算结果为(''!='')。
     1>来自项目“E:\linphone-vc++\trunk\videos\vpx-vp8-debug-src-x86-win32mt-vs9-v1.1.0\build\obj_int_extract.vcxproj”的文件“D:\Program Files\MSBuild\Microsoft.Cpp\v4.0\Microsoft.CppBuild.targets”中的目标“BeforeResourceCompile”(目标“_ResourceCompile”依赖于它):
     1>已完成在项目“obj_int_extract.vcxproj”中生成目标“BeforeResourceCompile”的操作。
     1>来自项目“E:\linphone-vc++\trunk\videos\vpx-vp8-debug-src-x86-win32mt-vs9-v1.1.0\build\obj_int_extract.vcxproj”的文件“D:\Program Files\MSBuild\Microsoft.Cpp\v4.0\Microsoft.CppBuild.targets”中的目标“MakeDirsForResourceCompile”(目标“_ResourceCompile”依赖于它):
       任务“MakeDir”
       已完成执行任务“MakeDir”的操作。
     1>已完成在项目“obj_int_extract.vcxproj”中生成目标“MakeDirsForResourceCompile”的操作。
       由于条件的计算结果为 false，已跳过目标“ResourceCompile”；('@(ResourceCompile)' != '')的计算结果为('' != '')。
     1>来自项目“E:\linphone-vc++\trunk\videos\vpx-vp8-debug-src-x86-win32mt-vs9-v1.1.0\build\obj_int_extract.vcxproj”的文件“D:\Program Files\MSBuild\Microsoft.Cpp\v4.0\Microsoft.CppBuild.targets”中的目标“AfterResourceCompile”(目标“_ResourceCompile”依赖于它):
     1>已完成在项目“obj_int_extract.vcxproj”中生成目标“AfterResourceCompile”的操作。
     1>来自项目“E:\linphone-vc++\trunk\videos\vpx-vp8-debug-src-x86-win32mt-vs9-v1.1.0\build\obj_int_extract.vcxproj”的文件“D:\Program Files\MSBuild\Microsoft.Cpp\v4.0\Microsoft.CppBuild.targets”中的目标“_ResourceCompile”(目标“BuildCompile”依赖于它):
     1>已完成在项目“obj_int_extract.vcxproj”中生成目标“_ResourceCompile”的操作。
       由于条件的计算结果为 false，已跳过目标“_ImpLib”；('$(ImpLibCompiled)' == 'true')的计算结果为('' == 'true')。
       由于条件的计算结果为 false，已跳过目标“_Lib”；('$(LibCompiled)' == 'true')的计算结果为('' == 'true')。
     1>来自项目“E:\linphone-vc++\trunk\videos\vpx-vp8-debug-src-x86-win32mt-vs9-v1.1.0\build\obj_int_extract.vcxproj”的文件“D:\Program Files\MSBuild\Microsoft.Cpp\v4.0\Microsoft.CppBuild.targets”中的目标“AfterBuildCompileEvent”(目标“BuildCompile”依赖于它):
     1>已完成在项目“obj_int_extract.vcxproj”中生成目标“AfterBuildCompileEvent”的操作。
     1>来自项目“E:\linphone-vc++\trunk\videos\vpx-vp8-debug-src-x86-win32mt-vs9-v1.1.0\build\obj_int_extract.vcxproj”的文件“D:\Windows\Microsoft.NET\Framework\v4.0.30319\Microsoft.Common.Targets”中的目标“BuildCompile”(目标“Build”依赖于它):
     1>已完成在项目“obj_int_extract.vcxproj”中生成目标“BuildCompile”的操作。
       由于条件的计算结果为 false，已跳过目标“AssignProjectConfiguration”；('@(ProjectReference)'!='')的计算结果为(''!='')。
       已跳过目标“_SplitProjectReferencesByFileExistence”。以前的生成已成功。
     1>来自项目“E:\linphone-vc++\trunk\videos\vpx-vp8-debug-src-x86-win32mt-vs9-v1.1.0\build\obj_int_extract.vcxproj”的文件“D:\Windows\Microsoft.NET\Framework\v4.0.30319\Microsoft.Common.Targets”中的目标“BuildLinkTraverse”(目标“BuildLink”依赖于它):
       由于 false 条件，已跳过任务“MSBuild”；('$(BuildPassReferences)' == 'true' and '@(ProjectReferenceWithConfiguration)' != '' and '@(_MSBuildProjectReferenceExistent)' != ''  and '%(_MSBuildProjectReferenceExistent.BuildReference)' == 'true')计算为('' == 'true' and '' != '' and '' != ''  and '' == 'true')。
     1>已完成在项目“obj_int_extract.vcxproj”中生成目标“BuildLinkTraverse”的操作。
       已跳过目标“SetBuildDefaultEnvironmentVariables”。以前的生成已成功。
       由于条件的计算结果为 false，已跳过目标“SetUserMacroEnvironmentVariables”；('@(BuildMacro)' != '')的计算结果为('' != '')。
       已跳过目标“PrepareForBuild”。以前的生成已成功。
       已跳过目标“ResolveReferences”。以前的生成已成功。
     1>来自项目“E:\linphone-vc++\trunk\videos\vpx-vp8-debug-src-x86-win32mt-vs9-v1.1.0\build\obj_int_extract.vcxproj”的文件“D:\Program Files\MSBuild\Microsoft.Cpp\v4.0\Microsoft.CppBuild.targets”中的目标“BeforeLink”(目标“_Link”依赖于它):
     1>已完成在项目“obj_int_extract.vcxproj”中生成目标“BeforeLink”的操作。
     1>来自项目“E:\linphone-vc++\trunk\videos\vpx-vp8-debug-src-x86-win32mt-vs9-v1.1.0\build\obj_int_extract.vcxproj”的文件“D:\Program Files\MSBuild\Microsoft.Cpp\v4.0\Microsoft.CppBuild.targets”中的目标“ComputeRCOutputs”(目标“ComputeRCGeneratedLinkInputs”依赖于它):
     1>已完成在项目“obj_int_extract.vcxproj”中生成目标“ComputeRCOutputs”的操作。
     1>来自项目“E:\linphone-vc++\trunk\videos\vpx-vp8-debug-src-x86-win32mt-vs9-v1.1.0\build\obj_int_extract.vcxproj”的文件“D:\Program Files\MSBuild\Microsoft.Cpp\v4.0\Microsoft.CppBuild.targets”中的目标“ComputeRCGeneratedLinkInputs”(目标“_Link”依赖于它):
     1>已完成在项目“obj_int_extract.vcxproj”中生成目标“ComputeRCGeneratedLinkInputs”的操作。
     1>来自项目“E:\linphone-vc++\trunk\videos\vpx-vp8-debug-src-x86-win32mt-vs9-v1.1.0\build\obj_int_extract.vcxproj”的文件“D:\Program Files\MSBuild\Microsoft.Cpp\v4.0\Microsoft.CppBuild.targets”中的目标“ComputeManifestGeneratedLinkerInputs”(目标“_Link”依赖于它):
     1>已完成在项目“obj_int_extract.vcxproj”中生成目标“ComputeManifestGeneratedLinkerInputs”的操作。
     1>来自项目“E:\linphone-vc++\trunk\videos\vpx-vp8-debug-src-x86-win32mt-vs9-v1.1.0\build\obj_int_extract.vcxproj”的文件“D:\Program Files\MSBuild\Microsoft.Cpp\v4.0\Microsoft.CppBuild.targets”中的目标“ComputeCustomBuildOutput”(目标“_Link”依赖于它):
       任务“MakeDir”
       已完成执行任务“MakeDir”的操作。
     1>已完成在项目“obj_int_extract.vcxproj”中生成目标“ComputeCustomBuildOutput”的操作。
       已跳过目标“ComputeMIDLGeneratedCompileInputs”。以前的生成已成功。
       已跳过目标“ComputeCLInputPDBName”。以前的生成已成功。
       已跳过目标“ComputeReferenceCLInput”。以前的生成已成功。
     1>来自项目“E:\linphone-vc++\trunk\videos\vpx-vp8-debug-src-x86-win32mt-vs9-v1.1.0\build\obj_int_extract.vcxproj”的文件“D:\Program Files\MSBuild\Microsoft.Cpp\v4.0\Microsoft.CppBuild.targets”中的目标“ComputeCLOutputs”(目标“ComputeCLGeneratedLinkInputs”依赖于它):
     1>已完成在项目“obj_int_extract.vcxproj”中生成目标“ComputeCLOutputs”的操作。
     1>来自项目“E:\linphone-vc++\trunk\videos\vpx-vp8-debug-src-x86-win32mt-vs9-v1.1.0\build\obj_int_extract.vcxproj”的文件“D:\Program Files\MSBuild\Microsoft.Cpp\v4.0\Microsoft.CppBuild.targets”中的目标“ComputeCLGeneratedLinkInputs”(目标“_Link”依赖于它):
     1>已完成在项目“obj_int_extract.vcxproj”中生成目标“ComputeCLGeneratedLinkInputs”的操作。
     1>来自项目“E:\linphone-vc++\trunk\videos\vpx-vp8-debug-src-x86-win32mt-vs9-v1.1.0\build\obj_int_extract.vcxproj”的文件“D:\Program Files\MSBuild\Microsoft.Cpp\v4.0\Microsoft.CppBuild.targets”中的目标“ComputeLinkInputsFromProject”(目标“_Link”依赖于它):
     1>已完成在项目“obj_int_extract.vcxproj”中生成目标“ComputeLinkInputsFromProject”的操作。
       由于条件的计算结果为 false，已跳过目标“ComputeReferenceLinkInputs”；(@(ProjectReference) != '')的计算结果为( != '')。
     1>来自项目“E:\linphone-vc++\trunk\videos\vpx-vp8-debug-src-x86-win32mt-vs9-v1.1.0\build\obj_int_extract.vcxproj”的文件“D:\Program Files\MSBuild\Microsoft.Cpp\v4.0\Microsoft.CppBuild.targets”中的目标“ComputeManifestInputsTargets”(目标“_Link”依赖于它):
     1>已完成在项目“obj_int_extract.vcxproj”中生成目标“ComputeManifestInputsTargets”的操作。
       由于条件的计算结果为 false，已跳过目标“ManifestResourceCompile”；('$(EmbedManifestBy)' == 'LINK')的计算结果为('MT' == 'LINK')。
       由于条件的计算结果为 false，已跳过目标“AssignWinFXEmbeddedResource”；('@(WinFXEmbeddedResource)' != '')的计算结果为('' != '')。
     1>来自项目“E:\linphone-vc++\trunk\videos\vpx-vp8-debug-src-x86-win32mt-vs9-v1.1.0\build\obj_int_extract.vcxproj”的文件“D:\Windows\Microsoft.NET\Framework\v4.0.30319\Microsoft.Common.Targets”中的目标“AssignTargetPaths”(目标“PrepareResourceNames”依赖于它):
       正在使用程序集“Microsoft.Build.Tasks.v4.0, Version=4.0.0.0, Culture=neutral, PublicKeyToken=b03f5f7f11d50a3a”中的“AssignTargetPath”任务。
       任务“AssignTargetPath”
       已完成执行任务“AssignTargetPath”的操作。
       任务“AssignTargetPath”
       已完成执行任务“AssignTargetPath”的操作。
       任务“AssignTargetPath”
       已完成执行任务“AssignTargetPath”的操作。
       任务“AssignTargetPath”
       已完成执行任务“AssignTargetPath”的操作。
       由于 false 条件，已跳过任务“AssignTargetPath”；('@(_DeploymentBaseManifestWithTargetPath)'=='' and '%(None.Extension)'=='.manifest')计算为(''=='' and ''=='.manifest')。
     1>已完成在项目“obj_int_extract.vcxproj”中生成目标“AssignTargetPaths”的操作。
       已跳过目标“AssignTargetPaths”。以前的生成已成功。
     1>来自项目“E:\linphone-vc++\trunk\videos\vpx-vp8-debug-src-x86-win32mt-vs9-v1.1.0\build\obj_int_extract.vcxproj”的文件“D:\Windows\Microsoft.NET\Framework\v4.0.30319\Microsoft.Common.Targets”中的目标“SplitResourcesByCulture”(目标“PrepareResourceNames”依赖于它):
       由于 false 条件，已跳过任务“Warning”；('@(ResxWithNoCulture)'!='')计算为(''!='')。
       由于 false 条件，已跳过任务“Warning”；('@(ResxWithCulture)'!='')计算为(''!='')。
       由于 false 条件，已跳过任务“Warning”；('@(NonResxWithCulture)'!='')计算为(''!='')。
       由于 false 条件，已跳过任务“Warning”；('@(NonResxWithNoCulture)'!='')计算为(''!='')。
       正在使用程序集“Microsoft.Build.Tasks.v4.0, Version=4.0.0.0, Culture=neutral, PublicKeyToken=b03f5f7f11d50a3a”中的“AssignCulture”任务。
       任务“AssignCulture”
       已完成执行任务“AssignCulture”的操作。
     1>已完成在项目“obj_int_extract.vcxproj”中生成目标“SplitResourcesByCulture”的操作。
       由于条件的计算结果为 false，已跳过目标“CreateManifestResourceNames”；('@(EmbeddedResource)' != '')的计算结果为('' != '')。
     1>来自项目“E:\linphone-vc++\trunk\videos\vpx-vp8-debug-src-x86-win32mt-vs9-v1.1.0\build\obj_int_extract.vcxproj”的文件“D:\Windows\Microsoft.NET\Framework\v4.0.30319\Microsoft.Common.Targets”中的目标“CreateCustomManifestResourceNames”(目标“PrepareResourceNames”依赖于它):
     1>已完成在项目“obj_int_extract.vcxproj”中生成目标“CreateCustomManifestResourceNames”的操作。
     1>来自项目“E:\linphone-vc++\trunk\videos\vpx-vp8-debug-src-x86-win32mt-vs9-v1.1.0\build\obj_int_extract.vcxproj”的文件“D:\Windows\Microsoft.NET\Framework\v4.0.30319\Microsoft.Common.Targets”中的目标“PrepareResourceNames”(目标“_Link”依赖于它):
     1>已完成在项目“obj_int_extract.vcxproj”中生成目标“PrepareResourceNames”的操作。
     1>来自项目“E:\linphone-vc++\trunk\videos\vpx-vp8-debug-src-x86-win32mt-vs9-v1.1.0\build\obj_int_extract.vcxproj”的文件“D:\Program Files\MSBuild\Microsoft.Cpp\v4.0\Microsoft.CppBuild.targets”中的目标“MakeDirsForLink”(目标“_Link”依赖于它):
       任务“MakeDir”
       已完成执行任务“MakeDir”的操作。
     1>已完成在项目“obj_int_extract.vcxproj”中生成目标“MakeDirsForLink”的操作。
     1>来自项目“E:\linphone-vc++\trunk\videos\vpx-vp8-debug-src-x86-win32mt-vs9-v1.1.0\build\obj_int_extract.vcxproj”的文件“D:\Program Files\MSBuild\Microsoft.Cpp\v4.0\Microsoft.CppBuild.targets”中的目标“DoLinkOutputFilesMatch”(目标“_Link”依赖于它):
       正在使用程序集“Microsoft.Build.CppTasks.Common, Version=4.0.0.0, Culture=neutral, PublicKeyToken=b03f5f7f11d50a3a”中的“VCMessage”任务。
       任务“VCMessage”
     1>D:\Program Files\MSBuild\Microsoft.Cpp\v4.0\Microsoft.CppBuild.targets(990,5): warning MSB8012: TargetPath(E:\linphone-vc++\trunk\videos\vpx-vp8-debug-src-x86-win32mt-vs9-v1.1.0\build\Win32\Debug\obj_int_extract.exe) 与 Linker 的 OutputFile 属性值(E:\linphone-vc++\trunk\videos\vpx-vp8-debug-src-x86-win32mt-vs9-v1.1.0\build\obj_int_extract.exe)不匹配。这可能导致项目生成不正确。若要更正此问题，请确保 $(OutDir)、$(TargetName) 和 $(TargetExt) 属性值与 %(Link.OutputFile) 中指定的值匹配。
       已完成执行任务“VCMessage”的操作。
       由于 false 条件，已跳过任务“VCMessage”；('%(_OutputFileFromLink.Extension)' != '$(TargetExt)')计算为('.exe' != '.exe')。
       由于 false 条件，已跳过任务“VCMessage”；('%(_OutputFileFromLink.Filename)' != '$(TargetName)')计算为('obj_int_extract' != 'obj_int_extract')。
     1>已完成在项目“obj_int_extract.vcxproj”中生成目标“DoLinkOutputFilesMatch”的操作。
     1>来自项目“E:\linphone-vc++\trunk\videos\vpx-vp8-debug-src-x86-win32mt-vs9-v1.1.0\build\obj_int_extract.vcxproj”的文件“D:\Program Files\MSBuild\Microsoft.Cpp\v4.0\Microsoft.CppCommon.targets”中的目标“PreLinkEvent”(目标“_Link”依赖于它):
       由于 false 条件，已跳过任务“Message”；('%(PreLinkEvent.Message)' != '' and '%(PreLinkEvent.Command)' != '')计算为('' != '' and '' != '')。
       由于 false 条件，已跳过任务“Exec”；('%(PreLinkEvent.Command)' != '')计算为('' != '')。
     1>已完成在项目“obj_int_extract.vcxproj”中生成目标“PreLinkEvent”的操作。
     1>来自项目“E:\linphone-vc++\trunk\videos\vpx-vp8-debug-src-x86-win32mt-vs9-v1.1.0\build\obj_int_extract.vcxproj”的文件“D:\Program Files\MSBuild\Microsoft.Cpp\v4.0\Platforms\Win32\Microsoft.Cpp.Win32.Targets”中的目标“Link”(目标“_Link”依赖于它):
       正在使用程序集“Microsoft.Build.CppTasks.Win32, Version=4.0.0.0, Culture=neutral, PublicKeyToken=b03f5f7f11d50a3a”中的“Link”任务。
       任务“Link”
         传递给工具的环境变量为:
           VS_UNICODE_OUTPUT=892
         D:\Program Files\Microsoft Visual Studio 10.0\VC\bin\link.exe /ERRORREPORT:PROMPT /OUT:"obj_int_extract.exe" /NOLOGO kernel32.lib user32.lib gdi32.lib winspool.lib comdlg32.lib advapi32.lib shell32.lib ole32.lib oleaut32.lib uuid.lib odbc32.lib odbccp32.lib /MANIFEST /ManifestFile:"Win32\Debug\obj_int_extract\obj_int_extract.exe.intermediate.manifest" /MANIFESTUAC:"level='asInvoker' uiAccess='false'" /DEBUG /PDB:"E:\linphone-vc++\trunk\videos\vpx-vp8-debug-src-x86-win32mt-vs9-v1.1.0\build\Win32\Debug\obj_int_extract.pdb" /TLBID:1 /DYNAMICBASE /NXCOMPAT /IMPLIB:"E:\linphone-vc++\trunk\videos\vpx-vp8-debug-src-x86-win32mt-vs9-v1.1.0\build\Win32\Debug\obj_int_extract.lib" /MACHINE:X86 Win32\Debug\obj_int_extract\obj_int_extract.obj
         跟踪命令:
         D:\Program Files\Microsoft SDKs\Windows\v7.0A\bin\NETFX 4.0 Tools\Tracker.exe /a /d D:\Windows\Microsoft.NET\Framework\v4.0.30319\FileTracker.dll /i E:\linphone-vc++\trunk\videos\vpx-vp8-debug-src-x86-win32mt-vs9-v1.1.0\build\Win32\Debug\obj_int_extract /r E:\LINPHONE-VC++\TRUNK\VIDEOS\VPX-VP8-DEBUG-SRC-X86-WIN32MT-VS9-V1.1.0\BUILD\WIN32\DEBUG\OBJ_INT_EXTRACT\OBJ_INT_EXTRACT.OBJ /b MSBuildConsole_CancelEventbf614d1f986b43ccb6785ef8cc4d2657  /c "D:\Program Files\Microsoft Visual Studio 10.0\VC\bin\link.exe"  /ERRORREPORT:PROMPT /OUT:"obj_int_extract.exe" /NOLOGO kernel32.lib user32.lib gdi32.lib winspool.lib comdlg32.lib advapi32.lib shell32.lib ole32.lib oleaut32.lib uuid.lib odbc32.lib odbccp32.lib /MANIFEST /ManifestFile:"Win32\Debug\obj_int_extract\obj_int_extract.exe.intermediate.manifest" /MANIFESTUAC:"level='asInvoker' uiAccess='false'" /DEBUG /PDB:"E:\linphone-vc++\trunk\videos\vpx-vp8-debug-src-x86-win32mt-vs9-v1.1.0\build\Win32\Debug\obj_int_extract.pdb" /TLBID:1 /DYNAMICBASE /NXCOMPAT /IMPLIB:"E:\linphone-vc++\trunk\videos\vpx-vp8-debug-src-x86-win32mt-vs9-v1.1.0\build\Win32\Debug\obj_int_extract.lib" /MACHINE:X86 Win32\Debug\obj_int_extract\obj_int_extract.obj
       已完成执行任务“Link”的操作。
       任务“Message”
         obj_int_extract.vcxproj -> E:\linphone-vc++\trunk\videos\vpx-vp8-debug-src-x86-win32mt-vs9-v1.1.0\build\Win32\Debug\obj_int_extract.exe
       已完成执行任务“Message”的操作。
     1>已完成在项目“obj_int_extract.vcxproj”中生成目标“Link”的操作。
     1>来自项目“E:\linphone-vc++\trunk\videos\vpx-vp8-debug-src-x86-win32mt-vs9-v1.1.0\build\obj_int_extract.vcxproj”的文件“D:\Program Files\MSBuild\Microsoft.Cpp\v4.0\Microsoft.CppBuild.targets”中的目标“_DetermineManagedStateForLink”(目标“_Link”依赖于它):
     1>已完成在项目“obj_int_extract.vcxproj”中生成目标“_DetermineManagedStateForLink”的操作。
       由于条件的计算结果为 false，已跳过目标“MetaGenInputsOutputs”；('$(EnableManagedIncrementalBuild)' == 'True')的计算结果为('false' == 'True')。
       由于条件的计算结果为 false，已跳过目标“ComputeMetaGenInputs”；('$(CLRSupport)'!='' and '$(CLRSupport)'!='false')的计算结果为('false'!='' and 'false'!='false')。
       由于条件的计算结果为 false，已跳过目标“MetaGen”；('@(MetaGen)' != '')的计算结果为('' != '')。
     1>来自项目“E:\linphone-vc++\trunk\videos\vpx-vp8-debug-src-x86-win32mt-vs9-v1.1.0\build\obj_int_extract.vcxproj”的文件“D:\Program Files\MSBuild\Microsoft.Cpp\v4.0\Microsoft.CppBuild.targets”中的目标“ComputeLinkImportLibraryOutputsForClean”(目标“_Link”依赖于它):
       由于 false 条件，已跳过任务“WriteLinesToFile”；('@(_LinkImportLibrary)' != '')计算为('' != '')。
     1>已完成在项目“obj_int_extract.vcxproj”中生成目标“ComputeLinkImportLibraryOutputsForClean”的操作。
     1>来自项目“E:\linphone-vc++\trunk\videos\vpx-vp8-debug-src-x86-win32mt-vs9-v1.1.0\build\obj_int_extract.vcxproj”的文件“D:\Program Files\MSBuild\Microsoft.Cpp\v4.0\Microsoft.CppBuild.targets”中的目标“AfterLink”(目标“_Link”依赖于它):
     1>已完成在项目“obj_int_extract.vcxproj”中生成目标“AfterLink”的操作。
     1>来自项目“E:\linphone-vc++\trunk\videos\vpx-vp8-debug-src-x86-win32mt-vs9-v1.1.0\build\obj_int_extract.vcxproj”的文件“D:\Program Files\MSBuild\Microsoft.Cpp\v4.0\Microsoft.CppBuild.targets”中的目标“_Link”(目标“BuildLink”依赖于它):
     1>已完成在项目“obj_int_extract.vcxproj”中生成目标“_Link”的操作。
     1>来自项目“E:\linphone-vc++\trunk\videos\vpx-vp8-debug-src-x86-win32mt-vs9-v1.1.0\build\obj_int_extract.vcxproj”的文件“D:\Program Files\MSBuild\Microsoft.Cpp\v4.0\Microsoft.CppBuild.targets”中的目标“_ALink”(目标“BuildLink”依赖于它):
     1>已完成在项目“obj_int_extract.vcxproj”中生成目标“_ALink”的操作。
       已跳过目标“ComputeManifestInputsTargets”。以前的生成已成功。
     1>来自项目“E:\linphone-vc++\trunk\videos\vpx-vp8-debug-src-x86-win32mt-vs9-v1.1.0\build\obj_int_extract.vcxproj”的文件“D:\Program Files\MSBuild\Microsoft.Cpp\v4.0\Microsoft.CppCommon.targets”中的目标“MakeDirsForManifest”(目标“Manifest”依赖于它):
       任务“MakeDir”
       已完成执行任务“MakeDir”的操作。
     1>已完成在项目“obj_int_extract.vcxproj”中生成目标“MakeDirsForManifest”的操作。
     1>来自项目“E:\linphone-vc++\trunk\videos\vpx-vp8-debug-src-x86-win32mt-vs9-v1.1.0\build\obj_int_extract.vcxproj”的文件“D:\Program Files\MSBuild\Microsoft.Cpp\v4.0\Microsoft.CppCommon.targets”中的目标“Manifest”(目标“_Manifest”依赖于它):
       由于 false 条件，已跳过任务“Delete”；(('$(BuildType)' != 'Build' or '$(ForceRebuild)' == 'true') and '$(EmbedManifestby)'=='LINK')计算为(('Build' != 'Build' or '' == 'true') and 'MT'=='LINK')。
       正在使用程序集“Microsoft.Build.CppTasks.Common, Version=4.0.0.0, Culture=neutral, PublicKeyToken=b03f5f7f11d50a3a”中的“Mt”任务。
       任务“Mt”
         D:\Program Files\Microsoft SDKs\Windows\v7.0A\bin\mt.exe /nologo /verbose /outputresource:"obj_int_extract.exe;#1" /manifest Win32\Debug\obj_int_extract\obj_int_extract.exe.intermediate.manifest
         跟踪命令:
         D:\Program Files\Microsoft SDKs\Windows\v7.0A\bin\NETFX 4.0 Tools\Tracker.exe /d D:\Windows\Microsoft.NET\Framework\v4.0.30319\FileTracker.dll /i E:\linphone-vc++\trunk\videos\vpx-vp8-debug-src-x86-win32mt-vs9-v1.1.0\build\Win32\Debug\obj_int_extract /r E:\LINPHONE-VC++\TRUNK\VIDEOS\VPX-VP8-DEBUG-SRC-X86-WIN32MT-VS9-V1.1.0\BUILD\WIN32\DEBUG\OBJ_INT_EXTRACT\OBJ_INT_EXTRACT.EXE.INTERMEDIATE.MANIFEST /b MSBuildConsole_CancelEventfa2b515924e44aa1b2efe5cbde5ca467  /c "D:\Program Files\Microsoft SDKs\Windows\v7.0A\bin\mt.exe"  /nologo /verbose /outputresource:"obj_int_extract.exe;#1" /manifest Win32\Debug\obj_int_extract\obj_int_extract.exe.intermediate.manifest
       已完成执行任务“Mt”的操作。
       由于 false 条件，已跳过任务“RC”；('$(EmbedManifestby)'=='LINK')计算为('MT'=='LINK')。
     1>已完成在项目“obj_int_extract.vcxproj”中生成目标“Manifest”的操作。
       已跳过目标“ComputeManifestGeneratedLinkerInputs”。以前的生成已成功。
     1>来自项目“E:\linphone-vc++\trunk\videos\vpx-vp8-debug-src-x86-win32mt-vs9-v1.1.0\build\obj_int_extract.vcxproj”的文件“D:\Program Files\MSBuild\Microsoft.Cpp\v4.0\Microsoft.CppBuild.targets”中的目标“_Manifest”(目标“BuildLink”依赖于它):
     1>已完成在项目“obj_int_extract.vcxproj”中生成目标“_Manifest”的操作。
     1>来自项目“E:\linphone-vc++\trunk\videos\vpx-vp8-debug-src-x86-win32mt-vs9-v1.1.0\build\obj_int_extract.vcxproj”的文件“D:\Program Files\MSBuild\Microsoft.Cpp\v4.0\Microsoft.CppCommon.targets”中的目标“RegisterOutput”(目标“BuildLink”依赖于它):
       由于 false 条件，已跳过任务“Exec”；('$(ConfigurationType)'=='DynamicLibrary' and '%(Link.RegisterOutput)'=='true' and '%(Link.PerUserRedirection)'!='true')计算为('Application'=='DynamicLibrary' and 'false'=='true' and 'false'!='true')。
       由于 false 条件，已跳过任务“Exec”；('$(ConfigurationType)'=='DynamicLibrary' and '%(Link.RegisterOutput)'=='true' and '%(Link.PerUserRedirection)'=='true')计算为('Application'=='DynamicLibrary' and 'false'=='true' and 'false'=='true')。
       由于 false 条件，已跳过任务“Exec”；('$(ConfigurationType)'=='Application' and '%(Link.RegisterOutput)'=='true' and '%(Link.PerUserRedirection)'!='true')计算为('Application'=='Application' and 'false'=='true' and 'false'!='true')。
       由于 false 条件，已跳过任务“Exec”；('$(ConfigurationType)'=='Application' and '%(Link.RegisterOutput)'=='true' and '%(Link.PerUserRedirection)'=='true')计算为('Application'=='Application' and 'false'=='true' and 'false'=='true')。
       由于 false 条件，已跳过任务“VCMessage”；('$(_RegisterOutputExitCode)' != '' and '$(_RegisterOutputExitCode)' != '0')计算为('' != '' and '' != '0')。
     1>已完成在项目“obj_int_extract.vcxproj”中生成目标“RegisterOutput”的操作。
     1>来自项目“E:\linphone-vc++\trunk\videos\vpx-vp8-debug-src-x86-win32mt-vs9-v1.1.0\build\obj_int_extract.vcxproj”的文件“D:\Program Files\MSBuild\Microsoft.Cpp\v4.0\Microsoft.CppBuild.targets”中的目标“ComputeCLCompileGeneratedXDCFiles”(目标“_XdcMake”依赖于它):
     1>已完成在项目“obj_int_extract.vcxproj”中生成目标“ComputeCLCompileGeneratedXDCFiles”的操作。
       已跳过目标“SetBuildDefaultEnvironmentVariables”。以前的生成已成功。
       由于条件的计算结果为 false，已跳过目标“SetUserMacroEnvironmentVariables”；('@(BuildMacro)' != '')的计算结果为('' != '')。
       已跳过目标“PrepareForBuild”。以前的生成已成功。
       已跳过目标“ResolveReferences”。以前的生成已成功。
     1>来自项目“E:\linphone-vc++\trunk\videos\vpx-vp8-debug-src-x86-win32mt-vs9-v1.1.0\build\obj_int_extract.vcxproj”的文件“D:\Program Files\MSBuild\Microsoft.Cpp\v4.0\Microsoft.CppBuild.targets”中的目标“ResolvedXDCMake”(目标“_XdcMake”依赖于它):
       由于 false 条件，已跳过任务“MSBuild”；('%(_MSBuildProjectReferenceExistent.Extension)' == '.vcxproj' and '@(ProjectReferenceWithConfiguration)' != '' and '@(_MSBuildProjectReferenceExistent)' != '' and '$(_ClCompileGenerateXMLDocumentationFiles)' == 'true')计算为('' == '.vcxproj' and '' != '' and '' != '' and '' == 'true')。
     1>已完成在项目“obj_int_extract.vcxproj”中生成目标“ResolvedXDCMake”的操作。
     1>来自项目“E:\linphone-vc++\trunk\videos\vpx-vp8-debug-src-x86-win32mt-vs9-v1.1.0\build\obj_int_extract.vcxproj”的文件“D:\Program Files\MSBuild\Microsoft.Cpp\v4.0\Microsoft.CppBuild.targets”中的目标“MakeDirsForXdcMake”(目标“_XdcMake”依赖于它):
       任务“MakeDir”
       已完成执行任务“MakeDir”的操作。
     1>已完成在项目“obj_int_extract.vcxproj”中生成目标“MakeDirsForXdcMake”的操作。
       由于条件的计算结果为 false，已跳过目标“XdcMake”；('@(XdcMake)' != '')的计算结果为('' != '')。
     1>来自项目“E:\linphone-vc++\trunk\videos\vpx-vp8-debug-src-x86-win32mt-vs9-v1.1.0\build\obj_int_extract.vcxproj”的文件“D:\Program Files\MSBuild\Microsoft.Cpp\v4.0\Microsoft.CppBuild.targets”中的目标“_XdcMake”(目标“BuildLink”依赖于它):
     1>已完成在项目“obj_int_extract.vcxproj”中生成目标“_XdcMake”的操作。
     1>来自项目“E:\linphone-vc++\trunk\videos\vpx-vp8-debug-src-x86-win32mt-vs9-v1.1.0\build\obj_int_extract.vcxproj”的文件“D:\Program Files\MSBuild\Microsoft.Cpp\v4.0\Microsoft.CppBuild.targets”中的目标“ComputeCLCompileGeneratedSbrFiles”(目标“_BscMake”依赖于它):
     1>已完成在项目“obj_int_extract.vcxproj”中生成目标“ComputeCLCompileGeneratedSbrFiles”的操作。
     1>来自项目“E:\linphone-vc++\trunk\videos\vpx-vp8-debug-src-x86-win32mt-vs9-v1.1.0\build\obj_int_extract.vcxproj”的文件“D:\Program Files\MSBuild\Microsoft.Cpp\v4.0\Microsoft.CppBuild.targets”中的目标“MakeDirsForBscMake”(目标“_BscMake”依赖于它):
       任务“MakeDir”
       已完成执行任务“MakeDir”的操作。
     1>已完成在项目“obj_int_extract.vcxproj”中生成目标“MakeDirsForBscMake”的操作。
       由于条件的计算结果为 false，已跳过目标“BscMake”；('@(BscMake)' != '')的计算结果为('' != '')。
       由于条件的计算结果为 false，已跳过目标“CustomBuildStep”；('@(CustomBuildStep)' != '' and '$(SelectedFiles)'=='')的计算结果为('' != '' and ''=='')。
     1>来自项目“E:\linphone-vc++\trunk\videos\vpx-vp8-debug-src-x86-win32mt-vs9-v1.1.0\build\obj_int_extract.vcxproj”的文件“D:\Program Files\MSBuild\Microsoft.Cpp\v4.0\Microsoft.CppBuild.targets”中的目标“_BscMake”(目标“BuildLink”依赖于它):
     1>已完成在项目“obj_int_extract.vcxproj”中生成目标“_BscMake”的操作。
       由于条件的计算结果为 false，已跳过目标“RunCodeAnalysis”；('$(RunCodeAnalysis)'=='true' or '$(RunCodeAnalysisOnce)'=='true')的计算结果为(''=='true' or ''=='true')。
     1>来自项目“E:\linphone-vc++\trunk\videos\vpx-vp8-debug-src-x86-win32mt-vs9-v1.1.0\build\obj_int_extract.vcxproj”的文件“D:\Windows\Microsoft.NET\Framework\v4.0.30319\Microsoft.Common.Targets”中的目标“_GenerateSatelliteAssemblyInputs”(目标“CreateSatelliteAssemblies”依赖于它):
       由于 false 条件，已跳过任务“Warning”；('@(ManifestResourceWithCulture)'!='' and '%(ManifestResourceWithCulture.EmittedForCompatibilityOnly)'=='')计算为(''!='' and ''=='')。
       由于 false 条件，已跳过任务“Warning”；('@(ManifestNonResxWithCultureOnDisk)'!='' and '%(ManifestNonResxWithCultureOnDisk.EmittedForCompatibilityOnly)'=='')计算为(''!='' and ''=='')。
     1>已完成在项目“obj_int_extract.vcxproj”中生成目标“_GenerateSatelliteAssemblyInputs”的操作。
       由于条件的计算结果为 false，已跳过目标“ComputeIntermediateSatelliteAssemblies”；(@(ReferenceSatellitePaths->'%(DestinationSubDirectory)') != '')的计算结果为( != '')。
       由于条件的计算结果为 false，已跳过目标“GenerateSatelliteAssemblies”；('@(_SatelliteAssemblyResourceInputs)' != '')的计算结果为('' != '')。
     1>来自项目“E:\linphone-vc++\trunk\videos\vpx-vp8-debug-src-x86-win32mt-vs9-v1.1.0\build\obj_int_extract.vcxproj”的文件“D:\Windows\Microsoft.NET\Framework\v4.0.30319\Microsoft.Common.Targets”中的目标“CreateSatelliteAssemblies”(目标“BuildLink”依赖于它):
     1>已完成在项目“obj_int_extract.vcxproj”中生成目标“CreateSatelliteAssemblies”的操作。
     1>来自项目“E:\linphone-vc++\trunk\videos\vpx-vp8-debug-src-x86-win32mt-vs9-v1.1.0\build\obj_int_extract.vcxproj”的文件“D:\Program Files\MSBuild\Microsoft.Cpp\v4.0\Microsoft.CppBuild.targets”中的目标“_Appverifier”(目标“BuildLink”依赖于它):
     1>已完成在项目“obj_int_extract.vcxproj”中生成目标“_Appverifier”的操作。
     1>来自项目“E:\linphone-vc++\trunk\videos\vpx-vp8-debug-src-x86-win32mt-vs9-v1.1.0\build\obj_int_extract.vcxproj”的文件“D:\Program Files\MSBuild\Microsoft.Cpp\v4.0\Microsoft.CppBuild.targets”中的目标“_Deploy”(目标“BuildLink”依赖于它):
     1>已完成在项目“obj_int_extract.vcxproj”中生成目标“_Deploy”的操作。
       由于条件的计算结果为 false，已跳过目标“ComputeIntermediateSatelliteAssemblies”；(@(ReferenceSatellitePaths->'%(DestinationSubDirectory)') != '')的计算结果为( != '')。
       由于条件的计算结果为 false，已跳过目标“_CopyFilesMarkedCopyLocal”；('@(ReferenceCopyLocalPaths)' != '')的计算结果为('' != '')。
       已跳过目标“AssignTargetPaths”。以前的生成已成功。
       已跳过目标“_SplitProjectReferencesByFileExistence”。以前的生成已成功。
     1>来自项目“E:\linphone-vc++\trunk\videos\vpx-vp8-debug-src-x86-win32mt-vs9-v1.1.0\build\obj_int_extract.vcxproj”的文件“D:\Windows\Microsoft.NET\Framework\v4.0.30319\Microsoft.Common.Targets”中的目标“GetCopyToOutputDirectoryItems”(目标“_CopySourceItemsToOutputDirectory”依赖于它):
       由于 false 条件，已跳过任务“MSBuild”；('@(_MSBuildProjectReferenceExistent)' != '' and '$(_GetChildProjectCopyToOutputDirectoryItems)' == 'true' and '%(_MSBuildProjectReferenceExistent.Private)' != 'false' and '$(UseCommonOutputDirectory)' != 'true')计算为('' != '' and 'true' == 'true' and '' != 'false' and 'false' != 'true')。
       任务“AssignTargetPath”
       已完成执行任务“AssignTargetPath”的操作。
     1>已完成在项目“obj_int_extract.vcxproj”中生成目标“GetCopyToOutputDirectoryItems”的操作。
       由于条件的计算结果为 false，已跳过目标“_CopyOutOfDateSourceItemsToOutputDirectory”；( '@(_SourceItemsToCopyToOutputDirectory)' != '' )的计算结果为( '' != '' )。
       由于条件的计算结果为 false，已跳过目标“_CopyOutOfDateSourceItemsToOutputDirectoryAlways”；( '@(_SourceItemsToCopyToOutputDirectoryAlways)' != '' )的计算结果为( '' != '' )。
     1>来自项目“E:\linphone-vc++\trunk\videos\vpx-vp8-debug-src-x86-win32mt-vs9-v1.1.0\build\obj_int_extract.vcxproj”的文件“D:\Windows\Microsoft.NET\Framework\v4.0.30319\Microsoft.Common.Targets”中的目标“_CopySourceItemsToOutputDirectory”(目标“CopyFilesToOutputDirectory”依赖于它):
     1>已完成在项目“obj_int_extract.vcxproj”中生成目标“_CopySourceItemsToOutputDirectory”的操作。
       由于条件的计算结果为 false，已跳过目标“_CopyAppConfigFile”；( '@(AppConfigWithTargetPath)' != '' )的计算结果为( '' != '' )。
       由于条件的计算结果为 false，已跳过目标“_CopyManifestFiles”；( '$(_DeploymentCopyApplicationManifest)'=='true' or '$(GenerateClickOnceManifests)'=='true' )的计算结果为( ''=='true' or ''=='true' )。
     1>来自项目“E:\linphone-vc++\trunk\videos\vpx-vp8-debug-src-x86-win32mt-vs9-v1.1.0\build\obj_int_extract.vcxproj”的文件“D:\Windows\Microsoft.NET\Framework\v4.0.30319\Microsoft.Common.Targets”中的目标“_CheckForCompileOutputs”(目标“CopyFilesToOutputDirectory”依赖于它):
     1>已完成在项目“obj_int_extract.vcxproj”中生成目标“_CheckForCompileOutputs”的操作。
       由于条件的计算结果为 false，已跳过目标“_SGenCheckForOutputs”；('$(_SGenGenerateSerializationAssembliesConfig)' == 'On' or ('@(WebReferenceUrl)'!='' and '$(_SGenGenerateSerializationAssembliesConfig)' == 'Auto'))的计算结果为('Off' == 'On' or (''!='' and 'Off' == 'Auto'))。
     1>来自项目“E:\linphone-vc++\trunk\videos\vpx-vp8-debug-src-x86-win32mt-vs9-v1.1.0\build\obj_int_extract.vcxproj”的文件“D:\Windows\Microsoft.NET\Framework\v4.0.30319\Microsoft.Common.Targets”中的目标“CopyFilesToOutputDirectory”(目标“BuildLink”依赖于它):
       由于 false 条件，已跳过任务“Copy”；('$(CopyBuildOutputToOutputDirectory)' == 'true' and '$(SkipCopyBuildProduct)' != 'true')计算为('true' == 'true' and 'true' != 'true')。
       由于 false 条件，已跳过任务“Message”；('$(SkipCopyBuildProduct)'!='true')计算为('true'!='true')。
       由于 false 条件，已跳过任务“Copy”；('@(AddModules)' != '')计算为('' != '')。
       由于 false 条件，已跳过任务“Copy”；('$(_SGenDllCreated)'=='true')计算为('false'=='true')。
       由于 false 条件，已跳过任务“Copy”；('$(_DebugSymbolsProduced)'=='true' and '$(SkipCopyingSymbolsToOutputDirectory)' != 'true' and '$(CopyOutputSymbolsToOutputDirectory)'=='true')计算为('false'=='true' and '' != 'true' and 'true'=='true')。
       由于 false 条件，已跳过任务“Copy”；('$(_DocumentationFileProduced)'=='true')计算为('false'=='true')。
       由于 false 条件，已跳过任务“Copy”；('@(IntermediateSatelliteAssembliesWithTargetPath)' != '')计算为('' != '')。
       由于 false 条件，已跳过任务“Copy”；('@(ReferenceComWrappersToCopyLocal)' != '' or '@(ResolvedIsolatedComModules)' != '' or '@(_DeploymentLooseManifestFile)' != '' or '@(NativeReferenceFile)' != '' )计算为('' != '' or '' != '' or '' != '' or '' != '' )。
     1>已完成在项目“obj_int_extract.vcxproj”中生成目标“CopyFilesToOutputDirectory”的操作。
       由于条件的计算结果为 false，已跳过目标“CustomBuildStep”；('@(CustomBuildStep)' != '' and '$(SelectedFiles)'=='')的计算结果为('' != '' and ''=='')。
     1>来自项目“E:\linphone-vc++\trunk\videos\vpx-vp8-debug-src-x86-win32mt-vs9-v1.1.0\build\obj_int_extract.vcxproj”的文件“D:\Program Files\MSBuild\Microsoft.Cpp\v4.0\Microsoft.CppCommon.targets”中的目标“PostBuildEvent”(目标“BuildLink”依赖于它):
       由于 false 条件，已跳过任务“Message”；('%(PostBuildEvent.Message)' != '' and '%(PostBuildEvent.Command)' != '')计算为('' != '' and '' != '')。
       由于 false 条件，已跳过任务“Exec”；('%(PostBuildEvent.Command)' != '')计算为('' != '')。
     1>已完成在项目“obj_int_extract.vcxproj”中生成目标“PostBuildEvent”的操作。
     1>来自项目“E:\linphone-vc++\trunk\videos\vpx-vp8-debug-src-x86-win32mt-vs9-v1.1.0\build\obj_int_extract.vcxproj”的文件“D:\Windows\Microsoft.NET\Framework\v4.0.30319\Microsoft.Common.Targets”中的目标“BuildLink”(目标“Build”依赖于它):
     1>已完成在项目“obj_int_extract.vcxproj”中生成目标“BuildLink”的操作。
     1>来自项目“E:\linphone-vc++\trunk\videos\vpx-vp8-debug-src-x86-win32mt-vs9-v1.1.0\build\obj_int_extract.vcxproj”的文件“D:\Program Files\MSBuild\Microsoft.Cpp\v4.0\Microsoft.BuildSteps.Targets”中的目标“AfterBuild”(目标“Build”依赖于它):
     1>已完成在项目“obj_int_extract.vcxproj”中生成目标“AfterBuild”的操作。
     1>来自项目“E:\linphone-vc++\trunk\videos\vpx-vp8-debug-src-x86-win32mt-vs9-v1.1.0\build\obj_int_extract.vcxproj”的文件“D:\Program Files\MSBuild\Microsoft.Cpp\v4.0\Microsoft.CppBuild.targets”中的目标“FinalizeBuildStatus”(目标“Build”依赖于它):
       正在使用程序集“Microsoft.Build.Tasks.v4.0, Version=4.0.0.0, Culture=neutral, PublicKeyToken=b03f5f7f11d50a3a”中的“Delete”任务。
       任务“Delete”
         正在删除文件“Win32\Debug\obj_int_extract\obj_int_extract.unsuccessfulbuild”。
       已完成执行任务“Delete”的操作。
       任务“Touch”
         正在对“Win32\Debug\obj_int_extract\obj_int_extract.lastbuildstate”执行 Touch 任务。
       已完成执行任务“Touch”的操作。
     1>已完成在项目“obj_int_extract.vcxproj”中生成目标“FinalizeBuildStatus”的操作。
     1>来自项目“E:\linphone-vc++\trunk\videos\vpx-vp8-debug-src-x86-win32mt-vs9-v1.1.0\build\obj_int_extract.vcxproj”的文件“D:\Program Files\MSBuild\Microsoft.Cpp\v4.0\Microsoft.BuildSteps.Targets”中的目标“Build”(入口点):
     1>已完成在项目“obj_int_extract.vcxproj”中生成目标“Build”的操作。
     1>已完成生成项目“E:\linphone-vc++\trunk\videos\vpx-vp8-debug-src-x86-win32mt-vs9-v1.1.0\build\obj_int_extract.vcxproj”(build 个目标)的操作。

生成成功。

已用时间 00:00:10.37
